#
# A fatal error has been detected by the Java Runtime Environment:
#
#  SIGSEGV (0xb) at pc=0x0000000140c2cb0e, pid=74536, tid=102483
#
# JRE version: OpenJDK Runtime Environment (16.0.1+9) (build 16.0.1+9-24)
# Java VM: OpenJDK 64-Bit Server VM (16.0.1+9-24, mixed mode, sharing, tiered, compressed oops, compressed class ptrs, g1 gc, bsd-amd64)
# Problematic frame:
# C  [libtesseract.3.dylib+0x2cb0e]  tesseract::Tesseract::fix_fuzzy_spaces(ETEXT_DESC*, int, PAGE_RES*)+0x6be
#
# No core dump will be written. Core dumps have been disabled. To enable core dumping, try "ulimit -c unlimited" before starting Java again
#
# If you would like to submit a bug report, please visit:
#   https://bugreport.java.com/bugreport/crash.jsp
# The crash happened outside the Java Virtual Machine in native code.
# See problematic frame for where to report the bug.
#

---------------  S U M M A R Y ------------

Command Line: -javaagent:/Applications/IntelliJ IDEA CE.app/Contents/lib/idea_rt.jar=55146:/Applications/IntelliJ IDEA CE.app/Contents/bin -Dfile.encoding=UTF-8 screencapture.controllers.MainController

Host: MacBookAir10,1 x86_64 2400 MHz, 8 cores, 16G, Darwin 20.5.0, macOS 10.16 (20F71)
Time: Wed Sep 22 14:30:51 2021 AEST elapsed time: 3.195610 seconds (0d 0h 0m 3s)

---------------  T H R E A D  ---------------

Current thread (0x00007f8ebb13d800):  JavaThread "Thread-10" [_thread_in_native, id=102483, stack(0x00000003107e0000,0x00000003108e0000)]

Stack: [0x00000003107e0000,0x00000003108e0000],  sp=0x00000003108df5e0,  free space=1021k
Native frames: (J=compiled Java code, A=aot compiled Java code, j=interpreted, Vv=VM code, C=native code)
C  [libtesseract.3.dylib+0x2cb0e]  tesseract::Tesseract::fix_fuzzy_spaces(ETEXT_DESC*, int, PAGE_RES*)+0x6be
C  [libtesseract.3.dylib+0x168a6]  tesseract::Tesseract::recog_all_words(PAGE_RES*, ETEXT_DESC*, TBOX const*, char const*, int)+0x4f6
C  [libtesseract.3.dylib+0x316e]  tesseract::TessBaseAPI::Recognize(ETEXT_DESC*)+0x2ee
C  [libtesseract.3.dylib+0x1b33]  tesseract::TessBaseAPI::GetUTF8Text()+0x33
C  [libjnitesseract.dylib+0x12bcb]  Java_org_bytedeco_javacpp_tesseract_00024TessBaseAPI_GetUTF8Text+0x5b
j  org.bytedeco.javacpp.tesseract$TessBaseAPI.GetUTF8Text()Lorg/bytedeco/javacpp/BytePointer;+0
j  screencapture.models.AnalyzerText.analyse(Lorg/bytedeco/javacpp/opencv_core$IplImage;)V+210
j  screencapture.models.AnalyzerText$1OneShotTask.run()V+8
j  java.lang.Thread.run()V+11 java.base@16.0.1
v  ~StubRoutines::call_stub
V  [libjvm.dylib+0x508bf2]  JavaCalls::call_helper(JavaValue*, methodHandle const&, JavaCallArguments*, Thread*)+0x2d2
V  [libjvm.dylib+0x507c37]  JavaCalls::call_virtual(JavaValue*, Klass*, Symbol*, Symbol*, JavaCallArguments*, Thread*)+0x147
V  [libjvm.dylib+0x507d03]  JavaCalls::call_virtual(JavaValue*, Handle, Klass*, Symbol*, Symbol*, Thread*)+0x63
V  [libjvm.dylib+0x5b6844]  thread_entry(JavaThread*, Thread*)+0xb4
V  [libjvm.dylib+0xa06020]  JavaThread::thread_main_inner()+0xd0
V  [libjvm.dylib+0xa03851]  Thread::call_run()+0x71
V  [libjvm.dylib+0x892027]  thread_native_entry(Thread*)+0x157
C  [libsystem_pthread.dylib+0x68fc]  _pthread_start+0xe0
C  [libsystem_pthread.dylib+0x2443]  thread_start+0xf

Java frames: (J=compiled Java code, j=interpreted, Vv=VM code)
j  org.bytedeco.javacpp.tesseract$TessBaseAPI.GetUTF8Text()Lorg/bytedeco/javacpp/BytePointer;+0
j  screencapture.models.AnalyzerText.analyse(Lorg/bytedeco/javacpp/opencv_core$IplImage;)V+210
j  screencapture.models.AnalyzerText$1OneShotTask.run()V+8
j  java.lang.Thread.run()V+11 java.base@16.0.1
v  ~StubRoutines::call_stub

siginfo: si_signo: 11 (SIGSEGV), si_code: 1 (SEGV_MAPERR), si_addr: 0x0000000000000000

Register to memory mapping:

RAX=0x00007f8ebba8f0a0 points into unknown readable memory: 0x100007f8eb000000 | 00 00 00 eb f8 07 00 10
RBX=0x0000000000000003 is an unknown value
RCX=0x00007f8eba560eb0 points into unknown readable memory: 0x00007f8eba55db90 | 90 db 55 ba 8e 7f 00 00
RDX=0x0 is NULL
RSP=0x00000003108df5e0 is pointing into the stack for thread: 0x00007f8ebb13d800
RBP=0x00000003108df720 is pointing into the stack for thread: 0x00007f8ebb13d800
RSI=0x00007f8eba55db90 points into unknown readable memory: 0x00007f8eba55e5a0 | a0 e5 55 ba 8e 7f 00 00
RDI=0x00007f8eba55db90 points into unknown readable memory: 0x00007f8eba55e5a0 | a0 e5 55 ba 8e 7f 00 00
R8 =0x00007f8eba55e5a0 points into unknown readable memory: 0x00007f8eba560eb0 | b0 0e 56 ba 8e 7f 00 00
R9 =0x0000000000000001 is an unknown value
R10=0x00007f8eba55db90 points into unknown readable memory: 0x00007f8eba55e5a0 | a0 e5 55 ba 8e 7f 00 00
R11=0x00007f8eba55db90 points into unknown readable memory: 0x00007f8eba55e5a0 | a0 e5 55 ba 8e 7f 00 00
R12=0x00007f8eba433a50 points into unknown readable memory: 0x00007f8ebba31800 | 00 18 a3 bb 8e 7f 00 00
R13=0x00007f8ebbaa26d0 points into unknown readable memory: 0x0000000000000000 | 00 00 00 00 00 00 00 00
R14=0x0 is NULL
R15=0x0000000000000001 is an unknown value


Registers:
RAX=0x00007f8ebba8f0a0, RBX=0x0000000000000003, RCX=0x00007f8eba560eb0, RDX=0x0000000000000000
RSP=0x00000003108df5e0, RBP=0x00000003108df720, RSI=0x00007f8eba55db90, RDI=0x00007f8eba55db90
R8 =0x00007f8eba55e5a0, R9 =0x0000000000000001, R10=0x00007f8eba55db90, R11=0x00007f8eba55db90
R12=0x00007f8eba433a50, R13=0x00007f8ebbaa26d0, R14=0x0000000000000000, R15=0x0000000000000001
RIP=0x0000000140c2cb0e, EFLAGS=0x0000000000000202, ERR=0x0000000000000006
  TRAPNO=0x000000000000000e

Top of Stack: (sp=0x00000003108df5e0)
0x00000003108df5e0:   0000000000000000 00007f8ef17cb400
0x00000003108df5f0:   00000002ba55d100 00000003108df6c0
0x00000003108df600:   00007f8eba560eb0 00007f8ebba8f0a0
0x00000003108df610:   0000000000000000 0000000000000000
0x00000003108df620:   0000000000000000 00000003108d0001
0x00000003108df630:   0000000000000000 00007fff20182101
0x00000003108df640:   00007f8ebba8f0a0 0000000000000000
0x00000003108df650:   0000000000000000 0000000000000000
0x00000003108df660:   00000003108d0001 0000000000000000
0x00000003108df670:   00007f8eba55d200 00007f8ebba939e8
0x00000003108df680:   00007f8ebba89080 00007f8ebba8f080
0x00000003108df690:   00007f8ebba89080 00007f8eba550000
0x00000003108df6a0:   00007f8ebba8f080 0000000140c1f600
0x00000003108df6b0:   00007f8ebba94648 00007f8ebba939c0
0x00000003108df6c0:   00007f8ebba939c0 00007f8ebba939c0
0x00000003108df6d0:   0000000000000000 00007f8ebba939c0
0x00000003108df6e0:   00000003108d0000 00007f8ebba9fd20
0x00000003108df6f0:   0000000100000001 0000000000000000
0x00000003108df700:   00007f8ef17cb400 00000003108df701
0x00000003108df710:   0000000000000000 00007f8ebba94640
0x00000003108df720:   00000003108df8c0 0000000140c168a6
0x00000003108df730:   0000000000000000 00000000bba7a020
0x00000003108df740:   0000000000000000 0000000000000000
0x00000003108df750:   0000000000000000 0000000000000000
0x00000003108df760:   0000000000000000 0000000000000000
0x00000003108df770:   00007f8ebba939e8 00007f8ebba88dc0
0x00000003108df780:   0000000000000000 0000000000000000
0x00000003108df790:   0000000000000000 0000000000000000
0x00000003108df7a0:   00007f8ebba94640 00007f8ebba9fd20
0x00000003108df7b0:   00007f8ebba89080 00007f8ebba939c0
0x00000003108df7c0:   0000000000000000 0000000000000000
0x00000003108df7d0:   0000000000000000 0000000000000000 

Instructions: (pc=0x0000000140c2cb0e)
0x0000000140c2ca0e:   20 48 8d bd e8 fe ff ff e8 65 f6 16 00 49 89 c5
0x0000000140c2ca1e:   b3 01 4d 85 e4 74 03 44 88 f3 48 8b 85 e8 fe ff
0x0000000140c2ca2e:   ff 48 8b 00 48 85 c0 41 88 de 0f 85 42 ff ff ff
0x0000000140c2ca3e:   eb 0d 44 88 f3 eb 08 44 88 f3 eb 03 44 88 f3 ba
0x0000000140c2ca4e:   3c 00 00 00 48 8b bd c8 fe ff ff 4c 89 ee e8 6f
0x0000000140c2ca5e:   c4 fe ff 84 c0 74 11 48 8b 85 c8 fe ff ff c7 80
0x0000000140c2ca6e:   64 2f 00 00 0a 00 00 00 84 db 0f 85 ab 00 00 00
0x0000000140c2ca7e:   49 8b 45 08 48 8b 40 20 48 85 c0 0f 84 9a 00 00
0x0000000140c2ca8e:   00 48 8d bd e0 fe ff ff 48 8d b5 20 ff ff ff 48
0x0000000140c2ca9e:   8d 95 e8 fe ff ff e8 07 f3 16 00 48 8b 85 68 ff
0x0000000140c2caae:   ff ff 48 8b 50 08 48 8b 85 d8 fe ff ff 48 8b 00
0x0000000140c2cabe:   48 8b 48 08 48 8b bd c8 fe ff ff 48 8d b5 e0 fe
0x0000000140c2cace:   ff ff e8 0b 05 00 00 48 8d bd e0 fe ff ff e8 0f
0x0000000140c2cade:   f5 16 00 89 c3 48 8b 8d e0 fe ff ff 48 85 c9 48
0x0000000140c2caee:   8b 85 20 ff ff ff 0f 84 1f 01 00 00 48 83 38 00
0x0000000140c2cafe:   0f 84 8a 00 00 00 48 8b 31 48 8b 95 28 ff ff ff
0x0000000140c2cb0e:   48 89 32 48 8b b5 30 ff ff ff 48 85 f6 0f 84 94
0x0000000140c2cb1e:   00 00 00 48 89 31 e9 ba 00 00 00 8a 85 18 ff ff
0x0000000140c2cb2e:   ff 88 85 50 ff ff ff 48 8b 85 10 ff ff ff 48 89
0x0000000140c2cb3e:   85 48 ff ff ff 48 8b 85 08 ff ff ff 48 89 85 40
0x0000000140c2cb4e:   ff ff ff 48 8b 85 00 ff ff ff 48 89 85 38 ff ff
0x0000000140c2cb5e:   ff 48 8b 85 f8 fe ff ff 48 89 85 30 ff ff ff 48
0x0000000140c2cb6e:   8b 85 e8 fe ff ff 48 8b 8d f0 fe ff ff 48 89 8d
0x0000000140c2cb7e:   28 ff ff ff 48 89 85 20 ff ff ff e9 d1 00 00 00
0x0000000140c2cb8e:   48 89 08 48 89 8d 28 ff ff ff 48 8b 09 48 89 8d
0x0000000140c2cb9e:   30 ff ff ff 48 8b 09 48 89 8d 38 ff ff ff c6 85
0x0000000140c2cbae:   40 ff ff ff 00 eb 42 48 8b b5 38 ff ff ff 48 89
0x0000000140c2cbbe:   31 66 8b b5 40 ff ff ff 40 84 f6 74 03 48 89 08
0x0000000140c2cbce:   0f b7 ce 81 f9 00 01 00 00 72 0a 48 8b 0a 48 89
0x0000000140c2cbde:   8d 48 ff ff ff 48 8b 0a 48 89 8d 30 ff ff ff 48
0x0000000140c2cbee:   8b 09 48 89 8d 38 ff ff ff 48 c7 85 e0 fe ff ff
0x0000000140c2cbfe:   00 00 00 00 eb 15 66 66 66 2e 0f 1f 84 00 00 00 


Stack slot to memory mapping:
stack at sp + 0 slots: 0x0 is NULL
stack at sp + 1 slots: 0x00007f8ef17cb400 points into unknown readable memory: 0x0000000140e41f88 | 88 1f e4 40 01 00 00 00
stack at sp + 2 slots: 0x00000002ba55d100 is an unknown value
stack at sp + 3 slots: 0x00000003108df6c0 is pointing into the stack for thread: 0x00007f8ebb13d800
stack at sp + 4 slots: 0x00007f8eba560eb0 points into unknown readable memory: 0x00007f8eba55db90 | 90 db 55 ba 8e 7f 00 00
stack at sp + 5 slots: 0x00007f8ebba8f0a0 points into unknown readable memory: 0x100007f8eb000000 | 00 00 00 eb f8 07 00 10
stack at sp + 6 slots: 0x0 is NULL
stack at sp + 7 slots: 0x0 is NULL


---------------  P R O C E S S  ---------------

Threads class SMR info:
_java_thread_list=0x00007f8eb8afe2b0, length=25, elements={
0x00007f8ee8808200, 0x00007f8ef1011c00, 0x00007f8ef1014000, 0x00007f8ef0106a00,
0x00007f8ef1012200, 0x00007f8ee8809000, 0x00007f8ef082bc00, 0x00007f8ef0107800,
0x00007f8ef0105c00, 0x00007f8ef010b200, 0x00007f8ef0119200, 0x00007f8ef03a7000,
0x00007f8ef044fa00, 0x00007f8ef0461800, 0x00007f8ef060cc00, 0x00007f8ebaa4ec00,
0x00007f8ee8a58600, 0x00007f8ebb157400, 0x00007f8ef0be9000, 0x00007f8ef066b600,
0x00007f8ee8ca2200, 0x00007f8ebaaeea00, 0x00007f8ef0015400, 0x00007f8ebb13d800,
0x00007f8ebaaec400
}

Java Threads: ( => current thread )
  0x00007f8ee8808200 JavaThread "Reference Handler" daemon [_thread_blocked, id=22107, stack(0x000000030e1ae000,0x000000030e2ae000)]
  0x00007f8ef1011c00 JavaThread "Finalizer" daemon [_thread_blocked, id=22787, stack(0x000000030e2b1000,0x000000030e3b1000)]
  0x00007f8ef1014000 JavaThread "Signal Dispatcher" daemon [_thread_blocked, id=25603, stack(0x000000030e4c3000,0x000000030e5c3000)]
  0x00007f8ef0106a00 JavaThread "Service Thread" daemon [_thread_blocked, id=41475, stack(0x000000030e5c6000,0x000000030e6c6000)]
  0x00007f8ef1012200 JavaThread "Monitor Deflation Thread" daemon [_thread_blocked, id=40963, stack(0x000000030e6c9000,0x000000030e7c9000)]
  0x00007f8ee8809000 JavaThread "C2 CompilerThread0" daemon [_thread_blocked, id=40707, stack(0x000000030e7cc000,0x000000030e8cc000)]
  0x00007f8ef082bc00 JavaThread "C1 CompilerThread0" daemon [_thread_blocked, id=26371, stack(0x000000030e8cf000,0x000000030e9cf000)]
  0x00007f8ef0107800 JavaThread "Sweeper thread" daemon [_thread_blocked, id=26627, stack(0x000000030e9d2000,0x000000030ead2000)]
  0x00007f8ef0105c00 JavaThread "Common-Cleaner" daemon [_thread_blocked, id=27747, stack(0x000000030ead5000,0x000000030ebd5000)]
  0x00007f8ef010b200 JavaThread "Monitor Ctrl-Break" daemon [_thread_in_native, id=28323, stack(0x000000030ebd8000,0x000000030ecd8000)]
  0x00007f8ef0119200 JavaThread "Notification Thread" daemon [_thread_blocked, id=39171, stack(0x000000030ecdb000,0x000000030eddb000)]
  0x00007f8ef03a7000 JavaThread "JavaCPP Deallocator" daemon [_thread_blocked, id=38547, stack(0x000000030eee1000,0x000000030efe1000)]
  0x00007f8ef044fa00 JavaThread "Attach Listener" daemon [_thread_blocked, id=47627, stack(0x000000030f913000,0x000000030fa13000)]
  0x00007f8ef0461800 JavaThread "server-timer" daemon [_thread_blocked, id=50851, stack(0x000000030fd3f000,0x000000030fe3f000)]
  0x00007f8ef060cc00 JavaThread "nioEventLoopGroup-3-1" [_thread_in_native, id=51515, stack(0x000000030fe42000,0x000000030ff42000)]
  0x00007f8ebaa4ec00 JavaThread "AppKit Thread" daemon [_thread_in_native, id=259, stack(0x000000030d216000,0x000000030da16000)]
  0x00007f8ee8a58600 JavaThread "AWT-Shutdown" [_thread_blocked, id=57379, stack(0x000000030ff45000,0x0000000310045000)]
  0x00007f8ebb157400 JavaThread "Java2D Queue Flusher" daemon [_thread_blocked, id=91403, stack(0x00000003100cb000,0x00000003101cb000)]
  0x00007f8ef0be9000 JavaThread "Java2D Disposer" daemon [_thread_blocked, id=94575, stack(0x00000003101ce000,0x00000003102ce000)]
  0x00007f8ef066b600 JavaThread "AWT-EventQueue-0" [_thread_blocked, id=96287, stack(0x00000003102d1000,0x00000003103d1000)]
  0x00007f8ee8ca2200 JavaThread "Thread-1" [_thread_in_vm, id=162827, stack(0x00000003103d4000,0x00000003104d4000)]
  0x00007f8ebaaeea00 JavaThread "HTTP-Dispatcher" [_thread_in_native, id=162059, stack(0x00000003104d7000,0x00000003105d7000)]
  0x00007f8eb8afd7e8 
[error occurred during error reporting (printing all threads), id 0xb, SIGSEGV (0xb) at pc=0x0000000111a0c9d1]

VM state: not at safepoint (normal execution)

VM Mutex/Monitor currently owned by a thread: None

Heap address: 0x0000000700000000, size: 4096 MB, Compressed Oops mode: Zero based, Oop shift amount: 3

CDS archive(s) mapped at: [0x0000000800000000-0x0000000800bb9000-0x0000000800bb9000), size 12292096, SharedBaseAddress: 0x0000000800000000, ArchiveRelocationMode: 0.
Compressed class space mapped at: 0x0000000800c00000-0x0000000840c00000, reserved size: 1073741824
Narrow klass base: 0x0000000800000000, Narrow klass shift: 3, Narrow klass range: 0x100000000

GC Precious Log:
 CPUs: 8 total, 8 available
 Memory: 16384M
 Large Page Support: Disabled
 NUMA Support: Disabled
 Compressed Oops: Enabled (Zero based)
 Heap Region Size: 2M
 Heap Min Capacity: 8M
 Heap Initial Capacity: 256M
 Heap Max Capacity: 4G
 Pre-touch: Disabled
 Parallel Workers: 8
 Concurrent Workers: 2
 Concurrent Refinement Workers: 8
 Periodic GC: Disabled

Heap:
 garbage-first heap   total 266240K, used 22306K [0x0000000700000000, 0x0000000800000000)
  region size 2048K, 9 young (18432K), 3 survivors (6144K)
 Metaspace       used 18363K, committed 18624K, reserved 1073152K
  class space    used 1924K, committed 2048K, reserved 1048576K

Heap Regions: E=young(eden), S=young(survivor), O=old, HS=humongous(starts), HC=humongous(continues), CS=collection set, F=free, OA=open archive, CA=closed archive, TAMS=top-at-mark-start (previous, next)
|   0|0x0000000700000000, 0x0000000700200000, 0x0000000700200000|100%|HS|  |TAMS 0x0000000700000000, 0x0000000700000000| Complete 
|   1|0x0000000700200000, 0x0000000700400000, 0x0000000700400000|100%|HC|  |TAMS 0x0000000700200000, 0x0000000700200000| Complete 
|   2|0x0000000700400000, 0x0000000700400000, 0x0000000700600000|  0%| F|  |TAMS 0x0000000700400000, 0x0000000700400000| Untracked 
|   3|0x0000000700600000, 0x0000000700600000, 0x0000000700800000|  0%| F|  |TAMS 0x0000000700600000, 0x0000000700600000| Untracked 
|   4|0x0000000700800000, 0x0000000700800000, 0x0000000700a00000|  0%| F|  |TAMS 0x0000000700800000, 0x0000000700800000| Untracked 
|   5|0x0000000700a00000, 0x0000000700a00000, 0x0000000700c00000|  0%| F|  |TAMS 0x0000000700a00000, 0x0000000700a00000| Untracked 
|   6|0x0000000700c00000, 0x0000000700c00000, 0x0000000700e00000|  0%| F|  |TAMS 0x0000000700c00000, 0x0000000700c00000| Untracked 
|   7|0x0000000700e00000, 0x0000000700e00000, 0x0000000701000000|  0%| F|  |TAMS 0x0000000700e00000, 0x0000000700e00000| Untracked 
|   8|0x0000000701000000, 0x0000000701000000, 0x0000000701200000|  0%| F|  |TAMS 0x0000000701000000, 0x0000000701000000| Untracked 
|   9|0x0000000701200000, 0x0000000701200000, 0x0000000701400000|  0%| F|  |TAMS 0x0000000701200000, 0x0000000701200000| Untracked 
|  10|0x0000000701400000, 0x0000000701400000, 0x0000000701600000|  0%| F|  |TAMS 0x0000000701400000, 0x0000000701400000| Untracked 
|  11|0x0000000701600000, 0x0000000701600000, 0x0000000701800000|  0%| F|  |TAMS 0x0000000701600000, 0x0000000701600000| Untracked 
|  12|0x0000000701800000, 0x0000000701800000, 0x0000000701a00000|  0%| F|  |TAMS 0x0000000701800000, 0x0000000701800000| Untracked 
|  13|0x0000000701a00000, 0x0000000701a00000, 0x0000000701c00000|  0%| F|  |TAMS 0x0000000701a00000, 0x0000000701a00000| Untracked 
|  14|0x0000000701c00000, 0x0000000701c00000, 0x0000000701e00000|  0%| F|  |TAMS 0x0000000701c00000, 0x0000000701c00000| Untracked 
|  15|0x0000000701e00000, 0x0000000701e00000, 0x0000000702000000|  0%| F|  |TAMS 0x0000000701e00000, 0x0000000701e00000| Untracked 
|  16|0x0000000702000000, 0x0000000702000000, 0x0000000702200000|  0%| F|  |TAMS 0x0000000702000000, 0x0000000702000000| Untracked 
|  17|0x0000000702200000, 0x0000000702200000, 0x0000000702400000|  0%| F|  |TAMS 0x0000000702200000, 0x0000000702200000| Untracked 
|  18|0x0000000702400000, 0x0000000702400000, 0x0000000702600000|  0%| F|  |TAMS 0x0000000702400000, 0x0000000702400000| Untracked 
|  19|0x0000000702600000, 0x0000000702600000, 0x0000000702800000|  0%| F|  |TAMS 0x0000000702600000, 0x0000000702600000| Untracked 
|  20|0x0000000702800000, 0x0000000702800000, 0x0000000702a00000|  0%| F|  |TAMS 0x0000000702800000, 0x0000000702800000| Untracked 
|  21|0x0000000702a00000, 0x0000000702a00000, 0x0000000702c00000|  0%| F|  |TAMS 0x0000000702a00000, 0x0000000702a00000| Untracked 
|  22|0x0000000702c00000, 0x0000000702c00000, 0x0000000702e00000|  0%| F|  |TAMS 0x0000000702c00000, 0x0000000702c00000| Untracked 
|  23|0x0000000702e00000, 0x0000000702e00000, 0x0000000703000000|  0%| F|  |TAMS 0x0000000702e00000, 0x0000000702e00000| Untracked 
|  24|0x0000000703000000, 0x0000000703000000, 0x0000000703200000|  0%| F|  |TAMS 0x0000000703000000, 0x0000000703000000| Untracked 
|  25|0x0000000703200000, 0x0000000703200000, 0x0000000703400000|  0%| F|  |TAMS 0x0000000703200000, 0x0000000703200000| Untracked 
|  26|0x0000000703400000, 0x0000000703400000, 0x0000000703600000|  0%| F|  |TAMS 0x0000000703400000, 0x0000000703400000| Untracked 
|  27|0x0000000703600000, 0x0000000703600000, 0x0000000703800000|  0%| F|  |TAMS 0x0000000703600000, 0x0000000703600000| Untracked 
|  28|0x0000000703800000, 0x0000000703800000, 0x0000000703a00000|  0%| F|  |TAMS 0x0000000703800000, 0x0000000703800000| Untracked 
|  29|0x0000000703a00000, 0x0000000703a00000, 0x0000000703c00000|  0%| F|  |TAMS 0x0000000703a00000, 0x0000000703a00000| Untracked 
|  30|0x0000000703c00000, 0x0000000703c00000, 0x0000000703e00000|  0%| F|  |TAMS 0x0000000703c00000, 0x0000000703c00000| Untracked 
|  31|0x0000000703e00000, 0x0000000703e00000, 0x0000000704000000|  0%| F|  |TAMS 0x0000000703e00000, 0x0000000703e00000| Untracked 
|  32|0x0000000704000000, 0x0000000704000000, 0x0000000704200000|  0%| F|  |TAMS 0x0000000704000000, 0x0000000704000000| Untracked 
|  33|0x0000000704200000, 0x0000000704200000, 0x0000000704400000|  0%| F|  |TAMS 0x0000000704200000, 0x0000000704200000| Untracked 
|  34|0x0000000704400000, 0x0000000704400000, 0x0000000704600000|  0%| F|  |TAMS 0x0000000704400000, 0x0000000704400000| Untracked 
|  35|0x0000000704600000, 0x0000000704600000, 0x0000000704800000|  0%| F|  |TAMS 0x0000000704600000, 0x0000000704600000| Untracked 
|  36|0x0000000704800000, 0x0000000704800000, 0x0000000704a00000|  0%| F|  |TAMS 0x0000000704800000, 0x0000000704800000| Untracked 
|  37|0x0000000704a00000, 0x0000000704a00000, 0x0000000704c00000|  0%| F|  |TAMS 0x0000000704a00000, 0x0000000704a00000| Untracked 
|  38|0x0000000704c00000, 0x0000000704c00000, 0x0000000704e00000|  0%| F|  |TAMS 0x0000000704c00000, 0x0000000704c00000| Untracked 
|  39|0x0000000704e00000, 0x0000000704e00000, 0x0000000705000000|  0%| F|  |TAMS 0x0000000704e00000, 0x0000000704e00000| Untracked 
|  40|0x0000000705000000, 0x0000000705000000, 0x0000000705200000|  0%| F|  |TAMS 0x0000000705000000, 0x0000000705000000| Untracked 
|  41|0x0000000705200000, 0x0000000705200000, 0x0000000705400000|  0%| F|  |TAMS 0x0000000705200000, 0x0000000705200000| Untracked 
|  42|0x0000000705400000, 0x0000000705400000, 0x0000000705600000|  0%| F|  |TAMS 0x0000000705400000, 0x0000000705400000| Untracked 
|  43|0x0000000705600000, 0x0000000705600000, 0x0000000705800000|  0%| F|  |TAMS 0x0000000705600000, 0x0000000705600000| Untracked 
|  44|0x0000000705800000, 0x0000000705800000, 0x0000000705a00000|  0%| F|  |TAMS 0x0000000705800000, 0x0000000705800000| Untracked 
|  45|0x0000000705a00000, 0x0000000705a00000, 0x0000000705c00000|  0%| F|  |TAMS 0x0000000705a00000, 0x0000000705a00000| Untracked 
|  46|0x0000000705c00000, 0x0000000705c00000, 0x0000000705e00000|  0%| F|  |TAMS 0x0000000705c00000, 0x0000000705c00000| Untracked 
|  47|0x0000000705e00000, 0x0000000705e00000, 0x0000000706000000|  0%| F|  |TAMS 0x0000000705e00000, 0x0000000705e00000| Untracked 
|  48|0x0000000706000000, 0x0000000706000000, 0x0000000706200000|  0%| F|  |TAMS 0x0000000706000000, 0x0000000706000000| Untracked 
|  49|0x0000000706200000, 0x0000000706200000, 0x0000000706400000|  0%| F|  |TAMS 0x0000000706200000, 0x0000000706200000| Untracked 
|  50|0x0000000706400000, 0x0000000706400000, 0x0000000706600000|  0%| F|  |TAMS 0x0000000706400000, 0x0000000706400000| Untracked 
|  51|0x0000000706600000, 0x0000000706600000, 0x0000000706800000|  0%| F|  |TAMS 0x0000000706600000, 0x0000000706600000| Untracked 
|  52|0x0000000706800000, 0x0000000706800000, 0x0000000706a00000|  0%| F|  |TAMS 0x0000000706800000, 0x0000000706800000| Untracked 
|  53|0x0000000706a00000, 0x0000000706a00000, 0x0000000706c00000|  0%| F|  |TAMS 0x0000000706a00000, 0x0000000706a00000| Untracked 
|  54|0x0000000706c00000, 0x0000000706c00000, 0x0000000706e00000|  0%| F|  |TAMS 0x0000000706c00000, 0x0000000706c00000| Untracked 
|  55|0x0000000706e00000, 0x0000000706e00000, 0x0000000707000000|  0%| F|  |TAMS 0x0000000706e00000, 0x0000000706e00000| Untracked 
|  56|0x0000000707000000, 0x0000000707000000, 0x0000000707200000|  0%| F|  |TAMS 0x0000000707000000, 0x0000000707000000| Untracked 
|  57|0x0000000707200000, 0x0000000707200000, 0x0000000707400000|  0%| F|  |TAMS 0x0000000707200000, 0x0000000707200000| Untracked 
|  58|0x0000000707400000, 0x0000000707400000, 0x0000000707600000|  0%| F|  |TAMS 0x0000000707400000, 0x0000000707400000| Untracked 
|  59|0x0000000707600000, 0x0000000707600000, 0x0000000707800000|  0%| F|  |TAMS 0x0000000707600000, 0x0000000707600000| Untracked 
|  60|0x0000000707800000, 0x0000000707800000, 0x0000000707a00000|  0%| F|  |TAMS 0x0000000707800000, 0x0000000707800000| Untracked 
|  61|0x0000000707a00000, 0x0000000707a00000, 0x0000000707c00000|  0%| F|  |TAMS 0x0000000707a00000, 0x0000000707a00000| Untracked 
|  62|0x0000000707c00000, 0x0000000707c00000, 0x0000000707e00000|  0%| F|  |TAMS 0x0000000707c00000, 0x0000000707c00000| Untracked 
|  63|0x0000000707e00000, 0x0000000707e00000, 0x0000000708000000|  0%| F|  |TAMS 0x0000000707e00000, 0x0000000707e00000| Untracked 
|  64|0x0000000708000000, 0x0000000708000000, 0x0000000708200000|  0%| F|  |TAMS 0x0000000708000000, 0x0000000708000000| Untracked 
|  65|0x0000000708200000, 0x0000000708200000, 0x0000000708400000|  0%| F|  |TAMS 0x0000000708200000, 0x0000000708200000| Untracked 
|  66|0x0000000708400000, 0x0000000708400000, 0x0000000708600000|  0%| F|  |TAMS 0x0000000708400000, 0x0000000708400000| Untracked 
|  67|0x0000000708600000, 0x0000000708600000, 0x0000000708800000|  0%| F|  |TAMS 0x0000000708600000, 0x0000000708600000| Untracked 
|  68|0x0000000708800000, 0x0000000708800000, 0x0000000708a00000|  0%| F|  |TAMS 0x0000000708800000, 0x0000000708800000| Untracked 
|  69|0x0000000708a00000, 0x0000000708a00000, 0x0000000708c00000|  0%| F|  |TAMS 0x0000000708a00000, 0x0000000708a00000| Untracked 
|  70|0x0000000708c00000, 0x0000000708c00000, 0x0000000708e00000|  0%| F|  |TAMS 0x0000000708c00000, 0x0000000708c00000| Untracked 
|  71|0x0000000708e00000, 0x0000000708e00000, 0x0000000709000000|  0%| F|  |TAMS 0x0000000708e00000, 0x0000000708e00000| Untracked 
|  72|0x0000000709000000, 0x0000000709000000, 0x0000000709200000|  0%| F|  |TAMS 0x0000000709000000, 0x0000000709000000| Untracked 
|  73|0x0000000709200000, 0x0000000709200000, 0x0000000709400000|  0%| F|  |TAMS 0x0000000709200000, 0x0000000709200000| Untracked 
|  74|0x0000000709400000, 0x0000000709400000, 0x0000000709600000|  0%| F|  |TAMS 0x0000000709400000, 0x0000000709400000| Untracked 
|  75|0x0000000709600000, 0x0000000709600000, 0x0000000709800000|  0%| F|  |TAMS 0x0000000709600000, 0x0000000709600000| Untracked 
|  76|0x0000000709800000, 0x0000000709800000, 0x0000000709a00000|  0%| F|  |TAMS 0x0000000709800000, 0x0000000709800000| Untracked 
|  77|0x0000000709a00000, 0x0000000709a00000, 0x0000000709c00000|  0%| F|  |TAMS 0x0000000709a00000, 0x0000000709a00000| Untracked 
|  78|0x0000000709c00000, 0x0000000709c00000, 0x0000000709e00000|  0%| F|  |TAMS 0x0000000709c00000, 0x0000000709c00000| Untracked 
|  79|0x0000000709e00000, 0x0000000709e00000, 0x000000070a000000|  0%| F|  |TAMS 0x0000000709e00000, 0x0000000709e00000| Untracked 
|  80|0x000000070a000000, 0x000000070a000000, 0x000000070a200000|  0%| F|  |TAMS 0x000000070a000000, 0x000000070a000000| Untracked 
|  81|0x000000070a200000, 0x000000070a200000, 0x000000070a400000|  0%| F|  |TAMS 0x000000070a200000, 0x000000070a200000| Untracked 
|  82|0x000000070a400000, 0x000000070a400000, 0x000000070a600000|  0%| F|  |TAMS 0x000000070a400000, 0x000000070a400000| Untracked 
|  83|0x000000070a600000, 0x000000070a600000, 0x000000070a800000|  0%| F|  |TAMS 0x000000070a600000, 0x000000070a600000| Untracked 
|  84|0x000000070a800000, 0x000000070a800000, 0x000000070aa00000|  0%| F|  |TAMS 0x000000070a800000, 0x000000070a800000| Untracked 
|  85|0x000000070aa00000, 0x000000070aa00000, 0x000000070ac00000|  0%| F|  |TAMS 0x000000070aa00000, 0x000000070aa00000| Untracked 
|  86|0x000000070ac00000, 0x000000070ac00000, 0x000000070ae00000|  0%| F|  |TAMS 0x000000070ac00000, 0x000000070ac00000| Untracked 
|  87|0x000000070ae00000, 0x000000070ae00000, 0x000000070b000000|  0%| F|  |TAMS 0x000000070ae00000, 0x000000070ae00000| Untracked 
|  88|0x000000070b000000, 0x000000070b000000, 0x000000070b200000|  0%| F|  |TAMS 0x000000070b000000, 0x000000070b000000| Untracked 
|  89|0x000000070b200000, 0x000000070b200000, 0x000000070b400000|  0%| F|  |TAMS 0x000000070b200000, 0x000000070b200000| Untracked 
|  90|0x000000070b400000, 0x000000070b400000, 0x000000070b600000|  0%| F|  |TAMS 0x000000070b400000, 0x000000070b400000| Untracked 
|  91|0x000000070b600000, 0x000000070b600000, 0x000000070b800000|  0%| F|  |TAMS 0x000000070b600000, 0x000000070b600000| Untracked 
|  92|0x000000070b800000, 0x000000070b800000, 0x000000070ba00000|  0%| F|  |TAMS 0x000000070b800000, 0x000000070b800000| Untracked 
|  93|0x000000070ba00000, 0x000000070ba00000, 0x000000070bc00000|  0%| F|  |TAMS 0x000000070ba00000, 0x000000070ba00000| Untracked 
|  94|0x000000070bc00000, 0x000000070bc00000, 0x000000070be00000|  0%| F|  |TAMS 0x000000070bc00000, 0x000000070bc00000| Untracked 
|  95|0x000000070be00000, 0x000000070be00000, 0x000000070c000000|  0%| F|  |TAMS 0x000000070be00000, 0x000000070be00000| Untracked 
|  96|0x000000070c000000, 0x000000070c000000, 0x000000070c200000|  0%| F|  |TAMS 0x000000070c000000, 0x000000070c000000| Untracked 
|  97|0x000000070c200000, 0x000000070c200000, 0x000000070c400000|  0%| F|  |TAMS 0x000000070c200000, 0x000000070c200000| Untracked 
|  98|0x000000070c400000, 0x000000070c400000, 0x000000070c600000|  0%| F|  |TAMS 0x000000070c400000, 0x000000070c400000| Untracked 
|  99|0x000000070c600000, 0x000000070c600000, 0x000000070c800000|  0%| F|  |TAMS 0x000000070c600000, 0x000000070c600000| Untracked 
| 100|0x000000070c800000, 0x000000070c800000, 0x000000070ca00000|  0%| F|  |TAMS 0x000000070c800000, 0x000000070c800000| Untracked 
| 101|0x000000070ca00000, 0x000000070ca00000, 0x000000070cc00000|  0%| F|  |TAMS 0x000000070ca00000, 0x000000070ca00000| Untracked 
| 102|0x000000070cc00000, 0x000000070cdd6850, 0x000000070ce00000| 91%| S|CS|TAMS 0x000000070cc00000, 0x000000070cc00000| Complete 
| 103|0x000000070ce00000, 0x000000070d000000, 0x000000070d000000|100%| S|CS|TAMS 0x000000070ce00000, 0x000000070ce00000| Complete 
| 104|0x000000070d000000, 0x000000070d200000, 0x000000070d200000|100%| S|CS|TAMS 0x000000070d000000, 0x000000070d000000| Complete 
| 105|0x000000070d200000, 0x000000070d200000, 0x000000070d400000|  0%| F|  |TAMS 0x000000070d200000, 0x000000070d200000| Untracked 
| 106|0x000000070d400000, 0x000000070d400000, 0x000000070d600000|  0%| F|  |TAMS 0x000000070d400000, 0x000000070d400000| Untracked 
| 107|0x000000070d600000, 0x000000070d600000, 0x000000070d800000|  0%| F|  |TAMS 0x000000070d600000, 0x000000070d600000| Untracked 
| 108|0x000000070d800000, 0x000000070d800000, 0x000000070da00000|  0%| F|  |TAMS 0x000000070d800000, 0x000000070d800000| Untracked 
| 109|0x000000070da00000, 0x000000070da00000, 0x000000070dc00000|  0%| F|  |TAMS 0x000000070da00000, 0x000000070da00000| Untracked 
| 110|0x000000070dc00000, 0x000000070dc00000, 0x000000070de00000|  0%| F|  |TAMS 0x000000070dc00000, 0x000000070dc00000| Untracked 
| 111|0x000000070de00000, 0x000000070de00000, 0x000000070e000000|  0%| F|  |TAMS 0x000000070de00000, 0x000000070de00000| Untracked 
| 112|0x000000070e000000, 0x000000070e000000, 0x000000070e200000|  0%| F|  |TAMS 0x000000070e000000, 0x000000070e000000| Untracked 
| 113|0x000000070e200000, 0x000000070e200000, 0x000000070e400000|  0%| F|  |TAMS 0x000000070e200000, 0x000000070e200000| Untracked 
| 114|0x000000070e400000, 0x000000070e400000, 0x000000070e600000|  0%| F|  |TAMS 0x000000070e400000, 0x000000070e400000| Untracked 
| 115|0x000000070e600000, 0x000000070e600000, 0x000000070e800000|  0%| F|  |TAMS 0x000000070e600000, 0x000000070e600000| Untracked 
| 116|0x000000070e800000, 0x000000070e800000, 0x000000070ea00000|  0%| F|  |TAMS 0x000000070e800000, 0x000000070e800000| Untracked 
| 117|0x000000070ea00000, 0x000000070ea00000, 0x000000070ec00000|  0%| F|  |TAMS 0x000000070ea00000, 0x000000070ea00000| Untracked 
| 118|0x000000070ec00000, 0x000000070ec00000, 0x000000070ee00000|  0%| F|  |TAMS 0x000000070ec00000, 0x000000070ec00000| Untracked 
| 119|0x000000070ee00000, 0x000000070ee00000, 0x000000070f000000|  0%| F|  |TAMS 0x000000070ee00000, 0x000000070ee00000| Untracked 
| 120|0x000000070f000000, 0x000000070f000000, 0x000000070f200000|  0%| F|  |TAMS 0x000000070f000000, 0x000000070f000000| Untracked 
| 121|0x000000070f200000, 0x000000070f200000, 0x000000070f400000|  0%| F|  |TAMS 0x000000070f200000, 0x000000070f200000| Untracked 
| 122|0x000000070f400000, 0x000000070f600000, 0x000000070f600000|100%| E|  |TAMS 0x000000070f400000, 0x000000070f400000| Complete 
| 123|0x000000070f600000, 0x000000070f800000, 0x000000070f800000|100%| E|CS|TAMS 0x000000070f600000, 0x000000070f600000| Complete 
| 124|0x000000070f800000, 0x000000070fa00000, 0x000000070fa00000|100%| E|CS|TAMS 0x000000070f800000, 0x000000070f800000| Complete 
| 125|0x000000070fa00000, 0x000000070fc00000, 0x000000070fc00000|100%| E|CS|TAMS 0x000000070fa00000, 0x000000070fa00000| Complete 
| 126|0x000000070fc00000, 0x000000070fe00000, 0x000000070fe00000|100%| E|CS|TAMS 0x000000070fc00000, 0x000000070fc00000| Complete 
| 127|0x000000070fe00000, 0x0000000710000000, 0x0000000710000000|100%| E|CS|TAMS 0x000000070fe00000, 0x000000070fe00000| Complete 
|1534|0x00000007bfc00000, 0x00000007bfd75000, 0x00000007bfe00000| 72%|OA|  |TAMS 0x00000007bfc00000, 0x00000007bfc00000| Untracked 
|1535|0x00000007bfe00000, 0x00000007bfe7d000, 0x00000007c0000000| 24%|CA|  |TAMS 0x00000007bfe00000, 0x00000007bfe00000| Untracked 

Card table byte_map: [0x000000012a926000,0x000000012b126000] _byte_map_base: 0x0000000127126000

Marking Bits (Prev, Next): (CMBitMap*) 0x00007f8ef003fa10, (CMBitMap*) 0x00007f8ef003fa50
 Prev Bits: [0x000000012b926000, 0x000000012f926000)
 Next Bits: [0x000000012f926000, 0x0000000133926000)

Polling page: 0x0000000104c42000

Metaspace:

Usage:
  Non-class:     16.05 MB used.
      Class:      1.88 MB used.
       Both:     17.93 MB used.

Virtual space:
  Non-class space:       24.00 MB reserved,      16.19 MB ( 67%) committed,  3 nodes.
      Class space:        1.00 GB reserved,       2.00 MB ( <1%) committed,  1 nodes.
              Both:        1.02 GB reserved,      18.19 MB (  2%) committed. 

Chunk freelists:
   Non-Class:  2.97 MB
       Class:  2.01 MB
        Both:  4.98 MB

MaxMetaspaceSize: 17179869184.00 GB
CompressedClassSpaceSize: 1.00 GB
 - commit_granule_bytes: 65536.
 - commit_granule_words: 8192.
 - virtual_space_node_default_size: 1048576.
 - enlarge_chunks_in_place: 1.
 - new_chunks_are_fully_committed: 0.
 - uncommit_free_chunks: 1.
 - use_allocation_guard: 0.
 - handle_deallocations: 1.


Internal statistics:

num_allocs_failed_limit: 0.
num_arena_births: 174.
num_arena_deaths: 0.
num_vsnodes_births: 4.
num_vsnodes_deaths: 0.
num_space_committed: 291.
num_space_uncommitted: 0.
num_chunks_returned_to_freelist: 0.
num_chunks_taken_from_freelist: 507.
num_chunk_merges: 0.
num_chunk_splits: 377.
num_chunks_enlarged: 308.
num_purges: 0.

CodeHeap 'non-profiled nmethods': size=120028Kb used=743Kb max_used=743Kb free=119285Kb
 bounds [0x0000000122a19000, 0x0000000122c89000, 0x0000000129f50000]
CodeHeap 'profiled nmethods': size=120028Kb used=2950Kb max_used=2950Kb free=117077Kb
 bounds [0x000000011b4e2000, 0x000000011b7d2000, 0x0000000122a19000]
CodeHeap 'non-nmethods': size=5704Kb used=1549Kb max_used=1562Kb free=4154Kb
 bounds [0x000000011af50000, 0x000000011b1c0000, 0x000000011b4e2000]
 total_blobs=2596 nmethods=1630 adapters=881
 compilation: enabled
              stopped_count=0, restarted_count=0
 full_count=0

Compilation events (20 events):
Event: 3.142 Thread 0x00007f8ef082bc00 nmethod 1620 0x0000000122ad1010 code [0x0000000122ad11a0, 0x0000000122ad1270]
Event: 3.155 Thread 0x00007f8ee8809000 1621       4       org.bytedeco.javacv.Java2DFrameConverter::flipCopyWithGamma (608 bytes)
Event: 3.159 Thread 0x00007f8ef082bc00 1622       3       sun.java2d.pipe.Region::dimAdd (20 bytes)
Event: 3.159 Thread 0x00007f8ef082bc00 nmethod 1622 0x000000011b7be590 code [0x000000011b7be740, 0x000000011b7be8f0]
Event: 3.169 Thread 0x00007f8ee8809000 nmethod 1621 0x0000000122ad1310 code [0x0000000122ad1500, 0x0000000122ad1f58]
Event: 3.171 Thread 0x00007f8ef082bc00 1623 %     3       java.util.Base64$Encoder::encodeBlock @ 23 (153 bytes)
Event: 3.173 Thread 0x00007f8ef082bc00 nmethod 1623% 0x000000011b7be990 code [0x000000011b7beb60, 0x000000011b7bf070]
Event: 3.173 Thread 0x00007f8ef082bc00 1624       3       java.nio.CharBuffer::position (6 bytes)
Event: 3.174 Thread 0x00007f8ef082bc00 nmethod 1624 0x000000011b7bf310 code [0x000000011b7bf4c0, 0x000000011b7bf660]
Event: 3.174 Thread 0x00007f8ef082bc00 1625       3       java.util.Base64$Encoder::encodeBlock (153 bytes)
Event: 3.174 Thread 0x00007f8ef082bc00 nmethod 1625 0x000000011b7bf710 code [0x000000011b7bf8e0, 0x000000011b7bfcb0]
Event: 3.178 Thread 0x00007f8ef082bc00 1626       1       java.awt.Component::getWidth (5 bytes)
Event: 3.178 Thread 0x00007f8ef082bc00 nmethod 1626 0x0000000122ad2610 code [0x0000000122ad27a0, 0x0000000122ad2870]
Event: 3.185 Thread 0x00007f8ef082bc00 1627       3       java.util.concurrent.locks.AbstractQueuedSynchronizer::signalNext (34 bytes)
Event: 3.186 Thread 0x00007f8ef082bc00 nmethod 1627 0x000000011b7bff10 code [0x000000011b7c00e0, 0x000000011b7c0390]
Event: 3.188 Thread 0x00007f8ef082bc00 1628       3       org.bytedeco.javacpp.tools.Logger::isDebugEnabled (4 bytes)
Event: 3.188 Thread 0x00007f8ef082bc00 nmethod 1628 0x000000011b7c0510 code [0x000000011b7c06a0, 0x000000011b7c07b0]
Event: 3.193 Thread 0x00007f8ef082bc00 1629       3       jdk.internal.misc.Unsafe::checkSize (32 bytes)
Event: 3.193 Thread 0x00007f8ef082bc00 nmethod 1629 0x000000011b7c0890 code [0x000000011b7c0a40, 0x000000011b7c0cc0]
Event: 3.193 Thread 0x00007f8ef082bc00 1630       3       org.bytedeco.javacv.Java2DFrameConverter::flipCopyWithGamma (608 bytes)

GC Heap History (4 events):
Event: 0.738 GC heap before
{Heap before GC invocations=0 (full 0):
 garbage-first heap   total 266240K, used 24520K [0x0000000700000000, 0x0000000800000000)
  region size 2048K, 11 young (22528K), 0 survivors (0K)
 Metaspace       used 4601K, committed 4800K, reserved 1056768K
  class space    used 418K, committed 512K, reserved 1048576K
}
Event: 0.746 GC heap after
{Heap after GC invocations=1 (full 0):
 garbage-first heap   total 266240K, used 4791K [0x0000000700000000, 0x0000000800000000)
  region size 2048K, 2 young (4096K), 2 survivors (4096K)
 Metaspace       used 4601K, committed 4800K, reserved 1056768K
  class space    used 418K, committed 512K, reserved 1048576K
}
Event: 2.803 GC heap before
{Heap before GC invocations=1 (full 0):
 garbage-first heap   total 266240K, used 45751K [0x0000000700000000, 0x0000000800000000)
  region size 2048K, 23 young (47104K), 2 survivors (4096K)
 Metaspace       used 18078K, committed 18368K, reserved 1064960K
  class space    used 1901K, committed 2048K, reserved 1048576K
}
Event: 2.812 GC heap after
{Heap after GC invocations=2 (full 0):
 garbage-first heap   total 266240K, used 7970K [0x0000000700000000, 0x0000000800000000)
  region size 2048K, 3 young (6144K), 3 survivors (6144K)
 Metaspace       used 18078K, committed 18368K, reserved 1064960K
  class space    used 1901K, committed 2048K, reserved 1048576K
}

Deoptimization events (20 events):
Event: 2.942 Thread 0x00007f8ee8ca2200 DEOPT PACKING pc=0x000000011b56bb87 sp=0x00000003104d3340
Event: 2.942 Thread 0x00007f8ee8ca2200 DEOPT UNPACKING pc=0x000000011af9db9b sp=0x00000003104d28d8 mode 0
Event: 2.943 Thread 0x00007f8ee8ca2200 DEOPT PACKING pc=0x000000011b56bb87 sp=0x00000003104d3340
Event: 2.943 Thread 0x00007f8ee8ca2200 DEOPT UNPACKING pc=0x000000011af9db9b sp=0x00000003104d28d8 mode 0
Event: 2.943 Thread 0x00007f8ee8ca2200 DEOPT PACKING pc=0x000000011b56bb87 sp=0x00000003104d3340
Event: 2.943 Thread 0x00007f8ee8ca2200 DEOPT UNPACKING pc=0x000000011af9db9b sp=0x00000003104d28d8 mode 0
Event: 2.946 Thread 0x00007f8ee8ca2200 DEOPT PACKING pc=0x000000011b56bb87 sp=0x00000003104d3340
Event: 2.946 Thread 0x00007f8ee8ca2200 DEOPT UNPACKING pc=0x000000011af9db9b sp=0x00000003104d28d8 mode 0
Event: 2.946 Thread 0x00007f8ee8ca2200 DEOPT PACKING pc=0x000000011b56bb87 sp=0x00000003104d3340
Event: 2.946 Thread 0x00007f8ee8ca2200 DEOPT UNPACKING pc=0x000000011af9db9b sp=0x00000003104d28d8 mode 0
Event: 2.946 Thread 0x00007f8ee8ca2200 DEOPT PACKING pc=0x000000011b56bb87 sp=0x00000003104d3340
Event: 2.946 Thread 0x00007f8ee8ca2200 DEOPT UNPACKING pc=0x000000011af9db9b sp=0x00000003104d28d8 mode 0
Event: 3.074 Thread 0x00007f8ee8ca2200 DEOPT PACKING pc=0x000000011b7b5dc9 sp=0x00000003104d36f0
Event: 3.074 Thread 0x00007f8ee8ca2200 DEOPT UNPACKING pc=0x000000011af9db9b sp=0x00000003104d2c98 mode 0
Event: 3.155 Thread 0x00007f8ee8ca2200 DEOPT PACKING pc=0x000000011b7b8b8f sp=0x00000003104d3780
Event: 3.155 Thread 0x00007f8ee8ca2200 DEOPT UNPACKING pc=0x000000011af9db9b sp=0x00000003104d2c88 mode 0
Event: 3.177 Thread 0x00007f8ee8ca2200 Uncommon trap: trap_request=0xffffff45 fr.pc=0x0000000122ad1ef0 relative=0x00000000000009f0
Event: 3.177 Thread 0x00007f8ee8ca2200 Uncommon trap: reason=unstable_if action=reinterpret pc=0x0000000122ad1ef0 method=org.bytedeco.javacv.Java2DFrameConverter.flipCopyWithGamma(Ljava/nio/ByteBuffer;ILjava/nio/ByteBuffer;IZDZI)V @ 50 c2
Event: 3.177 Thread 0x00007f8ee8ca2200 DEOPT PACKING pc=0x0000000122ad1ef0 sp=0x00000003104d37c0
Event: 3.177 Thread 0x00007f8ee8ca2200 DEOPT UNPACKING pc=0x000000011af9d41e sp=0x00000003104d3788 mode 2

Classes unloaded (0 events):
No events

Classes redefined (0 events):
No events

Internal exceptions (20 events):
Event: 2.195 Thread 0x00007f8ef0015400 Exception <a 'java/io/FileNotFoundException'{0x000000070d63bee8}> (0x000000070d63bee8) 
thrown [./open/src/hotspot/share/prims/jni.cpp, line 579]
Event: 2.219 Thread 0x00007f8ef0015400 Exception <a 'java/lang/ClassNotFoundException'{0x000000070d66e910}: sun/awt/resources/spi/awtosxProvider> (0x000000070d66e910) 
thrown [./open/src/hotspot/share/classfile/systemDictionary.cpp, line 256]
Event: 2.545 Thread 0x00007f8ef0015400 Exception <a 'java/lang/NoSuchMethodError'{0x000000070d6b47b8}: 'void java.lang.invoke.DirectMethodHandle$Holder.invokeStaticInit(java.lang.Object)'> (0x000000070d6b47b8) 
thrown [./open/src/hotspot/share/interpreter/linkResolver.cpp, line 790]
Event: 2.553 Thread 0x00007f8ef0015400 Exception <a 'java/lang/NoSuchMethodError'{0x000000070d766da0}: 'java.lang.Object java.lang.invoke.DirectMethodHandle$Holder.newInvokeSpecial(java.lang.Object, java.lang.Object, java.lang.Object, java.lang.Object, java.lang.Object)'> (0x000000070d766da0) 
thrown [./open/src/hotspot/share/interpreter/linkResolver.cpp, line 790]
Event: 2.561 Thread 0x00007f8ef0015400 Exception <a 'java/lang/NoSuchMethodError'{0x000000070d772590}: 'java.lang.Object java.lang.invoke.DirectMethodHandle$Holder.invokeStatic(java.lang.Object, int, java.lang.Object, java.lang.Object, java.lang.Object, java.lang.Object)'> (0x000000070d772590) 
thrown [./open/src/hotspot/share/interpreter/linkResolver.cpp, line 790]
Event: 2.570 Thread 0x00007f8ef0015400 Exception <a 'java/lang/ClassNotFoundException'{0x000000070d7c9da8}: com/apple/laf/resources/spi/aquaProvider> (0x000000070d7c9da8) 
thrown [./open/src/hotspot/share/classfile/systemDictionary.cpp, line 256]
Event: 2.598 Thread 0x00007f8ef0015400 Exception <a 'java/lang/ClassNotFoundException'{0x000000070d439bc0}: com/sun/swing/internal/plaf/basic/resources/spi/basicProvider> (0x000000070d439bc0) 
thrown [./open/src/hotspot/share/classfile/systemDictionary.cpp, line 256]
Event: 2.606 Thread 0x00007f8ef0015400 Implicit null exception at 0x0000000122a4285b to 0x0000000122a43370
Event: 2.611 Thread 0x00007f8ef0015400 Implicit null exception at 0x0000000122aa710d to 0x0000000122aa7508
Event: 2.611 Thread 0x00007f8ef0015400 Implicit null exception at 0x0000000122a82d0f to 0x0000000122a83100
Event: 2.611 Thread 0x00007f8ef0015400 Implicit null exception at 0x0000000122a399af to 0x0000000122a39a2d
Event: 2.640 Thread 0x00007f8ef066b600 Exception <a 'java/lang/NoSuchMethodError'{0x000000070d4e52b8}: 'java.lang.Object java.lang.invoke.DirectMethodHandle$Holder.newInvokeSpecial(java.lang.Object, java.lang.Object, java.lang.Object, int, java.lang.Object)'> (0x000000070d4e52b8) 
thrown [./open/src/hotspot/share/interpreter/linkResolver.cpp, line 790]
Event: 2.641 Thread 0x00007f8ef066b600 Exception <a 'java/lang/NoSuchMethodError'{0x000000070d4ed190}: 'java.lang.Object java.lang.invoke.Invokers$Holder.linkToTargetMethod(java.lang.Object, java.lang.Object, int, java.lang.Object, java.lang.Object)'> (0x000000070d4ed190) 
thrown [./open/src/hotspot/share/interpreter/linkResolver.cpp, line 790]
Event: 2.665 Thread 0x00007f8ef066b600 Exception <a 'java/lang/NoSuchMethodError'{0x000000070d4feff8}: 'java.lang.Object java.lang.invoke.Invokers$Holder.linkToTargetMethod(int, int, int, int, java.lang.Object)'> (0x000000070d4feff8) 
thrown [./open/src/hotspot/share/interpreter/linkResolver.cpp, line 790]
Event: 2.666 Thread 0x00007f8ef066b600 Exception <a 'java/lang/NoSuchMethodError'{0x000000070d502e70}: 'void java.lang.invoke.DirectMethodHandle$Holder.invokeStatic(java.lang.Object, java.lang.Object, long)'> (0x000000070d502e70) 
thrown [./open/src/hotspot/share/interpreter/linkResolver.cpp, line 790]
Event: 2.705 Thread 0x00007f8ef066b600 Exception <a 'java/lang/NoSuchMethodError'{0x000000070d5177e8}: 'void java.lang.invoke.DirectMethodHandle$Holder.invokeStatic(java.lang.Object, long)'> (0x000000070d5177e8) 
thrown [./open/src/hotspot/share/interpreter/linkResolver.cpp, line 790]
Event: 2.706 Thread 0x00007f8ef066b600 Exception <a 'java/lang/NoSuchMethodError'{0x000000070d565258}: 'void java.lang.invoke.DirectMethodHandle$Holder.invokeSpecial(java.lang.Object, java.lang.Object, long)'> (0x000000070d565258) 
thrown [./open/src/hotspot/share/interpreter/linkResolver.cpp, line 790]
Event: 2.707 Thread 0x00007f8ef066b600 Exception <a 'java/lang/NoSuchMethodError'{0x000000070d56b628}: 'void java.lang.invoke.DirectMethodHandle$Holder.invokeStatic(java.lang.Object, long, long)'> (0x000000070d56b628) 
thrown [./open/src/hotspot/share/interpreter/linkResolver.cpp, line 790]
Event: 2.708 Thread 0x00007f8ef066b600 Exception <a 'java/lang/NoSuchMethodError'{0x000000070d571120}: 'java.lang.Object java.lang.invoke.DirectMethodHandle$Holder.newInvokeSpecial(java.lang.Object, long)'> (0x000000070d571120) 
thrown [./open/src/hotspot/share/interpreter/linkResolver.cpp, line 790]
Event: 2.713 Thread 0x00007f8ef066b600 Exception <a 'java/lang/NoSuchMethodError'{0x000000070d57b788}: 'java.lang.Object java.lang.invoke.DirectMethodHandle$Holder.newInvokeSpecial(java.lang.Object, java.lang.Object, int)'> (0x000000070d57b788) 
thrown [./open/src/hotspot/share/interpreter/linkResolver.cpp, line 790]

Events (20 events):
Event: 3.166 Thread 0x00007f8ebab7e800 Thread added: 0x00007f8ebab7e800
Event: 3.166 Protecting memory [0x00000003105da000,0x00000003105de000] with protection modes 0
Event: 3.166 Thread 0x00007f8ebab7d000 Thread added: 0x00007f8ebab7d000
Event: 3.166 Protecting memory [0x00000003106dd000,0x00000003106e1000] with protection modes 0
Event: 3.166 Thread 0x00007f8ebb13d800 Thread added: 0x00007f8ebb13d800
Event: 3.166 Protecting memory [0x00000003107e0000,0x00000003107e4000] with protection modes 0
Event: 3.172 Protecting memory [0x00000003105da000,0x00000003105de000] with protection modes 3
Event: 3.173 Thread 0x00007f8ebab7e800 Thread exited: 0x00007f8ebab7e800
Event: 3.175 Protecting memory [0x00000003106dd000,0x00000003106e1000] with protection modes 3
Event: 3.175 Thread 0x00007f8ebab7d000 Thread exited: 0x00007f8ebab7d000
Event: 3.186 Thread 0x00007f8ebab7e800 Thread added: 0x00007f8ebab7e800
Event: 3.186 Protecting memory [0x00000003105da000,0x00000003105de000] with protection modes 0
Event: 3.186 Thread 0x00007f8ebaa9a200 Thread added: 0x00007f8ebaa9a200
Event: 3.186 Protecting memory [0x00000003106dd000,0x00000003106e1000] with protection modes 0
Event: 3.187 Thread 0x00007f8ebaaec400 Thread added: 0x00007f8ebaaec400
Event: 3.187 Protecting memory [0x0000000310ae9000,0x0000000310aed000] with protection modes 0
Event: 3.192 Protecting memory [0x00000003106dd000,0x00000003106e1000] with protection modes 3
Event: 3.192 Thread 0x00007f8ebaa9a200 Thread exited: 0x00007f8ebaa9a200
Event: 3.193 Protecting memory [0x00000003105da000,0x00000003105de000] with protection modes 3
Event: 3.193 Thread 0x00007f8ebab7e800 Thread exited: 0x00007f8ebab7e800


Dynamic libraries:
0x00007ffdffbaa000 	/Library/Apple/usr/libexec/oah/runtime
0x00007fff2a5d3000 	/usr/lib/libz.1.dylib
0x000000010cee7000 	/Users/paulschlosser/Library/Java/JavaVirtualMachines/openjdk-16.0.1/Contents/Home/lib/libjli.dylib
0x00007fff3513a000 	/System/Library/Frameworks/Cocoa.framework/Versions/A/Cocoa
0x00007fff2210c000 	/System/Library/Frameworks/Security.framework/Versions/A/Security
0x00007fff33347000 	/System/Library/Frameworks/ApplicationServices.framework/Versions/A/ApplicationServices
0x00007fff2a69f000 	/usr/lib/libSystem.B.dylib
0x00007fff2a699000 	/usr/lib/system/libcache.dylib
0x00007fff2a655000 	/usr/lib/system/libcommonCrypto.dylib
0x00007fff2a67f000 	/usr/lib/system/libcompiler_rt.dylib
0x00007fff2a674000 	/usr/lib/system/libcopyfile.dylib
0x00007fff200de000 	/usr/lib/system/libcorecrypto.dylib
0x00007fff201a9000 	/usr/lib/system/libdispatch.dylib
0x00007fff2035c000 	/usr/lib/system/libdyld.dylib
0x00007fff2a690000 	/usr/lib/system/libkeymgr.dylib
0x00007fff2dbfb000 	/usr/lib/system/liblaunch.dylib
0x00007fff2a633000 	/usr/lib/system/libmacho.dylib
0x00007fff29e27000 	/usr/lib/system/libquarantine.dylib
0x00007fff2a68d000 	/usr/lib/system/libremovefile.dylib
0x00007fff24ae2000 	/usr/lib/system/libsystem_asl.dylib
0x00007fff2008e000 	/usr/lib/system/libsystem_blocks.dylib
0x00007fff2022b000 	/usr/lib/system/libsystem_c.dylib
0x00007fff2a687000 	/usr/lib/system/libsystem_collections.dylib
0x00007fff2921f000 	/usr/lib/system/libsystem_configuration.dylib
0x00007fff28503000 	/usr/lib/system/libsystem_containermanager.dylib
0x00007fff2a3d2000 	/usr/lib/system/libsystem_coreservices.dylib
0x00007fff226c1000 	/usr/lib/system/libsystem_darwin.dylib
0x00007fff2a691000 	/usr/lib/system/libsystem_dnssd.dylib
0x00007fff20228000 	/usr/lib/system/libsystem_featureflags.dylib
0x00007fff203a2000 	/usr/lib/system/libsystem_info.dylib
0x00007fff2a5e6000 	/usr/lib/system/libsystem_m.dylib
0x00007fff2017c000 	/usr/lib/system/libsystem_malloc.dylib
0x00007fff24a75000 	/usr/lib/system/libsystem_networkextension.dylib
0x00007fff22ae0000 	/usr/lib/system/libsystem_notify.dylib
0x00007fff3008a000 	/usr/lib/system/libsystem_product_info_filter.dylib
0x00007fff29223000 	/usr/lib/system/libsystem_sandbox.dylib
0x00007fff2a68a000 	/usr/lib/system/libsystem_secinit.dylib
0x00007fff20320000 	/usr/lib/system/libsystem_kernel.dylib
0x00007fff20398000 	/usr/lib/system/libsystem_platform.dylib
0x00007fff20350000 	/usr/lib/system/libsystem_pthread.dylib
0x00007fff261f1000 	/usr/lib/system/libsystem_symptoms.dylib
0x00007fff200c6000 	/usr/lib/system/libsystem_trace.dylib
0x00007fff2a661000 	/usr/lib/system/libunwind.dylib
0x00007fff20090000 	/usr/lib/system/libxpc.dylib
0x00007fff2030a000 	/usr/lib/libc++abi.dylib
0x00007fff201ee000 	/usr/lib/libobjc.A.dylib
0x00007fff2a66c000 	/usr/lib/liboah.dylib
0x00007fff202b4000 	/usr/lib/libc++.1.dylib
0x00007fff203ce000 	/System/Library/Frameworks/CoreFoundation.framework/Versions/A/CoreFoundation
0x00007fff210a5000 	/System/Library/Frameworks/Foundation.framework/Versions/C/Foundation
0x00007fff22b3a000 	/System/Library/Frameworks/AppKit.framework/Versions/C/AppKit
0x00007fff25a21000 	/System/Library/Frameworks/CoreData.framework/Versions/A/CoreData
0x00007fff23883000 	/System/Library/PrivateFrameworks/UIFoundation.framework/Versions/A/UIFoundation
0x00007fff2fe1d000 	/System/Library/PrivateFrameworks/RemoteViewServices.framework/Versions/A/RemoteViewServices
0x00007fff28bcd000 	/System/Library/PrivateFrameworks/XCTTargetBootstrap.framework/Versions/A/XCTTargetBootstrap
0x00007fff2b91f000 	/usr/lib/libspindump.dylib
0x00007fff23ad2000 	/System/Library/Frameworks/UniformTypeIdentifiers.framework/Versions/A/UniformTypeIdentifiers
0x00007fff273cd000 	/usr/lib/libapp_launch_measurement.dylib
0x00007fff273d0000 	/System/Library/PrivateFrameworks/CoreAutoLayout.framework/Versions/A/CoreAutoLayout
0x00007fff28530000 	/System/Library/Frameworks/Metal.framework/Versions/A/Metal
0x00007fff2922e000 	/usr/lib/liblangid.dylib
0x00007fff28bd1000 	/System/Library/PrivateFrameworks/CoreSVG.framework/Versions/A/CoreSVG
0x00007fff24b11000 	/System/Library/PrivateFrameworks/SkyLight.framework/Versions/A/SkyLight
0x00007fff24e76000 	/System/Library/Frameworks/CoreGraphics.framework/Versions/A/CoreGraphics
0x00007fff30344000 	/System/Library/Frameworks/Accelerate.framework/Versions/A/Accelerate
0x00007fff2b35d000 	/System/Library/PrivateFrameworks/IconServices.framework/Versions/A/IconServices
0x00007fff28514000 	/System/Library/Frameworks/IOSurface.framework/Versions/A/IOSurface
0x00007fff263b5000 	/usr/lib/libDiagnosticMessagesClient.dylib
0x00007fff28bb9000 	/System/Library/PrivateFrameworks/DFRFoundation.framework/Versions/A/DFRFoundation
0x00007fff22461000 	/usr/lib/libicucore.A.dylib
0x00007fff2ce64000 	/System/Library/Frameworks/AudioToolbox.framework/Versions/A/AudioToolbox
0x00007fff2c0ee000 	/System/Library/PrivateFrameworks/DataDetectorsCore.framework/Versions/A/DataDetectorsCore
0x00007fff24a85000 	/usr/lib/libMobileGestalt.dylib
0x00007fff288bd000 	/System/Library/Frameworks/Carbon.framework/Versions/A/Frameworks/HIToolbox.framework/Versions/A/HIToolbox
0x00007fff26e13000 	/System/Library/Frameworks/QuartzCore.framework/Versions/A/QuartzCore
0x00007fff2fe55000 	/System/Library/Frameworks/Carbon.framework/Versions/A/Frameworks/SpeechRecognition.framework/Versions/A/SpeechRecognition
0x00007fff27132000 	/System/Library/PrivateFrameworks/CoreUI.framework/Versions/A/CoreUI
0x00007fff21a7b000 	/System/Library/Frameworks/CoreAudio.framework/Versions/A/CoreAudio
0x00007fff264a0000 	/System/Library/Frameworks/DiskArbitration.framework/Versions/A/DiskArbitration
0x00007fff2bcec000 	/System/Library/PrivateFrameworks/MultitouchSupport.framework/Versions/A/MultitouchSupport
0x00007fff2c0e5000 	/System/Library/PrivateFrameworks/InternationalSupport.framework/Versions/A/InternationalSupport
0x00007fff24a84000 	/usr/lib/libenergytrace.dylib
0x00007fff22a31000 	/System/Library/Frameworks/IOKit.framework/Versions/A/IOKit
0x00007fff30188000 	/System/Library/Frameworks/CoreServices.framework/Versions/A/CoreServices
0x00007fff2735f000 	/System/Library/PrivateFrameworks/PerformanceAnalysis.framework/Versions/A/PerformanceAnalysis
0x00007fff6bc4a000 	/System/Library/Frameworks/OpenGL.framework/Versions/A/OpenGL
0x00007fff2c169000 	/System/Library/PrivateFrameworks/UserActivity.framework/Versions/A/UserActivity
0x00007fff25528000 	/System/Library/Frameworks/ColorSync.framework/Versions/A/ColorSync
0x00007fff28e3c000 	/System/Library/Frameworks/CoreImage.framework/Versions/A/CoreImage
0x00007fff21895000 	/System/Library/Frameworks/CoreText.framework/Versions/A/CoreText
0x00007fff28bfb000 	/System/Library/Frameworks/ImageIO.framework/Versions/A/ImageIO
0x00007fff2a6a5000 	/System/Library/PrivateFrameworks/SoftLinking.framework/Versions/A/SoftLinking
0x00007fff27418000 	/usr/lib/libxml2.2.dylib
0x00007fff2a912000 	/usr/lib/libcompression.dylib
0x00007fff2c017000 	/System/Library/PrivateFrameworks/TextureIO.framework/Versions/A/TextureIO
0x00007fff2b002000 	/usr/lib/libate.dylib
0x00007fff2ad2e000 	/usr/lib/liblzma.5.dylib
0x00007fff20db9000 	/System/Library/Frameworks/SystemConfiguration.framework/Versions/A/SystemConfiguration
0x00007fff2a6a1000 	/usr/lib/libfakelink.dylib
0x00007fff245d6000 	/System/Library/Frameworks/CFNetwork.framework/Versions/A/CFNetwork
0x00007fff2a7e1000 	/usr/lib/libarchive.2.dylib
0x00007fff20e37000 	/usr/lib/libCRFSuite.dylib
0x00007fff29e4e000 	/usr/lib/libbsm.0.dylib
0x00007fff23f4f000 	/usr/lib/libnetwork.dylib
0x00007fff2a6a6000 	/usr/lib/libpcap.A.dylib
0x00007fff261ea000 	/usr/lib/libdns_services.dylib
0x00007fff2ad47000 	/usr/lib/libcoretls_cfhelpers.dylib
0x00007fff2a8e0000 	/usr/lib/libapple_nghttp2.dylib
0x00007fff2a639000 	/usr/lib/system/libkxld.dylib
0x00007fff25e68000 	/usr/lib/libsqlite3.dylib
0x00007fff2a3b5000 	/System/Library/PrivateFrameworks/AppleFSCompression.framework/Versions/A/AppleFSCompression
0x00007fff29e36000 	/usr/lib/libcoretls.dylib
0x00007fff2a90d000 	/usr/lib/libpam.2.dylib
0x00007fff2ae45000 	/usr/lib/libxar.1.dylib
0x00007fff2922a000 	/System/Library/PrivateFrameworks/AppleSystemInfo.framework/Versions/A/AppleSystemInfo
0x00007fff29a78000 	/System/Library/PrivateFrameworks/IOMobileFramebuffer.framework/Versions/A/IOMobileFramebuffer
0x00007fff2a3c5000 	/usr/lib/libbz2.1.0.dylib
0x00007fff2a6de000 	/usr/lib/libiconv.2.dylib
0x00007fff2a632000 	/usr/lib/libcharset.1.dylib
0x00007fff2739b000 	/System/Library/Frameworks/CoreServices.framework/Versions/A/Frameworks/FSEvents.framework/Versions/A/FSEvents
0x00007fff226cb000 	/System/Library/Frameworks/CoreServices.framework/Versions/A/Frameworks/CarbonCore.framework/Versions/A/CarbonCore
0x00007fff26405000 	/System/Library/Frameworks/CoreServices.framework/Versions/A/Frameworks/Metadata.framework/Versions/A/Metadata
0x00007fff2a3d7000 	/System/Library/Frameworks/CoreServices.framework/Versions/A/Frameworks/OSServices.framework/Versions/A/OSServices
0x00007fff2a853000 	/System/Library/Frameworks/CoreServices.framework/Versions/A/Frameworks/SearchKit.framework/Versions/A/SearchKit
0x00007fff26175000 	/System/Library/Frameworks/CoreServices.framework/Versions/A/Frameworks/AE.framework/Versions/A/AE
0x00007fff2086c000 	/System/Library/Frameworks/CoreServices.framework/Versions/A/Frameworks/LaunchServices.framework/Versions/A/LaunchServices
0x00007fff2acde000 	/System/Library/Frameworks/CoreServices.framework/Versions/A/Frameworks/DictionaryServices.framework/Versions/A/DictionaryServices
0x00007fff273a8000 	/System/Library/Frameworks/CoreServices.framework/Versions/A/Frameworks/SharedFileList.framework/Versions/A/SharedFileList
0x00007fff29e2a000 	/usr/lib/libCheckFix.dylib
0x00007fff24af9000 	/System/Library/PrivateFrameworks/TCC.framework/Versions/A/TCC
0x00007fff29230000 	/System/Library/PrivateFrameworks/CoreNLP.framework/Versions/A/CoreNLP
0x00007fff263b8000 	/System/Library/PrivateFrameworks/MetadataUtilities.framework/Versions/A/MetadataUtilities
0x00007fff20e6c000 	/usr/lib/libmecabra.dylib
0x00007fff2a134000 	/System/Library/Frameworks/MLCompute.framework/Versions/A/MLCompute
0x00007fff29e5f000 	/usr/lib/libmecab.dylib
0x00007fff29ea9000 	/usr/lib/libgermantok.dylib
0x00007fff2a8bb000 	/usr/lib/libThaiTokenizer.dylib
0x00007fff2ae80000 	/usr/lib/libChineseTokenizer.dylib
0x00007fff2a90b000 	/System/Library/Frameworks/MetalPerformanceShaders.framework/Versions/A/MetalPerformanceShaders
0x00007fff264a7000 	/System/Library/Frameworks/Accelerate.framework/Versions/A/Frameworks/vImage.framework/Versions/A/vImage
0x00007fff30162000 	/System/Library/Frameworks/Accelerate.framework/Versions/A/Frameworks/vecLib.framework/Versions/A/vecLib
0x00007fff2ae8b000 	/System/Library/Frameworks/Accelerate.framework/Versions/A/Frameworks/vecLib.framework/Versions/A/libvMisc.dylib
0x00007fff298d8000 	/System/Library/Frameworks/Accelerate.framework/Versions/A/Frameworks/vecLib.framework/Versions/A/libvDSP.dylib
0x00007fff20b75000 	/System/Library/Frameworks/Accelerate.framework/Versions/A/Frameworks/vecLib.framework/Versions/A/libBLAS.dylib
0x00007fff2a939000 	/System/Library/Frameworks/Accelerate.framework/Versions/A/Frameworks/vecLib.framework/Versions/A/libLAPACK.dylib
0x00007fff29eaf000 	/System/Library/Frameworks/Accelerate.framework/Versions/A/Frameworks/vecLib.framework/Versions/A/libLinearAlgebra.dylib
0x00007fff2a8f8000 	/System/Library/Frameworks/Accelerate.framework/Versions/A/Frameworks/vecLib.framework/Versions/A/libSparseBLAS.dylib
0x00007fff2a933000 	/System/Library/Frameworks/Accelerate.framework/Versions/A/Frameworks/vecLib.framework/Versions/A/libQuadrature.dylib
0x00007fff292dc000 	/System/Library/Frameworks/Accelerate.framework/Versions/A/Frameworks/vecLib.framework/Versions/A/libBNNS.dylib
0x00007fff20d4a000 	/System/Library/Frameworks/Accelerate.framework/Versions/A/Frameworks/vecLib.framework/Versions/A/libSparse.dylib
0x00007fff291b8000 	/System/Library/Frameworks/MetalPerformanceShaders.framework/Versions/A/Frameworks/MPSCore.framework/Versions/A/MPSCore
0x00007fff2a324000 	/System/Library/Frameworks/MetalPerformanceShaders.framework/Versions/A/Frameworks/MPSImage.framework/Versions/A/MPSImage
0x00007fff29ec5000 	/System/Library/Frameworks/MetalPerformanceShaders.framework/Versions/A/Frameworks/MPSNeuralNetwork.framework/Versions/A/MPSNeuralNetwork
0x00007fff2a296000 	/System/Library/Frameworks/MetalPerformanceShaders.framework/Versions/A/Frameworks/MPSMatrix.framework/Versions/A/MPSMatrix
0x00007fff2a0e4000 	/System/Library/Frameworks/MetalPerformanceShaders.framework/Versions/A/Frameworks/MPSRayIntersector.framework/Versions/A/MPSRayIntersector
0x00007fff2a2cd000 	/System/Library/Frameworks/MetalPerformanceShaders.framework/Versions/A/Frameworks/MPSNDArray.framework/Versions/A/MPSNDArray
0x00007fff20aa1000 	/System/Library/PrivateFrameworks/MetalTools.framework/Versions/A/MetalTools
0x00007fff29228000 	/System/Library/PrivateFrameworks/AggregateDictionary.framework/Versions/A/AggregateDictionary
0x00007fff26385000 	/System/Library/PrivateFrameworks/CoreAnalytics.framework/Versions/A/CoreAnalytics
0x00007fff2a8bd000 	/System/Library/PrivateFrameworks/AppleSauce.framework/Versions/A/AppleSauce
0x00007fff28526000 	/System/Library/PrivateFrameworks/IOAccelerator.framework/Versions/A/IOAccelerator
0x00007fff6bc3e000 	/System/Library/Frameworks/OpenGL.framework/Versions/A/Libraries/libCoreFSCache.dylib
0x00007fff21404000 	/System/Library/PrivateFrameworks/LanguageModeling.framework/Versions/A/LanguageModeling
0x00007fff29a66000 	/System/Library/PrivateFrameworks/CoreEmoji.framework/Versions/A/CoreEmoji
0x00007fff292d5000 	/System/Library/PrivateFrameworks/LinguisticData.framework/Versions/A/LinguisticData
0x00007fff20cfc000 	/System/Library/PrivateFrameworks/Lexicon.framework/Versions/A/Lexicon
0x00007fff2a7cf000 	/usr/lib/libcmph.dylib
0x00007fff2737b000 	/System/Library/Frameworks/OpenDirectory.framework/Versions/A/Frameworks/CFOpenDirectory.framework/Versions/A/CFOpenDirectory
0x00007fff2736b000 	/System/Library/Frameworks/OpenDirectory.framework/Versions/A/OpenDirectory
0x00007fff2ad49000 	/System/Library/PrivateFrameworks/APFS.framework/Versions/A/APFS
0x00007fff29d8c000 	/System/Library/Frameworks/SecurityFoundation.framework/Versions/A/SecurityFoundation
0x00007fff2ae53000 	/usr/lib/libutil.dylib
0x00007fff229f6000 	/System/Library/PrivateFrameworks/CoreServicesStore.framework/Versions/A/CoreServicesStore
0x00007fff29e22000 	/System/Library/Frameworks/ServiceManagement.framework/Versions/A/ServiceManagement
0x00007fff2ae57000 	/usr/lib/libxslt.1.dylib
0x00007fff29e18000 	/System/Library/PrivateFrameworks/BackgroundTaskManagement.framework/Versions/A/BackgroundTaskManagement
0x00007fff2bf62000 	/System/Library/Frameworks/ImageIO.framework/Versions/A/Resources/libRadiance.dylib
0x00007fff2bf6b000 	/System/Library/Frameworks/ImageIO.framework/Versions/A/Resources/libJPEG.dylib
0x00007fff2beb6000 	/System/Library/Frameworks/ImageIO.framework/Versions/A/Resources/libPng.dylib
0x00007fff2bedd000 	/System/Library/Frameworks/ImageIO.framework/Versions/A/Resources/libTIFF.dylib
0x00007fff2bfc0000 	/System/Library/Frameworks/ImageIO.framework/Versions/A/Resources/libGIF.dylib
0x00007fff2bc09000 	/System/Library/Frameworks/ImageIO.framework/Versions/A/Resources/libJP2.dylib
0x00007fff2b325000 	/usr/lib/libexpat.1.dylib
0x00007fff2bbbf000 	/System/Library/PrivateFrameworks/AppleJPEG.framework/Versions/A/AppleJPEG
0x00007fff2875c000 	/System/Library/PrivateFrameworks/FontServices.framework/libFontParser.dylib
0x00007fff2612c000 	/System/Library/PrivateFrameworks/RunningBoardServices.framework/Versions/A/RunningBoardServices
0x00007fff2bce8000 	/System/Library/PrivateFrameworks/WatchdogClient.framework/Versions/A/WatchdogClient
0x00007fff214ed000 	/System/Library/Frameworks/CoreDisplay.framework/Versions/A/CoreDisplay
0x00007fff28671000 	/System/Library/Frameworks/CoreMedia.framework/Versions/A/CoreMedia
0x00007fff274fb000 	/System/Library/Frameworks/CoreVideo.framework/Versions/A/CoreVideo
0x00007fff2bd23000 	/System/Library/Frameworks/VideoToolbox.framework/Versions/A/VideoToolbox
0x00007fff260ac000 	/System/Library/PrivateFrameworks/BaseBoard.framework/Versions/A/BaseBoard
0x00007fff2b469000 	/System/Library/PrivateFrameworks/PersistentConnection.framework/Versions/A/PersistentConnection
0x00007fff25e52000 	/System/Library/PrivateFrameworks/ProtocolBuffer.framework/Versions/A/ProtocolBuffer
0x00007fff26094000 	/System/Library/PrivateFrameworks/CommonUtilities.framework/Versions/A/CommonUtilities
0x00007fff2bb82000 	/System/Library/PrivateFrameworks/Bom.framework/Versions/A/Bom
0x00007fff2bf5a000 	/System/Library/PrivateFrameworks/GPUWrangler.framework/Versions/A/GPUWrangler
0x00007fff2bf3d000 	/System/Library/PrivateFrameworks/IOPresentment.framework/Versions/A/IOPresentment
0x00007fff2bf65000 	/System/Library/PrivateFrameworks/DSExternalDisplay.framework/Versions/A/DSExternalDisplay
0x00007fff2bfc5000 	/System/Library/PrivateFrameworks/CMCaptureCore.framework/Versions/A/CMCaptureCore
0x00007fff2b905000 	/System/Library/PrivateFrameworks/AppServerSupport.framework/Versions/A/AppServerSupport
0x00007fff2d99e000 	/System/Library/PrivateFrameworks/perfdata.framework/Versions/A/perfdata
0x00007fff29d7b000 	/System/Library/PrivateFrameworks/AssertionServices.framework/Versions/A/AssertionServices
0x00007fff21624000 	/System/Library/PrivateFrameworks/AudioToolboxCore.framework/Versions/A/AudioToolboxCore
0x00007fff28654000 	/System/Library/PrivateFrameworks/caulk.framework/Versions/A/caulk
0x00007fff3cdd6000 	/System/Library/PrivateFrameworks/SystemPolicy.framework/Versions/A/SystemPolicy
0x00007fff2b134000 	/usr/lib/libIOReport.dylib
0x00007fff2d1da000 	/usr/lib/libSMC.dylib
0x00007fff2be82000 	/usr/lib/libAudioToolboxUtility.dylib
0x00007fff3d730000 	/usr/lib/libmis.dylib
0x00007fff6bc9a000 	/System/Library/Frameworks/OpenGL.framework/Versions/A/Libraries/libGLU.dylib
0x00007fff6bc5d000 	/System/Library/Frameworks/OpenGL.framework/Versions/A/Libraries/libGFXShared.dylib
0x00007fff6be6b000 	/System/Library/Frameworks/OpenGL.framework/Versions/A/Libraries/libGL.dylib
0x00007fff6bc66000 	/System/Library/Frameworks/OpenGL.framework/Versions/A/Libraries/libGLImage.dylib
0x00007fff6bc5a000 	/System/Library/Frameworks/OpenGL.framework/Versions/A/Libraries/libCVMSPluginSupport.dylib
0x00007fff6bc45000 	/System/Library/Frameworks/OpenGL.framework/Versions/A/Libraries/libCoreVMClient.dylib
0x00007fff6d2b5000 	/System/Library/Frameworks/OpenCL.framework/Versions/A/OpenCL
0x00007fff2b492000 	/System/Library/PrivateFrameworks/GraphVisualizer.framework/Versions/A/GraphVisualizer
0x00007fff2b4a1000 	/System/Library/PrivateFrameworks/FaceCore.framework/Versions/A/FaceCore
0x00007fff2b8bd000 	/System/Library/PrivateFrameworks/OTSVG.framework/Versions/A/OTSVG
0x00007fff270f0000 	/System/Library/Frameworks/ApplicationServices.framework/Versions/A/Frameworks/ATS.framework/Versions/A/Resources/libFontRegistry.dylib
0x00007fff2b90c000 	/System/Library/PrivateFrameworks/FontServices.framework/libhvf.dylib
0x00007fff2b2d1000 	/System/Library/PrivateFrameworks/AppleVA.framework/Versions/A/AppleVA
0x00007fff2d022000 	/System/Library/Frameworks/ApplicationServices.framework/Versions/A/Frameworks/ATS.framework/Versions/A/ATS
0x00007fff2d335000 	/System/Library/Frameworks/ApplicationServices.framework/Versions/A/Frameworks/ColorSyncLegacy.framework/Versions/A/ColorSyncLegacy
0x00007fff2561f000 	/System/Library/Frameworks/ApplicationServices.framework/Versions/A/Frameworks/HIServices.framework/Versions/A/HIServices
0x00007fff2d31a000 	/System/Library/Frameworks/ApplicationServices.framework/Versions/A/Frameworks/LangAnalysis.framework/Versions/A/LangAnalysis
0x00007fff2bfcf000 	/System/Library/Frameworks/ApplicationServices.framework/Versions/A/Frameworks/PrintCore.framework/Versions/A/PrintCore
0x00007fff2d33d000 	/System/Library/Frameworks/ApplicationServices.framework/Versions/A/Frameworks/QD.framework/Versions/A/QD
0x00007fff2d012000 	/System/Library/Frameworks/ApplicationServices.framework/Versions/A/Frameworks/SpeechSynthesis.framework/Versions/A/SpeechSynthesis
0x00007fff2bf90000 	/System/Library/Frameworks/ApplicationServices.framework/Versions/A/Frameworks/ATSUI.framework/Versions/A/ATSUI
0x00007fff2d2ba000 	/usr/lib/libcups.2.dylib
0x00007fff2d32a000 	/System/Library/PrivateFrameworks/NetAuth.framework/Versions/A/NetAuth
0x00007fff2d9b9000 	/System/Library/Frameworks/Kerberos.framework/Versions/A/Kerberos
0x00007fff2d9c9000 	/System/Library/Frameworks/GSS.framework/Versions/A/GSS
0x00007fff2d08f000 	/usr/lib/libresolv.9.dylib
0x00007fff2b922000 	/System/Library/PrivateFrameworks/Heimdal.framework/Versions/A/Heimdal
0x00007fff3365c000 	/System/Library/Frameworks/Kerberos.framework/Versions/A/Libraries/libHeimdalProxy.dylib
0x00007fff261f9000 	/System/Library/Frameworks/Network.framework/Versions/A/Network
0x00007fff2b33e000 	/usr/lib/libheimdal-asn1.dylib
0x00007fff2da1a000 	/System/Library/PrivateFrameworks/CommonAuth.framework/Versions/A/CommonAuth
0x00007fff27549000 	/System/Library/PrivateFrameworks/login.framework/Versions/A/Frameworks/loginsupport.framework/Versions/A/loginsupport
0x00007fff2cf99000 	/System/Library/PrivateFrameworks/AudioSession.framework/Versions/A/AudioSession
0x00007fff2cfff000 	/usr/lib/libAudioStatistics.dylib
0x00007fff2b3ca000 	/System/Library/PrivateFrameworks/MediaExperience.framework/Versions/A/MediaExperience
0x00007fff2ce32000 	/System/Library/PrivateFrameworks/AudioSession.framework/libSessionUtility.dylib
0x00007fff2d9aa000 	/usr/lib/libperfcheck.dylib
0x00007fff2d349000 	/System/Library/PrivateFrameworks/AudioResourceArbitration.framework/Versions/A/AudioResourceArbitration
0x00007fff2b348000 	/System/Library/PrivateFrameworks/IconFoundation.framework/Versions/A/IconFoundation
0x00007fff2fe45000 	/System/Library/PrivateFrameworks/SpeechRecognitionCore.framework/Versions/A/SpeechRecognitionCore
0x0000000111000000 	/Users/paulschlosser/Library/Java/JavaVirtualMachines/openjdk-16.0.1/Contents/Home/lib/server/libjvm.dylib
0x000000010cf8e000 	/Users/paulschlosser/Library/Java/JavaVirtualMachines/openjdk-16.0.1/Contents/Home/lib/libjimage.dylib
0x000000010cfa9000 	/Users/paulschlosser/Library/Java/JavaVirtualMachines/openjdk-16.0.1/Contents/Home/lib/libinstrument.dylib
0x000000011387b000 	/Users/paulschlosser/Library/Java/JavaVirtualMachines/openjdk-16.0.1/Contents/Home/lib/libjava.dylib
0x0000000135b23000 	/Users/paulschlosser/Library/Java/JavaVirtualMachines/openjdk-16.0.1/Contents/Home/lib/libzip.dylib
0x0000000135bcb000 	/Users/paulschlosser/Library/Java/JavaVirtualMachines/openjdk-16.0.1/Contents/Home/lib/libnio.dylib
0x0000000138250000 	/Users/paulschlosser/Library/Java/JavaVirtualMachines/openjdk-16.0.1/Contents/Home/lib/libnet.dylib
0x0000000135a3c000 	/Users/paulschlosser/Library/Java/JavaVirtualMachines/openjdk-16.0.1/Contents/Home/lib/libextnet.dylib
0x000000013840f000 	/Users/paulschlosser/.javacpp/cache/opencv-3.4.0-1.4-macosx-x86_64.jar/org/bytedeco/javacpp/macosx-x86_64/libopencv_core.3.4.dylib
0x0000000138b56000 	/Users/paulschlosser/.javacpp/cache/opencv-3.4.0-1.4-macosx-x86_64.jar/org/bytedeco/javacpp/macosx-x86_64/libopencv_imgproc.3.4.dylib
0x000000013935c000 	/Users/paulschlosser/.javacpp/cache/opencv-3.4.0-1.4-macosx-x86_64.jar/org/bytedeco/javacpp/macosx-x86_64/libjniopencv_core.dylib
0x00007fff6ebfe000 	/System/Library/Frameworks/JavaVM.framework/Versions/A/JavaVM
0x0000000139bb9000 	/Users/paulschlosser/.javacpp/cache/opencv-3.4.0-1.4-macosx-x86_64.jar/org/bytedeco/javacpp/macosx-x86_64/libjniopencv_imgproc.dylib
0x0000000139eee000 	/Users/paulschlosser/.javacpp/cache/opencv-3.4.0-1.4-macosx-x86_64.jar/org/bytedeco/javacpp/macosx-x86_64/libopencv_objdetect.3.4.dylib
0x0000000139fce000 	/Users/paulschlosser/.javacpp/cache/opencv-3.4.0-1.4-macosx-x86_64.jar/org/bytedeco/javacpp/macosx-x86_64/libjniopencv_objdetect.dylib
0x000000013a174000 	/Users/paulschlosser/.javacpp/cache/opencv-3.4.0-1.4-macosx-x86_64.jar/org/bytedeco/javacpp/macosx-x86_64/libopencv_imgcodecs.3.4.dylib
0x000000013a734000 	/Users/paulschlosser/.javacpp/cache/opencv-3.4.0-1.4-macosx-x86_64.jar/org/bytedeco/javacpp/macosx-x86_64/libjniopencv_imgcodecs.dylib
0x000000013a7c1000 	/Users/paulschlosser/.javacpp/cache/opencv-3.4.0-1.4-macosx-x86_64.jar/org/bytedeco/javacpp/macosx-x86_64/libopencv_videoio.3.4.dylib
0x00007fff3cc1c000 	/System/Library/Frameworks/AVFoundation.framework/Versions/A/AVFoundation
0x00007fff6e3bf000 	/System/Library/Frameworks/AVFAudio.framework/Versions/A/AVFAudio
0x00007fff317a7000 	/System/Library/PrivateFrameworks/AVFCore.framework/Versions/A/AVFCore
0x00007fff3783b000 	/System/Library/PrivateFrameworks/AVFCapture.framework/Versions/A/AVFCapture
0x00007fff2e529000 	/System/Library/Frameworks/IOBluetooth.framework/Versions/A/IOBluetooth
0x00007fff29a83000 	/System/Library/Frameworks/CoreWLAN.framework/Versions/A/CoreWLAN
0x00007fff3370f000 	/System/Library/Frameworks/AudioUnit.framework/Versions/A/AudioUnit
0x00007fff30b86000 	/System/Library/Frameworks/CoreBluetooth.framework/Versions/A/CoreBluetooth
0x00007fff32cc2000 	/System/Library/PrivateFrameworks/CoreWiFi.framework/Versions/A/CoreWiFi
0x00007fff29b56000 	/System/Library/PrivateFrameworks/CoreUtils.framework/Versions/A/CoreUtils
0x00007fff29d58000 	/System/Library/PrivateFrameworks/MobileKeyBag.framework/Versions/A/MobileKeyBag
0x00007fff3be74000 	/System/Library/PrivateFrameworks/AirPlaySync.framework/Versions/A/AirPlaySync
0x00007fff2c1c7000 	/System/Library/Frameworks/MediaToolbox.framework/Versions/A/MediaToolbox
0x00007fff2d175000 	/System/Library/Frameworks/CoreMediaIO.framework/Versions/A/CoreMediaIO
0x00007fff3119e000 	/System/Library/PrivateFrameworks/CoreAVCHD.framework/Versions/A/CoreAVCHD
0x00007fff30385000 	/System/Library/Frameworks/MediaAccessibility.framework/Versions/A/MediaAccessibility
0x00007fff3119a000 	/System/Library/PrivateFrameworks/Mangrove.framework/Versions/A/Mangrove
0x00007fff30391000 	/System/Library/PrivateFrameworks/AlgosScoreFramework.framework/Versions/A/AlgosScoreFramework
0x00007fff31b88000 	/System/Library/PrivateFrameworks/AppleVPA.framework/Versions/A/AppleVPA
0x00007fff30ddf000 	/System/Library/PrivateFrameworks/CoreAUC.framework/Versions/A/CoreAUC
0x00007fff3794e000 	/System/Library/PrivateFrameworks/Quagga.framework/Versions/A/Quagga
0x00007fff379e2000 	/System/Library/PrivateFrameworks/CMCapture.framework/Versions/A/CMCapture
0x00007fff33822000 	/System/Library/PrivateFrameworks/Espresso.framework/Versions/A/Espresso
0x00007fff34fa2000 	/System/Library/PrivateFrameworks/AppleNeuralEngine.framework/Versions/A/AppleNeuralEngine
0x00007fff34024000 	/System/Library/PrivateFrameworks/ANEServices.framework/Versions/A/ANEServices
0x00007fff22aec000 	/usr/lib/libsandbox.1.dylib
0x00007fff2b23d000 	/usr/lib/libMatch.1.dylib
0x00007fff6fa24000 	/System/Library/PrivateFrameworks/CMImaging.framework/Versions/A/CMImaging
0x00007fff32e14000 	/System/Library/PrivateFrameworks/BackBoardServices.framework/Versions/A/BackBoardServices
0x00007fff3193c000 	/System/Library/PrivateFrameworks/FrontBoardServices.framework/Versions/A/FrontBoardServices
0x00007fff319ac000 	/System/Library/PrivateFrameworks/BoardServices.framework/Versions/A/BoardServices
0x000000013a815000 	/Users/paulschlosser/.javacpp/cache/opencv-3.4.0-1.4-macosx-x86_64.jar/org/bytedeco/javacpp/macosx-x86_64/libjniopencv_videoio.dylib
0x000000013a88d000 	/System/Library/Components/AudioCodecs.component/Contents/MacOS/AudioCodecs
0x00007fff30bf6000 	/System/Library/PrivateFrameworks/PowerLog.framework/Versions/A/PowerLog
0x00007fff229b7000 	/System/Library/PrivateFrameworks/CoreServicesInternal.framework/Versions/A/CoreServicesInternal
0x000000013b752000 	/System/Library/Extensions/AGXMetal13_3.bundle/Contents/MacOS/AGXMetal13_3
0x00007fff38760000 	/System/Library/PrivateFrameworks/IOGPU.framework/Versions/A/IOGPU
0x000000013efa9000 	/Users/paulschlosser/.javacpp/cache/leptonica-1.73-1.3-macosx-x86_64.jar/org/bytedeco/javacpp/macosx-x86_64/liblept.5.dylib
0x000000013f899000 	/Users/paulschlosser/.javacpp/cache/leptonica-1.73-1.3-macosx-x86_64.jar/org/bytedeco/javacpp/macosx-x86_64/libjnilept.dylib
0x0000000140c00000 	/Users/paulschlosser/.javacpp/cache/tesseract-3.04.01-1.3-macosx-x86_64.jar/org/bytedeco/javacpp/macosx-x86_64/libtesseract.3.dylib
0x000000014012b000 	/Users/paulschlosser/.javacpp/cache/tesseract-3.04.01-1.3-macosx-x86_64.jar/org/bytedeco/javacpp/macosx-x86_64/libjnitesseract.dylib
0x000000014030c000 	/Users/paulschlosser/Library/Java/JavaVirtualMachines/openjdk-16.0.1/Contents/Home/lib/libmanagement.dylib
0x0000000140322000 	/Users/paulschlosser/Library/Java/JavaVirtualMachines/openjdk-16.0.1/Contents/Home/lib/libmanagement_ext.dylib
0x0000000141494000 	/Users/paulschlosser/Library/Java/JavaVirtualMachines/openjdk-16.0.1/Contents/Home/lib/libawt.dylib
0x000000014160d000 	/Users/paulschlosser/Library/Java/JavaVirtualMachines/openjdk-16.0.1/Contents/Home/lib/libmlib_image.dylib
0x00007fff6ebea000 	/System/Library/Frameworks/JavaNativeFoundation.framework/Versions/A/JavaNativeFoundation
0x00007fff6ebf6000 	/System/Library/Frameworks/JavaRuntimeSupport.framework/Versions/A/JavaRuntimeSupport
0x00007fff3cb20000 	/System/Library/Frameworks/Carbon.framework/Versions/A/Carbon
0x00007fff31cb6000 	/System/Library/PrivateFrameworks/CoreSymbolication.framework/Versions/A/CoreSymbolication
0x00007fff365d7000 	/System/Library/Frameworks/Carbon.framework/Versions/A/Frameworks/CommonPanels.framework/Versions/A/CommonPanels
0x00007fff330f1000 	/System/Library/Frameworks/Carbon.framework/Versions/A/Frameworks/Help.framework/Versions/A/Help
0x00007fff365db000 	/System/Library/Frameworks/Carbon.framework/Versions/A/Frameworks/ImageCapture.framework/Versions/A/ImageCapture
0x00007fff365ab000 	/System/Library/Frameworks/Carbon.framework/Versions/A/Frameworks/OpenScripting.framework/Versions/A/OpenScripting
0x00007fff365d3000 	/System/Library/Frameworks/Carbon.framework/Versions/A/Frameworks/Ink.framework/Versions/A/Ink
0x00007fff3cb1c000 	/System/Library/Frameworks/Carbon.framework/Versions/A/Frameworks/Print.framework/Versions/A/Print
0x00007fff365cf000 	/System/Library/Frameworks/Carbon.framework/Versions/A/Frameworks/SecurityHI.framework/Versions/A/SecurityHI
0x00007fff31c7a000 	/System/Library/PrivateFrameworks/DebugSymbols.framework/Versions/A/DebugSymbols
0x000000014175f000 	/Users/paulschlosser/Library/Java/JavaVirtualMachines/openjdk-16.0.1/Contents/Home/lib/libawt_lwawt.dylib
0x00000001403ca000 	/Users/paulschlosser/Library/Java/JavaVirtualMachines/openjdk-16.0.1/Contents/Home/lib/libosxapp.dylib
0x00007fff3c13b000 	/System/Library/Frameworks/ExceptionHandling.framework/Versions/A/ExceptionHandling
0x00000001418f4000 	/Users/paulschlosser/Library/Java/JavaVirtualMachines/openjdk-16.0.1/Contents/Home/lib/libfontmanager.dylib
0x000000014191b000 	/Users/paulschlosser/Library/Java/JavaVirtualMachines/openjdk-16.0.1/Contents/Home/lib/libharfbuzz.dylib
0x0000000141cb1000 	/Users/paulschlosser/Library/Java/JavaVirtualMachines/openjdk-16.0.1/Contents/Home/lib/libfreetype.dylib
0x00007fff311cc000 	/System/Library/Frameworks/FileProvider.framework/Versions/A/FileProvider
0x00007fff26017000 	/System/Library/Frameworks/Accounts.framework/Versions/A/Accounts
0x00007fff3131c000 	/System/Library/PrivateFrameworks/GenerationalStorage.framework/Versions/A/GenerationalStorage
0x00007fff30bec000 	/System/Library/PrivateFrameworks/SymptomDiagnosticReporter.framework/Versions/A/SymptomDiagnosticReporter
0x00007fff23ae5000 	/System/Library/PrivateFrameworks/DesktopServicesPriv.framework/Versions/A/DesktopServicesPriv
0x00007fff27574000 	/System/Library/PrivateFrameworks/UserManagement.framework/Versions/A/UserManagement
0x00007fff346de000 	/System/Library/PrivateFrameworks/ChunkingLibrary.framework/Versions/A/ChunkingLibrary
0x00007fff2e3dd000 	/System/Library/PrivateFrameworks/Sharing.framework/Versions/A/Sharing
0x00007fff32c5e000 	/System/Library/PrivateFrameworks/Apple80211.framework/Versions/A/Apple80211
0x00007fff2a405000 	/System/Library/PrivateFrameworks/AuthKit.framework/Versions/A/AuthKit
0x00007fff2daa0000 	/System/Library/PrivateFrameworks/CorePhoneNumbers.framework/Versions/A/CorePhoneNumbers
0x00007fff30cf3000 	/System/Library/PrivateFrameworks/DiskManagement.framework/Versions/A/DiskManagement
0x00007fff30c09000 	/System/Library/PrivateFrameworks/AppleIDAuthSupport.framework/Versions/A/AppleIDAuthSupport
0x00007fff2da80000 	/System/Library/PrivateFrameworks/KeychainCircle.framework/Versions/A/KeychainCircle
0x00007fff30cbf000 	/System/Library/PrivateFrameworks/MediaKit.framework/Versions/A/MediaKit
0x00007fff30c16000 	/System/Library/Frameworks/DiscRecording.framework/Versions/A/DiscRecording
0x00007fff2b245000 	/usr/lib/libCoreStorage.dylib
0x00007fff330fd000 	/usr/lib/libcsfde.dylib
0x00007fff2e664000 	/System/Library/PrivateFrameworks/ProtectedCloudStorage.framework/Versions/A/ProtectedCloudStorage
0x00007fff330f5000 	/System/Library/PrivateFrameworks/EFILogin.framework/Versions/A/EFILogin
0x00007fff4399a000 	/System/Library/CoreServices/RawCamera.bundle/Contents/MacOS/RawCamera
0x00007fff2da2b000 	/System/Library/PrivateFrameworks/MobileAsset.framework/Versions/A/MobileAsset
0x00007fff33733000 	/System/Library/PrivateFrameworks/StreamingZip.framework/Versions/A/StreamingZip
0x00007fff413f2000 	/System/Library/Frameworks/Accelerate.framework/Versions/A/Frameworks/vImage.framework/Versions/A/Libraries/libCGInterfaces.dylib
0x0000000144078000 	/usr/lib/libobjc-trampolines.dylib
0x00007fff27273000 	/System/Library/PrivateFrameworks/ViewBridge.framework/Versions/A/ViewBridge
0x00007fff6be76000 	/System/Library/Frameworks/OpenGL.framework/Versions/A/Resources/GLEngine.bundle/GLEngine
0x00007fff6bcd7000 	/System/Library/Frameworks/OpenGL.framework/Versions/A/Libraries/libGLProgrammability.dylib
0x00000001467eb000 	/System/Library/Extensions/AppleMetalOpenGLRenderer.bundle/Contents/MacOS/AppleMetalOpenGLRenderer
0x00007fff6bff4000 	/System/Library/Frameworks/OpenGL.framework/Versions/A/Resources/GLRendererFloat.bundle/GLRendererFloat
0x00007fff697f3000 	/System/Library/PrivateFrameworks/GPUCompiler.framework/Versions/31001/Libraries/libmetal_timestamp.dylib
0x00007fff2b9e3000 	/System/Library/PrivateFrameworks/login.framework/Versions/A/login
0x0000000146a68000 	/Users/paulschlosser/Library/Java/JavaVirtualMachines/openjdk-16.0.1/Contents/Home/lib/libosxui.dylib


VM Arguments:
jvm_args: -javaagent:/Applications/IntelliJ IDEA CE.app/Contents/lib/idea_rt.jar=55146:/Applications/IntelliJ IDEA CE.app/Contents/bin -Dfile.encoding=UTF-8 
java_command: screencapture.controllers.MainController
java_class_path (initial): /Users/paulschlosser/Development/rbwhserver/target/classes:/Users/paulschlosser/.m2/repository/org/bytedeco/javacv-platform/1.4/javacv-platform-1.4.jar:/Users/paulschlosser/.m2/repository/org/bytedeco/javacv/1.4/javacv-1.4.jar:/Users/paulschlosser/.m2/repository/org/bytedeco/javacpp/1.4/javacpp-1.4.jar:/Users/paulschlosser/.m2/repository/org/bytedeco/javacpp-presets/opencv/3.4.0-1.4/opencv-3.4.0-1.4.jar:/Users/paulschlosser/.m2/repository/org/bytedeco/javacpp-presets/ffmpeg/3.4.1-1.4/ffmpeg-3.4.1-1.4.jar:/Users/paulschlosser/.m2/repository/org/bytedeco/javacpp-presets/flycapture/2.11.3.121-1.4/flycapture-2.11.3.121-1.4.jar:/Users/paulschlosser/.m2/repository/org/bytedeco/javacpp-presets/libdc1394/2.2.5-1.4/libdc1394-2.2.5-1.4.jar:/Users/paulschlosser/.m2/repository/org/bytedeco/javacpp-presets/libfreenect/0.5.3-1.4/libfreenect-0.5.3-1.4.jar:/Users/paulschlosser/.m2/repository/org/bytedeco/javacpp-presets/libfreenect2/0.2.0-1.4/libfreenect2-0.2.0-1.4.jar:/Users/paulschlosser/.m2/repository/org/bytedeco/javacpp-presets/librealsense/1.12.1-1.4/librealsense-1.12.1-1.4.jar:/Users/paulschlosser/.m2/repository/org/bytedeco/javacpp-presets/videoinput/0.200-1.4/videoinput-0.200-1.4.jar:/Users/paulschlosser/.m2/repository/org/bytedeco/javacpp-presets/artoolkitplus/2.3.1-1.4/artoolkitplus-2.3.1-1.4.jar:/Users/paulschlosser/.m2/repository/org/bytedeco/javacpp-presets/flandmark/1.07-1.4/flandmark-1.07-1.4.jar:/Users/paulschlosser/.m2/repository/org/bytedeco/javacpp-presets/opencv-platform/3.4.0-1.4/opencv-platform-3.4.0-1.4.jar:/Users/paulschlosser/.m2/repository/org/bytedeco/javacpp-presets/opencv/3.4.0-1.4/opencv-3.4.0-1.4-android-arm.jar:/Users/paulschlosser/.m2/repository/org/bytedeco/javacpp-presets/opencv/3.4.0-1.4/opencv-3.4.0-1.4-android-x86.jar:/Users/paulschlosser/.m2/repository/org/bytedeco/javacpp-presets/opencv/3.4.0-1.4/opencv-3.4.0-1.4-linux-x86.jar:/Users/paulschlosser/.m2/repository/org/bytedeco/javacpp-presets/opencv/3.4.0-1.4/openc
Launcher Type: SUN_STANDARD

[Global flags]
     intx CICompilerCount                          = 4                                         {product} {ergonomic}
     uint ConcGCThreads                            = 2                                         {product} {ergonomic}
     uint G1ConcRefinementThreads                  = 8                                         {product} {ergonomic}
   size_t G1HeapRegionSize                         = 2097152                                   {product} {ergonomic}
    uintx GCDrainStackTargetSize                   = 64                                        {product} {ergonomic}
   size_t InitialHeapSize                          = 268435456                                 {product} {ergonomic}
   size_t MarkStackSize                            = 4194304                                   {product} {ergonomic}
   size_t MaxHeapSize                              = 4294967296                                {product} {ergonomic}
   size_t MaxNewSize                               = 2575302656                                {product} {ergonomic}
   size_t MinHeapDeltaBytes                        = 2097152                                   {product} {ergonomic}
   size_t MinHeapSize                              = 8388608                                   {product} {ergonomic}
    uintx NonNMethodCodeHeapSize                   = 5839372                                {pd product} {ergonomic}
    uintx NonProfiledCodeHeapSize                  = 122909434                              {pd product} {ergonomic}
    uintx ProfiledCodeHeapSize                     = 122909434                              {pd product} {ergonomic}
    uintx ReservedCodeCacheSize                    = 251658240                              {pd product} {ergonomic}
     bool SegmentedCodeCache                       = true                                      {product} {ergonomic}
   size_t SoftMaxHeapSize                          = 4294967296                             {manageable} {ergonomic}
     bool UseCompressedClassPointers               = true                           {product lp64_product} {ergonomic}
     bool UseCompressedOops                        = true                           {product lp64_product} {ergonomic}
     bool UseG1GC                                  = true                                      {product} {ergonomic}
     bool UseNUMA                                  = false                                     {product} {ergonomic}
     bool UseNUMAInterleaving                      = false                                     {product} {ergonomic}

Logging:
Log output configuration:
 #0: stdout all=warning uptime,level,tags
 #1: stderr all=off uptime,level,tags

Environment Variables:
PATH=/opt/homebrew/sbin:/opt/homebrew/bin:/usr/local/bin:/usr/bin:/bin:/usr/sbin:/sbin:/Library/Apple/usr/bin:/usr/local/share/dotnet:~/.dotnet/tools:/Library/Frameworks/Mono.framework/Versions/Current/Commands:/Users/paulschlosser/.local/bin
SHELL=/opt/homebrew/bin/fish
LC_CTYPE=en_US.UTF-8

Signal Handlers:
SIGSEGV: [libjvm.dylib+0xa7da90], sa_mask[0]=11100110100111111111111111111111, sa_flags=SA_ONSTACK|SA_RESTART|SA_SIGINFO
SIGBUS: [libjvm.dylib+0xa7da90], sa_mask[0]=11100110100111111111111111111111, sa_flags=SA_RESTART|SA_SIGINFO
SIGFPE: [libjvm.dylib+0xa7da90], sa_mask[0]=11100110100111111111111111111111, sa_flags=SA_RESTART|SA_SIGINFO
SIGPIPE: [libjvm.dylib+0x947540], sa_mask[0]=11100110100111111111111111111111, sa_flags=SA_RESTART|SA_SIGINFO
SIGXFSZ: [libjvm.dylib+0x947540], sa_mask[0]=11100110100111111111111111111111, sa_flags=SA_RESTART|SA_SIGINFO
SIGILL: [libjvm.dylib+0xa7da90], sa_mask[0]=11100110100111111111111111111111, sa_flags=SA_RESTART|SA_SIGINFO
SIGUSR2: [libjvm.dylib+0x947ff0], sa_mask[0]=00100000000000000000000000000000, sa_flags=SA_RESTART|SA_SIGINFO
SIGHUP: [libjvm.dylib+0x9465b0], sa_mask[0]=11100110100111111111111111111111, sa_flags=SA_RESTART|SA_SIGINFO
SIGINT: [libjvm.dylib+0x9465b0], sa_mask[0]=11100110100111111111111111111111, sa_flags=SA_RESTART|SA_SIGINFO
SIGTERM: [libjvm.dylib+0x9465b0], sa_mask[0]=11100110100111111111111111111111, sa_flags=SA_RESTART|SA_SIGINFO
SIGQUIT: [libjvm.dylib+0x9465b0], sa_mask[0]=11100110100111111111111111111111, sa_flags=SA_RESTART|SA_SIGINFO
SIGTRAP: [libjvm.dylib+0xa7da90], sa_mask[0]=11100110100111111111111111111111, sa_flags=SA_RESTART|SA_SIGINFO


---------------  S Y S T E M  ---------------

OS:uname: Darwin 20.5.0 Darwin Kernel Version 20.5.0: Sat May  8 05:10:31 PDT 2021; root:xnu-7195.121.3~9/RELEASE_ARM64_T8101 x86_64
OS uptime: 41 days 17:32 hours
rlimit (soft/hard): STACK 8176k/65520k , CORE 0k/infinity , NPROC 2666/4000 , NOFILE 10240/infinity , AS infinity/infinity , CPU infinity/infinity , DATA infinity/infinity , FSIZE infinity/infinity , MEMLOCK infinity/infinity , RSS infinity/infinity
load average: 2.97 2.23 2.28

CPU: total 8 (initial active 8) (1 cores per cpu, 1 threads per core) family 6 model 44 stepping 0 microcode 0x0, cx8, cmov, fxsr, mmx, sse, sse2, sse3, ssse3, sse4.1, sse4.2, popcnt, tsc, tscinvbit, aes, clmul, clflush

Memory: 4k page, physical 16777216k(27800k free), swap 9437184k(970240k free)

vm_info: OpenJDK 64-Bit Server VM (16.0.1+9-24) for bsd-amd64 JRE (16.0.1+9-24), built on Mar 26 2021 18:17:32 by "mach5one" with clang 4.2.1 Compatible Apple LLVM 11.0.0 (clang-1100.0.33.17)

END.
