#
# A fatal error has been detected by the Java Runtime Environment:
#
#  SIGSEGV (0xb) at pc=0x000000014082cb0e, pid=75864, tid=159023
#
# JRE version: OpenJDK Runtime Environment (16.0.1+9) (build 16.0.1+9-24)
# Java VM: OpenJDK 64-Bit Server VM (16.0.1+9-24, mixed mode, sharing, tiered, compressed oops, compressed class ptrs, g1 gc, bsd-amd64)
# Problematic frame:
# C  [libtesseract.3.dylib+0x2cb0e]  _ZN9tesseract9Tesseract16fix_fuzzy_spacesEP10ETEXT_DESCiP8PAGE_RES+0x6be
#
# No core dump will be written. Core dumps have been disabled. To enable core dumping, try "ulimit -c unlimited" before starting Java again
#
# If you would like to submit a bug report, please visit:
#   https://bugreport.java.com/bugreport/crash.jsp
# The crash happened outside the Java Virtual Machine in native code.
# See problematic frame for where to report the bug.
#

---------------  S U M M A R Y ------------

Command Line: -javaagent:/Applications/IntelliJ IDEA CE.app/Contents/lib/idea_rt.jar=57187:/Applications/IntelliJ IDEA CE.app/Contents/bin -Dfile.encoding=UTF-8 screencapture.controllers.MainController

Host: MacBookAir10,1 x86_64 2400 MHz, 8 cores, 16G, Darwin 20.5.0, macOS 10.16 (20F71)
Time: Wed Sep 22 14:40:06 2021 AEST elapsed time: 3.152063 seconds (0d 0h 0m 3s)

---------------  T H R E A D  ---------------

Current thread (0x00007f857a2de200):  JavaThread "Thread-10" [_thread_in_native, id=159023, stack(0x000000030ffa0000,0x00000003100a0000)]

Stack: [0x000000030ffa0000,0x00000003100a0000],  sp=0x000000031009f5e0,  free space=1021k
Native frames: (J=compiled Java code, A=aot compiled Java code, j=interpreted, Vv=VM code, C=native code)
C  [libtesseract.3.dylib+0x2cb0e]  _ZN9tesseract9Tesseract16fix_fuzzy_spacesEP10ETEXT_DESCiP8PAGE_RES+0x6be
C  [libtesseract.3.dylib+0x168a6]  _ZN9tesseract9Tesseract15recog_all_wordsEP8PAGE_RESP10ETEXT_DESCPK4TBOXPKci+0x4f6
C  [libtesseract.3.dylib+0x316e]  _ZN9tesseract11TessBaseAPI9RecognizeEP10ETEXT_DESC+0x2ee
C  [libtesseract.3.dylib+0x1b33]  _ZN9tesseract11TessBaseAPI11GetUTF8TextEv+0x33
C  [libjnitesseract.dylib+0x12bcb]  Java_org_bytedeco_javacpp_tesseract_00024TessBaseAPI_GetUTF8Text+0x5b
j  org.bytedeco.javacpp.tesseract$TessBaseAPI.GetUTF8Text()Lorg/bytedeco/javacpp/BytePointer;+0
j  screencapture.models.AnalyzerText.analyse(Lorg/bytedeco/javacpp/opencv_core$IplImage;)V+210
j  screencapture.models.AnalyzerText$1OneShotTask.run()V+8
j  java.lang.Thread.run()V+11 java.base@16.0.1
v  ~StubRoutines::call_stub
V  [libjvm.dylib+0x508bf2]  _ZN9JavaCalls11call_helperEP9JavaValueRK12methodHandleP17JavaCallArgumentsP6Thread+0x2d2
V  [libjvm.dylib+0x507c37]  _ZN9JavaCalls12call_virtualEP9JavaValueP5KlassP6SymbolS5_P17JavaCallArgumentsP6Thread+0x147
V  [libjvm.dylib+0x507d03]  _ZN9JavaCalls12call_virtualEP9JavaValue6HandleP5KlassP6SymbolS6_P6Thread+0x63
V  [libjvm.dylib+0x5b6844]  _ZL12thread_entryP10JavaThreadP6Thread+0xb4
V  [libjvm.dylib+0xa06020]  _ZN10JavaThread17thread_main_innerEv+0xd0
V  [libjvm.dylib+0xa03851]  _ZN6Thread8call_runEv+0x71
V  [libjvm.dylib+0x892027]  _ZL19thread_native_entryP6Thread+0x157
C  [libsystem_pthread.dylib+0x68fc]  _pthread_start+0xe0
C  [libsystem_pthread.dylib+0x2443]  thread_start+0xf

Java frames: (J=compiled Java code, j=interpreted, Vv=VM code)
j  org.bytedeco.javacpp.tesseract$TessBaseAPI.GetUTF8Text()Lorg/bytedeco/javacpp/BytePointer;+0
j  screencapture.models.AnalyzerText.analyse(Lorg/bytedeco/javacpp/opencv_core$IplImage;)V+210
j  screencapture.models.AnalyzerText$1OneShotTask.run()V+8
j  java.lang.Thread.run()V+11 java.base@16.0.1
v  ~StubRoutines::call_stub

siginfo: si_signo: 11 (SIGSEGV), si_code: 1 (SEGV_MAPERR), si_addr: 0x0000000000000000

Register to memory mapping:

RAX=0x00007f857b796aa0 points into unknown readable memory: 0xf000000000000001 | 01 00 00 00 00 00 00 f0
RBX=0x0000000000000003 is an unknown value
RCX=0x00007f857c372c00 points into unknown readable memory: 0x00007f857c365060 | 60 50 36 7c 85 7f 00 00
RDX=0x0 is NULL
RSP=0x000000031009f5e0 is pointing into the stack for thread: 0x00007f857a2de200
RBP=0x000000031009f720 is pointing into the stack for thread: 0x00007f857a2de200
RSI=0x00007f857c365060 points into unknown readable memory: 0x00007f857c35f070 | 70 f0 35 7c 85 7f 00 00
RDI=0x00007f857c365060 points into unknown readable memory: 0x00007f857c35f070 | 70 f0 35 7c 85 7f 00 00
R8 =0x00007f857c35f070 points into unknown readable memory: 0x00007f857c372c00 | 00 2c 37 7c 85 7f 00 00
R9 =0x0000000000000001 is an unknown value
R10=0x00007f857c365060 points into unknown readable memory: 0x00007f857c35f070 | 70 f0 35 7c 85 7f 00 00
R11=0x00007f857c365060 points into unknown readable memory: 0x00007f857c35f070 | 70 f0 35 7c 85 7f 00 00
R12=0x00007f857b799660 points into unknown readable memory: 0x0000005100000039 | 39 00 00 00 51 00 00 00
R13=0x00007f857b7a4c90 points into unknown readable memory: 0x00007f857b7a4cb0 | b0 4c 7a 7b 85 7f 00 00
R14=0x0 is NULL
R15=0x0000000000000001 is an unknown value


Registers:
RAX=0x00007f857b796aa0, RBX=0x0000000000000003, RCX=0x00007f857c372c00, RDX=0x0000000000000000
RSP=0x000000031009f5e0, RBP=0x000000031009f720, RSI=0x00007f857c365060, RDI=0x00007f857c365060
R8 =0x00007f857c35f070, R9 =0x0000000000000001, R10=0x00007f857c365060, R11=0x00007f857c365060
R12=0x00007f857b799660, R13=0x00007f857b7a4c90, R14=0x0000000000000000, R15=0x0000000000000001
RIP=0x000000014082cb0e, EFLAGS=0x0000000000000206, ERR=0x0000000000000006
  TRAPNO=0x000000000000000e

Top of Stack: (sp=0x000000031009f5e0)
0x000000031009f5e0:   0000000000000000 00007f85c95ba600
0x000000031009f5f0:   000000027c164c10 000000031009f6c0
0x000000031009f600:   00007f857c372c00 00007f857b796aa0
0x000000031009f610:   0000000000000000 0000000000000000
0x000000031009f620:   0000000000000000 0000000310090001
0x000000031009f630:   0000000000000000 00007fff20182101
0x000000031009f640:   00007f857b796aa0 0000000000000000
0x000000031009f650:   0000000000000000 0000000000000000
0x000000031009f660:   0000000310090001 0000000000000000
0x000000031009f670:   00007f857c164c00 00007f857b799648
0x000000031009f680:   00007f857b7a5330 00007f857b796a80
0x000000031009f690:   00007f857b7a5330 00007f857c160000
0x000000031009f6a0:   00007f857b796a80 000000014081f600
0x000000031009f6b0:   00007f857b799578 00007f857b799620
0x000000031009f6c0:   00007f857b799620 00007f857b799620
0x000000031009f6d0:   0000000000000000 00007f857b799620
0x000000031009f6e0:   0000000310090000 00007f857b7a5710
0x000000031009f6f0:   0000000100000001 0000000000000000
0x000000031009f700:   00007f85c95ba600 000000031009f701
0x000000031009f710:   0000000000000000 00007f857b799570
0x000000031009f720:   000000031009f8c0 00000001408168a6
0x000000031009f730:   0000000000000000 000000007b796bc0
0x000000031009f740:   0000000000000000 0000000000000000
0x000000031009f750:   0000000000000000 0000000000000000
0x000000031009f760:   0000000000000000 0000000000000000
0x000000031009f770:   00007f857b799648 00007f857b796bf0
0x000000031009f780:   0000000000000000 0000000000000000
0x000000031009f790:   0000000000000000 0000000000000000
0x000000031009f7a0:   00007f857b799570 00007f857b7a5710
0x000000031009f7b0:   00007f857b7a5330 00007f857b799620
0x000000031009f7c0:   0000000000000000 0000000000000000
0x000000031009f7d0:   0000000000000000 0000000000000000 

Instructions: (pc=0x000000014082cb0e)
0x000000014082ca0e:   20 48 8d bd e8 fe ff ff e8 65 f6 16 00 49 89 c5
0x000000014082ca1e:   b3 01 4d 85 e4 74 03 44 88 f3 48 8b 85 e8 fe ff
0x000000014082ca2e:   ff 48 8b 00 48 85 c0 41 88 de 0f 85 42 ff ff ff
0x000000014082ca3e:   eb 0d 44 88 f3 eb 08 44 88 f3 eb 03 44 88 f3 ba
0x000000014082ca4e:   3c 00 00 00 48 8b bd c8 fe ff ff 4c 89 ee e8 6f
0x000000014082ca5e:   c4 fe ff 84 c0 74 11 48 8b 85 c8 fe ff ff c7 80
0x000000014082ca6e:   64 2f 00 00 0a 00 00 00 84 db 0f 85 ab 00 00 00
0x000000014082ca7e:   49 8b 45 08 48 8b 40 20 48 85 c0 0f 84 9a 00 00
0x000000014082ca8e:   00 48 8d bd e0 fe ff ff 48 8d b5 20 ff ff ff 48
0x000000014082ca9e:   8d 95 e8 fe ff ff e8 07 f3 16 00 48 8b 85 68 ff
0x000000014082caae:   ff ff 48 8b 50 08 48 8b 85 d8 fe ff ff 48 8b 00
0x000000014082cabe:   48 8b 48 08 48 8b bd c8 fe ff ff 48 8d b5 e0 fe
0x000000014082cace:   ff ff e8 0b 05 00 00 48 8d bd e0 fe ff ff e8 0f
0x000000014082cade:   f5 16 00 89 c3 48 8b 8d e0 fe ff ff 48 85 c9 48
0x000000014082caee:   8b 85 20 ff ff ff 0f 84 1f 01 00 00 48 83 38 00
0x000000014082cafe:   0f 84 8a 00 00 00 48 8b 31 48 8b 95 28 ff ff ff
0x000000014082cb0e:   48 89 32 48 8b b5 30 ff ff ff 48 85 f6 0f 84 94
0x000000014082cb1e:   00 00 00 48 89 31 e9 ba 00 00 00 8a 85 18 ff ff
0x000000014082cb2e:   ff 88 85 50 ff ff ff 48 8b 85 10 ff ff ff 48 89
0x000000014082cb3e:   85 48 ff ff ff 48 8b 85 08 ff ff ff 48 89 85 40
0x000000014082cb4e:   ff ff ff 48 8b 85 00 ff ff ff 48 89 85 38 ff ff
0x000000014082cb5e:   ff 48 8b 85 f8 fe ff ff 48 89 85 30 ff ff ff 48
0x000000014082cb6e:   8b 85 e8 fe ff ff 48 8b 8d f0 fe ff ff 48 89 8d
0x000000014082cb7e:   28 ff ff ff 48 89 85 20 ff ff ff e9 d1 00 00 00
0x000000014082cb8e:   48 89 08 48 89 8d 28 ff ff ff 48 8b 09 48 89 8d
0x000000014082cb9e:   30 ff ff ff 48 8b 09 48 89 8d 38 ff ff ff c6 85
0x000000014082cbae:   40 ff ff ff 00 eb 42 48 8b b5 38 ff ff ff 48 89
0x000000014082cbbe:   31 66 8b b5 40 ff ff ff 40 84 f6 74 03 48 89 08
0x000000014082cbce:   0f b7 ce 81 f9 00 01 00 00 72 0a 48 8b 0a 48 89
0x000000014082cbde:   8d 48 ff ff ff 48 8b 0a 48 89 8d 30 ff ff ff 48
0x000000014082cbee:   8b 09 48 89 8d 38 ff ff ff 48 c7 85 e0 fe ff ff
0x000000014082cbfe:   00 00 00 00 eb 15 66 66 66 2e 0f 1f 84 00 00 00 


Stack slot to memory mapping:
stack at sp + 0 slots: 0x0 is NULL
stack at sp + 1 slots: 0x00007f85c95ba600 points into unknown readable memory: 0x0000000140a41f88 | 88 1f a4 40 01 00 00 00
stack at sp + 2 slots: 0x000000027c164c10 is an unknown value
stack at sp + 3 slots: 0x000000031009f6c0 is pointing into the stack for thread: 0x00007f857a2de200
stack at sp + 4 slots: 0x00007f857c372c00 points into unknown readable memory: 0x00007f857c365060 | 60 50 36 7c 85 7f 00 00
stack at sp + 5 slots: 0x00007f857b796aa0 points into unknown readable memory: 0xf000000000000001 | 01 00 00 00 00 00 00 f0
stack at sp + 6 slots: 0x0 is NULL
stack at sp + 7 slots: 0x0 is NULL


---------------  P R O C E S S  ---------------

Threads class SMR info:
_java_thread_list=0x00007f857c073840, length=25, elements={
0x00007f85c9011a00, 0x00007f85c9819a00, 0x00007f85c8808200, 0x00007f85c8813a00,
0x00007f85c8814000, 0x00007f85c8814600, 0x00007f85c981aa00, 0x00007f85c9815600,
0x00007f85c881cc00, 0x00007f85c9012400, 0x00007f85c9012a00, 0x00007f85c9916e00,
0x00007f85c93dd000, 0x00007f85c95c2a00, 0x00007f85c9ecce00, 0x00007f857aa37600,
0x00007f857aa37c00, 0x00007f857aa4ca00, 0x00007f857aa6e000, 0x00007f857aaba400,
0x00007f85c8a52000, 0x00007f85c8a69600, 0x00007f857ab82800, 0x00007f857a2de200,
0x00007f85c9f5ca00
}

Java Threads: ( => current thread )
  0x00007f85c9011a00 JavaThread "Reference Handler" daemon [_thread_blocked, id=22107, stack(0x000000030d85a000,0x000000030d95a000)]
  0x00007f85c9819a00 JavaThread "Finalizer" daemon [_thread_blocked, id=22531, stack(0x000000030d95d000,0x000000030da5d000)]
  0x00007f85c8808200 JavaThread "Signal Dispatcher" daemon [_thread_blocked, id=40451, stack(0x000000030db6f000,0x000000030dc6f000)]
  0x00007f85c8813a00 JavaThread "Service Thread" daemon [_thread_blocked, id=24323, stack(0x000000030dc72000,0x000000030dd72000)]
  0x00007f85c8814000 JavaThread "Monitor Deflation Thread" daemon [_thread_blocked, id=24835, stack(0x000000030dd75000,0x000000030de75000)]
  0x00007f85c8814600 JavaThread "C2 CompilerThread0" daemon [_thread_blocked, id=39939, stack(0x000000030de78000,0x000000030df78000)]
  0x00007f85c981aa00 JavaThread "C1 CompilerThread0" daemon [_thread_blocked, id=39427, stack(0x000000030df7b000,0x000000030e07b000)]
  0x00007f85c9815600 JavaThread "Sweeper thread" daemon [_thread_blocked, id=39171, stack(0x000000030e07e000,0x000000030e17e000)]
  0x00007f85c881cc00 JavaThread "Common-Cleaner" daemon [_thread_blocked, id=26055, stack(0x000000030e181000,0x000000030e281000)]
  0x00007f85c9012400 JavaThread "Monitor Ctrl-Break" daemon [_thread_in_native, id=26683, stack(0x000000030e284000,0x000000030e384000)]
  0x00007f85c9012a00 JavaThread "Notification Thread" daemon [_thread_blocked, id=26883, stack(0x000000030e387000,0x000000030e487000)]
  0x00007f85c9916e00 JavaThread "JavaCPP Deallocator" daemon [_thread_blocked, id=27407, stack(0x000000030e58d000,0x000000030e68d000)]
  0x00007f85c93dd000 JavaThread "Attach Listener" daemon [_thread_blocked, id=83203, stack(0x000000030ef37000,0x000000030f037000)]
  0x00007f85c95c2a00 JavaThread "server-timer" daemon [_thread_blocked, id=54343, stack(0x000000030f4ff000,0x000000030f5ff000)]
  0x00007f85c9ecce00 JavaThread "nioEventLoopGroup-3-1" [_thread_in_native, id=77363, stack(0x000000030f602000,0x000000030f702000)]
  0x00007f857aa37600 JavaThread "AppKit Thread" daemon [_thread_in_native, id=259, stack(0x000000030c8c2000,0x000000030d0c2000)]
  0x00007f857aa37c00 JavaThread "AWT-Shutdown" [_thread_blocked, id=60451, stack(0x000000030f705000,0x000000030f805000)]
  0x00007f857aa4ca00 JavaThread "Java2D Queue Flusher" daemon [_thread_in_native, id=64799, stack(0x000000030f88b000,0x000000030f98b000)]
  0x00007f857aa6e000 JavaThread "Java2D Disposer" daemon [_thread_blocked, id=169547, stack(0x000000030f98e000,0x000000030fa8e000)]
  0x00007f857aaba400 JavaThread "AWT-EventQueue-0" [_thread_blocked, id=95779, stack(0x000000030fa91000,0x000000030fb91000)]
  0x00007f85c8a52000 JavaThread "Thread-1" [_thread_blocked, id=160267, stack(0x000000030fb94000,0x000000030fc94000)]
  0x00007f85c8a69600 JavaThread "HTTP-Dispatcher" [_thread_in_native, id=159747, stack(0x000000030fc97000,0x000000030fd97000)]
  0x00007f857ab82800 JavaThread "DestroyJavaVM" [_thread_blocked, id=9219, stack(0x000000030d145000,0x000000030d245000)]
=>0x00007f857a2de200 JavaThread "Thread-10" [_thread_in_native, id=159023, stack(0x000000030ffa0000,0x00000003100a0000)]
  0x00007f85c9f5ca00 JavaThread "Thread-13" [_thread_in_native, id=158087, stack(0x00000003102a9000,0x00000003103a9000)]

Other Threads:
  0x00007f85c854aee0 VMThread "VM Thread" [stack: 0x000000030d757000,0x000000030d857000] [id=15875]
  0x00007f85c87286c0 WatcherThread [stack: 0x000000030e48a000,0x000000030e58a000] [id=37127]
  0x00007f85c851e950 GCTaskThread "GC Thread#0" [stack: 0x000000030d248000,0x000000030d348000] [id=18435]
  0x00007f85c86807c0 GCTaskThread "GC Thread#1" [stack: 0x000000030e690000,0x000000030e790000] [id=35587]
  0x00007f85c8681210 GCTaskThread "GC Thread#2" [stack: 0x000000030e793000,0x000000030e893000] [id=27907]
  0x00007f85c8681c60 GCTaskThread "GC Thread#3" [stack: 0x000000030e896000,0x000000030e996000] [id=34819]
  0x00007f85c86826d0 GCTaskThread "GC Thread#4" [stack: 0x000000030e999000,0x000000030ea99000] [id=34563]
  0x00007f85c8589f70 GCTaskThread "GC Thread#5" [stack: 0x000000030ea9c000,0x000000030eb9c000] [id=28419]
  0x00007f857c1564e0 GCTaskThread "GC Thread#6" [stack: 0x00000003100a3000,0x00000003101a3000] [id=160927]
  0x00007f857c157720 GCTaskThread "GC Thread#7" [stack: 0x00000003101a6000,0x00000003102a6000] [id=158219]
  0x00007f85c8708c60 ConcurrentGCThread "G1 Main Marker" [stack: 0x000000030d34b000,0x000000030d44b000] [id=13571]
  0x00007f85c851f450 ConcurrentGCThread "G1 Conc#0" [stack: 0x000000030d44e000,0x000000030d54e000] [id=17411]
  0x00007f85c853bdf0 ConcurrentGCThread "G1 Refine#0" [stack: 0x000000030d551000,0x000000030d651000] [id=17155]
  0x00007f85c853ccc0 ConcurrentGCThread "G1 Service" [stack: 0x000000030d654000,0x000000030d754000] [id=14851]

Threads with active compile tasks:

VM state: not at safepoint (normal execution)

VM Mutex/Monitor currently owned by a thread: None

Heap address: 0x0000000700000000, size: 4096 MB, Compressed Oops mode: Zero based, Oop shift amount: 3

CDS archive(s) mapped at: [0x0000000800000000-0x0000000800bb9000-0x0000000800bb9000), size 12292096, SharedBaseAddress: 0x0000000800000000, ArchiveRelocationMode: 0.
Compressed class space mapped at: 0x0000000800c00000-0x0000000840c00000, reserved size: 1073741824
Narrow klass base: 0x0000000800000000, Narrow klass shift: 3, Narrow klass range: 0x100000000

GC Precious Log:
 CPUs: 8 total, 8 available
 Memory: 16384M
 Large Page Support: Disabled
 NUMA Support: Disabled
 Compressed Oops: Enabled (Zero based)
 Heap Region Size: 2M
 Heap Min Capacity: 8M
 Heap Initial Capacity: 256M
 Heap Max Capacity: 4G
 Pre-touch: Disabled
 Parallel Workers: 8
 Concurrent Workers: 2
 Concurrent Refinement Workers: 8
 Periodic GC: Disabled

Heap:
 garbage-first heap   total 266240K, used 22352K [0x0000000700000000, 0x0000000800000000)
  region size 2048K, 9 young (18432K), 3 survivors (6144K)
 Metaspace       used 18353K, committed 18624K, reserved 1073152K
  class space    used 1923K, committed 2048K, reserved 1048576K

Heap Regions: E=young(eden), S=young(survivor), O=old, HS=humongous(starts), HC=humongous(continues), CS=collection set, F=free, OA=open archive, CA=closed archive, TAMS=top-at-mark-start (previous, next)
|   0|0x0000000700000000, 0x0000000700200000, 0x0000000700200000|100%|HS|  |TAMS 0x0000000700000000, 0x0000000700000000| Complete 
|   1|0x0000000700200000, 0x0000000700400000, 0x0000000700400000|100%|HC|  |TAMS 0x0000000700200000, 0x0000000700200000| Complete 
|   2|0x0000000700400000, 0x0000000700400000, 0x0000000700600000|  0%| F|  |TAMS 0x0000000700400000, 0x0000000700400000| Untracked 
|   3|0x0000000700600000, 0x0000000700600000, 0x0000000700800000|  0%| F|  |TAMS 0x0000000700600000, 0x0000000700600000| Untracked 
|   4|0x0000000700800000, 0x0000000700800000, 0x0000000700a00000|  0%| F|  |TAMS 0x0000000700800000, 0x0000000700800000| Untracked 
|   5|0x0000000700a00000, 0x0000000700a00000, 0x0000000700c00000|  0%| F|  |TAMS 0x0000000700a00000, 0x0000000700a00000| Untracked 
|   6|0x0000000700c00000, 0x0000000700c00000, 0x0000000700e00000|  0%| F|  |TAMS 0x0000000700c00000, 0x0000000700c00000| Untracked 
|   7|0x0000000700e00000, 0x0000000700e00000, 0x0000000701000000|  0%| F|  |TAMS 0x0000000700e00000, 0x0000000700e00000| Untracked 
|   8|0x0000000701000000, 0x0000000701000000, 0x0000000701200000|  0%| F|  |TAMS 0x0000000701000000, 0x0000000701000000| Untracked 
|   9|0x0000000701200000, 0x0000000701200000, 0x0000000701400000|  0%| F|  |TAMS 0x0000000701200000, 0x0000000701200000| Untracked 
|  10|0x0000000701400000, 0x0000000701400000, 0x0000000701600000|  0%| F|  |TAMS 0x0000000701400000, 0x0000000701400000| Untracked 
|  11|0x0000000701600000, 0x0000000701600000, 0x0000000701800000|  0%| F|  |TAMS 0x0000000701600000, 0x0000000701600000| Untracked 
|  12|0x0000000701800000, 0x0000000701800000, 0x0000000701a00000|  0%| F|  |TAMS 0x0000000701800000, 0x0000000701800000| Untracked 
|  13|0x0000000701a00000, 0x0000000701a00000, 0x0000000701c00000|  0%| F|  |TAMS 0x0000000701a00000, 0x0000000701a00000| Untracked 
|  14|0x0000000701c00000, 0x0000000701c00000, 0x0000000701e00000|  0%| F|  |TAMS 0x0000000701c00000, 0x0000000701c00000| Untracked 
|  15|0x0000000701e00000, 0x0000000701e00000, 0x0000000702000000|  0%| F|  |TAMS 0x0000000701e00000, 0x0000000701e00000| Untracked 
|  16|0x0000000702000000, 0x0000000702000000, 0x0000000702200000|  0%| F|  |TAMS 0x0000000702000000, 0x0000000702000000| Untracked 
|  17|0x0000000702200000, 0x0000000702200000, 0x0000000702400000|  0%| F|  |TAMS 0x0000000702200000, 0x0000000702200000| Untracked 
|  18|0x0000000702400000, 0x0000000702400000, 0x0000000702600000|  0%| F|  |TAMS 0x0000000702400000, 0x0000000702400000| Untracked 
|  19|0x0000000702600000, 0x0000000702600000, 0x0000000702800000|  0%| F|  |TAMS 0x0000000702600000, 0x0000000702600000| Untracked 
|  20|0x0000000702800000, 0x0000000702800000, 0x0000000702a00000|  0%| F|  |TAMS 0x0000000702800000, 0x0000000702800000| Untracked 
|  21|0x0000000702a00000, 0x0000000702a00000, 0x0000000702c00000|  0%| F|  |TAMS 0x0000000702a00000, 0x0000000702a00000| Untracked 
|  22|0x0000000702c00000, 0x0000000702c00000, 0x0000000702e00000|  0%| F|  |TAMS 0x0000000702c00000, 0x0000000702c00000| Untracked 
|  23|0x0000000702e00000, 0x0000000702e00000, 0x0000000703000000|  0%| F|  |TAMS 0x0000000702e00000, 0x0000000702e00000| Untracked 
|  24|0x0000000703000000, 0x0000000703000000, 0x0000000703200000|  0%| F|  |TAMS 0x0000000703000000, 0x0000000703000000| Untracked 
|  25|0x0000000703200000, 0x0000000703200000, 0x0000000703400000|  0%| F|  |TAMS 0x0000000703200000, 0x0000000703200000| Untracked 
|  26|0x0000000703400000, 0x0000000703400000, 0x0000000703600000|  0%| F|  |TAMS 0x0000000703400000, 0x0000000703400000| Untracked 
|  27|0x0000000703600000, 0x0000000703600000, 0x0000000703800000|  0%| F|  |TAMS 0x0000000703600000, 0x0000000703600000| Untracked 
|  28|0x0000000703800000, 0x0000000703800000, 0x0000000703a00000|  0%| F|  |TAMS 0x0000000703800000, 0x0000000703800000| Untracked 
|  29|0x0000000703a00000, 0x0000000703a00000, 0x0000000703c00000|  0%| F|  |TAMS 0x0000000703a00000, 0x0000000703a00000| Untracked 
|  30|0x0000000703c00000, 0x0000000703c00000, 0x0000000703e00000|  0%| F|  |TAMS 0x0000000703c00000, 0x0000000703c00000| Untracked 
|  31|0x0000000703e00000, 0x0000000703e00000, 0x0000000704000000|  0%| F|  |TAMS 0x0000000703e00000, 0x0000000703e00000| Untracked 
|  32|0x0000000704000000, 0x0000000704000000, 0x0000000704200000|  0%| F|  |TAMS 0x0000000704000000, 0x0000000704000000| Untracked 
|  33|0x0000000704200000, 0x0000000704200000, 0x0000000704400000|  0%| F|  |TAMS 0x0000000704200000, 0x0000000704200000| Untracked 
|  34|0x0000000704400000, 0x0000000704400000, 0x0000000704600000|  0%| F|  |TAMS 0x0000000704400000, 0x0000000704400000| Untracked 
|  35|0x0000000704600000, 0x0000000704600000, 0x0000000704800000|  0%| F|  |TAMS 0x0000000704600000, 0x0000000704600000| Untracked 
|  36|0x0000000704800000, 0x0000000704800000, 0x0000000704a00000|  0%| F|  |TAMS 0x0000000704800000, 0x0000000704800000| Untracked 
|  37|0x0000000704a00000, 0x0000000704a00000, 0x0000000704c00000|  0%| F|  |TAMS 0x0000000704a00000, 0x0000000704a00000| Untracked 
|  38|0x0000000704c00000, 0x0000000704c00000, 0x0000000704e00000|  0%| F|  |TAMS 0x0000000704c00000, 0x0000000704c00000| Untracked 
|  39|0x0000000704e00000, 0x0000000704e00000, 0x0000000705000000|  0%| F|  |TAMS 0x0000000704e00000, 0x0000000704e00000| Untracked 
|  40|0x0000000705000000, 0x0000000705000000, 0x0000000705200000|  0%| F|  |TAMS 0x0000000705000000, 0x0000000705000000| Untracked 
|  41|0x0000000705200000, 0x0000000705200000, 0x0000000705400000|  0%| F|  |TAMS 0x0000000705200000, 0x0000000705200000| Untracked 
|  42|0x0000000705400000, 0x0000000705400000, 0x0000000705600000|  0%| F|  |TAMS 0x0000000705400000, 0x0000000705400000| Untracked 
|  43|0x0000000705600000, 0x0000000705600000, 0x0000000705800000|  0%| F|  |TAMS 0x0000000705600000, 0x0000000705600000| Untracked 
|  44|0x0000000705800000, 0x0000000705800000, 0x0000000705a00000|  0%| F|  |TAMS 0x0000000705800000, 0x0000000705800000| Untracked 
|  45|0x0000000705a00000, 0x0000000705a00000, 0x0000000705c00000|  0%| F|  |TAMS 0x0000000705a00000, 0x0000000705a00000| Untracked 
|  46|0x0000000705c00000, 0x0000000705c00000, 0x0000000705e00000|  0%| F|  |TAMS 0x0000000705c00000, 0x0000000705c00000| Untracked 
|  47|0x0000000705e00000, 0x0000000705e00000, 0x0000000706000000|  0%| F|  |TAMS 0x0000000705e00000, 0x0000000705e00000| Untracked 
|  48|0x0000000706000000, 0x0000000706000000, 0x0000000706200000|  0%| F|  |TAMS 0x0000000706000000, 0x0000000706000000| Untracked 
|  49|0x0000000706200000, 0x0000000706200000, 0x0000000706400000|  0%| F|  |TAMS 0x0000000706200000, 0x0000000706200000| Untracked 
|  50|0x0000000706400000, 0x0000000706400000, 0x0000000706600000|  0%| F|  |TAMS 0x0000000706400000, 0x0000000706400000| Untracked 
|  51|0x0000000706600000, 0x0000000706600000, 0x0000000706800000|  0%| F|  |TAMS 0x0000000706600000, 0x0000000706600000| Untracked 
|  52|0x0000000706800000, 0x0000000706800000, 0x0000000706a00000|  0%| F|  |TAMS 0x0000000706800000, 0x0000000706800000| Untracked 
|  53|0x0000000706a00000, 0x0000000706a00000, 0x0000000706c00000|  0%| F|  |TAMS 0x0000000706a00000, 0x0000000706a00000| Untracked 
|  54|0x0000000706c00000, 0x0000000706c00000, 0x0000000706e00000|  0%| F|  |TAMS 0x0000000706c00000, 0x0000000706c00000| Untracked 
|  55|0x0000000706e00000, 0x0000000706e00000, 0x0000000707000000|  0%| F|  |TAMS 0x0000000706e00000, 0x0000000706e00000| Untracked 
|  56|0x0000000707000000, 0x0000000707000000, 0x0000000707200000|  0%| F|  |TAMS 0x0000000707000000, 0x0000000707000000| Untracked 
|  57|0x0000000707200000, 0x0000000707200000, 0x0000000707400000|  0%| F|  |TAMS 0x0000000707200000, 0x0000000707200000| Untracked 
|  58|0x0000000707400000, 0x0000000707400000, 0x0000000707600000|  0%| F|  |TAMS 0x0000000707400000, 0x0000000707400000| Untracked 
|  59|0x0000000707600000, 0x0000000707600000, 0x0000000707800000|  0%| F|  |TAMS 0x0000000707600000, 0x0000000707600000| Untracked 
|  60|0x0000000707800000, 0x0000000707800000, 0x0000000707a00000|  0%| F|  |TAMS 0x0000000707800000, 0x0000000707800000| Untracked 
|  61|0x0000000707a00000, 0x0000000707a00000, 0x0000000707c00000|  0%| F|  |TAMS 0x0000000707a00000, 0x0000000707a00000| Untracked 
|  62|0x0000000707c00000, 0x0000000707c00000, 0x0000000707e00000|  0%| F|  |TAMS 0x0000000707c00000, 0x0000000707c00000| Untracked 
|  63|0x0000000707e00000, 0x0000000707e00000, 0x0000000708000000|  0%| F|  |TAMS 0x0000000707e00000, 0x0000000707e00000| Untracked 
|  64|0x0000000708000000, 0x0000000708000000, 0x0000000708200000|  0%| F|  |TAMS 0x0000000708000000, 0x0000000708000000| Untracked 
|  65|0x0000000708200000, 0x0000000708200000, 0x0000000708400000|  0%| F|  |TAMS 0x0000000708200000, 0x0000000708200000| Untracked 
|  66|0x0000000708400000, 0x0000000708400000, 0x0000000708600000|  0%| F|  |TAMS 0x0000000708400000, 0x0000000708400000| Untracked 
|  67|0x0000000708600000, 0x0000000708600000, 0x0000000708800000|  0%| F|  |TAMS 0x0000000708600000, 0x0000000708600000| Untracked 
|  68|0x0000000708800000, 0x0000000708800000, 0x0000000708a00000|  0%| F|  |TAMS 0x0000000708800000, 0x0000000708800000| Untracked 
|  69|0x0000000708a00000, 0x0000000708a00000, 0x0000000708c00000|  0%| F|  |TAMS 0x0000000708a00000, 0x0000000708a00000| Untracked 
|  70|0x0000000708c00000, 0x0000000708c00000, 0x0000000708e00000|  0%| F|  |TAMS 0x0000000708c00000, 0x0000000708c00000| Untracked 
|  71|0x0000000708e00000, 0x0000000708e00000, 0x0000000709000000|  0%| F|  |TAMS 0x0000000708e00000, 0x0000000708e00000| Untracked 
|  72|0x0000000709000000, 0x0000000709000000, 0x0000000709200000|  0%| F|  |TAMS 0x0000000709000000, 0x0000000709000000| Untracked 
|  73|0x0000000709200000, 0x0000000709200000, 0x0000000709400000|  0%| F|  |TAMS 0x0000000709200000, 0x0000000709200000| Untracked 
|  74|0x0000000709400000, 0x0000000709400000, 0x0000000709600000|  0%| F|  |TAMS 0x0000000709400000, 0x0000000709400000| Untracked 
|  75|0x0000000709600000, 0x0000000709600000, 0x0000000709800000|  0%| F|  |TAMS 0x0000000709600000, 0x0000000709600000| Untracked 
|  76|0x0000000709800000, 0x0000000709800000, 0x0000000709a00000|  0%| F|  |TAMS 0x0000000709800000, 0x0000000709800000| Untracked 
|  77|0x0000000709a00000, 0x0000000709a00000, 0x0000000709c00000|  0%| F|  |TAMS 0x0000000709a00000, 0x0000000709a00000| Untracked 
|  78|0x0000000709c00000, 0x0000000709c00000, 0x0000000709e00000|  0%| F|  |TAMS 0x0000000709c00000, 0x0000000709c00000| Untracked 
|  79|0x0000000709e00000, 0x0000000709e00000, 0x000000070a000000|  0%| F|  |TAMS 0x0000000709e00000, 0x0000000709e00000| Untracked 
|  80|0x000000070a000000, 0x000000070a000000, 0x000000070a200000|  0%| F|  |TAMS 0x000000070a000000, 0x000000070a000000| Untracked 
|  81|0x000000070a200000, 0x000000070a200000, 0x000000070a400000|  0%| F|  |TAMS 0x000000070a200000, 0x000000070a200000| Untracked 
|  82|0x000000070a400000, 0x000000070a400000, 0x000000070a600000|  0%| F|  |TAMS 0x000000070a400000, 0x000000070a400000| Untracked 
|  83|0x000000070a600000, 0x000000070a600000, 0x000000070a800000|  0%| F|  |TAMS 0x000000070a600000, 0x000000070a600000| Untracked 
|  84|0x000000070a800000, 0x000000070a800000, 0x000000070aa00000|  0%| F|  |TAMS 0x000000070a800000, 0x000000070a800000| Untracked 
|  85|0x000000070aa00000, 0x000000070aa00000, 0x000000070ac00000|  0%| F|  |TAMS 0x000000070aa00000, 0x000000070aa00000| Untracked 
|  86|0x000000070ac00000, 0x000000070ac00000, 0x000000070ae00000|  0%| F|  |TAMS 0x000000070ac00000, 0x000000070ac00000| Untracked 
|  87|0x000000070ae00000, 0x000000070ae00000, 0x000000070b000000|  0%| F|  |TAMS 0x000000070ae00000, 0x000000070ae00000| Untracked 
|  88|0x000000070b000000, 0x000000070b000000, 0x000000070b200000|  0%| F|  |TAMS 0x000000070b000000, 0x000000070b000000| Untracked 
|  89|0x000000070b200000, 0x000000070b200000, 0x000000070b400000|  0%| F|  |TAMS 0x000000070b200000, 0x000000070b200000| Untracked 
|  90|0x000000070b400000, 0x000000070b400000, 0x000000070b600000|  0%| F|  |TAMS 0x000000070b400000, 0x000000070b400000| Untracked 
|  91|0x000000070b600000, 0x000000070b600000, 0x000000070b800000|  0%| F|  |TAMS 0x000000070b600000, 0x000000070b600000| Untracked 
|  92|0x000000070b800000, 0x000000070b800000, 0x000000070ba00000|  0%| F|  |TAMS 0x000000070b800000, 0x000000070b800000| Untracked 
|  93|0x000000070ba00000, 0x000000070ba00000, 0x000000070bc00000|  0%| F|  |TAMS 0x000000070ba00000, 0x000000070ba00000| Untracked 
|  94|0x000000070bc00000, 0x000000070bc00000, 0x000000070be00000|  0%| F|  |TAMS 0x000000070bc00000, 0x000000070bc00000| Untracked 
|  95|0x000000070be00000, 0x000000070be00000, 0x000000070c000000|  0%| F|  |TAMS 0x000000070be00000, 0x000000070be00000| Untracked 
|  96|0x000000070c000000, 0x000000070c000000, 0x000000070c200000|  0%| F|  |TAMS 0x000000070c000000, 0x000000070c000000| Untracked 
|  97|0x000000070c200000, 0x000000070c200000, 0x000000070c400000|  0%| F|  |TAMS 0x000000070c200000, 0x000000070c200000| Untracked 
|  98|0x000000070c400000, 0x000000070c400000, 0x000000070c600000|  0%| F|  |TAMS 0x000000070c400000, 0x000000070c400000| Untracked 
|  99|0x000000070c600000, 0x000000070c600000, 0x000000070c800000|  0%| F|  |TAMS 0x000000070c600000, 0x000000070c600000| Untracked 
| 100|0x000000070c800000, 0x000000070c800000, 0x000000070ca00000|  0%| F|  |TAMS 0x000000070c800000, 0x000000070c800000| Untracked 
| 101|0x000000070ca00000, 0x000000070ca00000, 0x000000070cc00000|  0%| F|  |TAMS 0x000000070ca00000, 0x000000070ca00000| Untracked 
| 102|0x000000070cc00000, 0x000000070cde2040, 0x000000070ce00000| 94%| S|CS|TAMS 0x000000070cc00000, 0x000000070cc00000| Complete 
| 103|0x000000070ce00000, 0x000000070d000000, 0x000000070d000000|100%| S|CS|TAMS 0x000000070ce00000, 0x000000070ce00000| Complete 
| 104|0x000000070d000000, 0x000000070d200000, 0x000000070d200000|100%| S|CS|TAMS 0x000000070d000000, 0x000000070d000000| Complete 
| 105|0x000000070d200000, 0x000000070d200000, 0x000000070d400000|  0%| F|  |TAMS 0x000000070d200000, 0x000000070d200000| Untracked 
| 106|0x000000070d400000, 0x000000070d400000, 0x000000070d600000|  0%| F|  |TAMS 0x000000070d400000, 0x000000070d400000| Untracked 
| 107|0x000000070d600000, 0x000000070d600000, 0x000000070d800000|  0%| F|  |TAMS 0x000000070d600000, 0x000000070d600000| Untracked 
| 108|0x000000070d800000, 0x000000070d800000, 0x000000070da00000|  0%| F|  |TAMS 0x000000070d800000, 0x000000070d800000| Untracked 
| 109|0x000000070da00000, 0x000000070da00000, 0x000000070dc00000|  0%| F|  |TAMS 0x000000070da00000, 0x000000070da00000| Untracked 
| 110|0x000000070dc00000, 0x000000070dc00000, 0x000000070de00000|  0%| F|  |TAMS 0x000000070dc00000, 0x000000070dc00000| Untracked 
| 111|0x000000070de00000, 0x000000070de00000, 0x000000070e000000|  0%| F|  |TAMS 0x000000070de00000, 0x000000070de00000| Untracked 
| 112|0x000000070e000000, 0x000000070e000000, 0x000000070e200000|  0%| F|  |TAMS 0x000000070e000000, 0x000000070e000000| Untracked 
| 113|0x000000070e200000, 0x000000070e200000, 0x000000070e400000|  0%| F|  |TAMS 0x000000070e200000, 0x000000070e200000| Untracked 
| 114|0x000000070e400000, 0x000000070e400000, 0x000000070e600000|  0%| F|  |TAMS 0x000000070e400000, 0x000000070e400000| Untracked 
| 115|0x000000070e600000, 0x000000070e600000, 0x000000070e800000|  0%| F|  |TAMS 0x000000070e600000, 0x000000070e600000| Untracked 
| 116|0x000000070e800000, 0x000000070e800000, 0x000000070ea00000|  0%| F|  |TAMS 0x000000070e800000, 0x000000070e800000| Untracked 
| 117|0x000000070ea00000, 0x000000070ea00000, 0x000000070ec00000|  0%| F|  |TAMS 0x000000070ea00000, 0x000000070ea00000| Untracked 
| 118|0x000000070ec00000, 0x000000070ec00000, 0x000000070ee00000|  0%| F|  |TAMS 0x000000070ec00000, 0x000000070ec00000| Untracked 
| 119|0x000000070ee00000, 0x000000070ee00000, 0x000000070f000000|  0%| F|  |TAMS 0x000000070ee00000, 0x000000070ee00000| Untracked 
| 120|0x000000070f000000, 0x000000070f000000, 0x000000070f200000|  0%| F|  |TAMS 0x000000070f000000, 0x000000070f000000| Untracked 
| 121|0x000000070f200000, 0x000000070f200000, 0x000000070f400000|  0%| F|  |TAMS 0x000000070f200000, 0x000000070f200000| Untracked 
| 122|0x000000070f400000, 0x000000070f48e908, 0x000000070f600000| 27%| E|  |TAMS 0x000000070f400000, 0x000000070f400000| Complete 
| 123|0x000000070f600000, 0x000000070f800000, 0x000000070f800000|100%| E|CS|TAMS 0x000000070f600000, 0x000000070f600000| Complete 
| 124|0x000000070f800000, 0x000000070fa00000, 0x000000070fa00000|100%| E|CS|TAMS 0x000000070f800000, 0x000000070f800000| Complete 
| 125|0x000000070fa00000, 0x000000070fc00000, 0x000000070fc00000|100%| E|CS|TAMS 0x000000070fa00000, 0x000000070fa00000| Complete 
| 126|0x000000070fc00000, 0x000000070fe00000, 0x000000070fe00000|100%| E|CS|TAMS 0x000000070fc00000, 0x000000070fc00000| Complete 
| 127|0x000000070fe00000, 0x0000000710000000, 0x0000000710000000|100%| E|CS|TAMS 0x000000070fe00000, 0x000000070fe00000| Complete 
|1534|0x00000007bfc00000, 0x00000007bfd75000, 0x00000007bfe00000| 72%|OA|  |TAMS 0x00000007bfc00000, 0x00000007bfc00000| Untracked 
|1535|0x00000007bfe00000, 0x00000007bfe7d000, 0x00000007c0000000| 24%|CA|  |TAMS 0x00000007bfe00000, 0x00000007bfe00000| Untracked 

Card table byte_map: [0x000000012a6ac000,0x000000012aeac000] _byte_map_base: 0x0000000126eac000

Marking Bits (Prev, Next): (CMBitMap*) 0x00007f85c900d210, (CMBitMap*) 0x00007f85c900d250
 Prev Bits: [0x000000012b6ac000, 0x000000012f6ac000)
 Next Bits: [0x000000012f6ac000, 0x00000001336ac000)

Polling page: 0x0000000104769000

Metaspace:

Usage:
  Non-class:     16.04 MB used.
      Class:      1.88 MB used.
       Both:     17.92 MB used.

Virtual space:
  Non-class space:       24.00 MB reserved,      16.19 MB ( 67%) committed,  3 nodes.
      Class space:        1.00 GB reserved,       2.00 MB ( <1%) committed,  1 nodes.
              Both:        1.02 GB reserved,      18.19 MB (  2%) committed. 

Chunk freelists:
   Non-Class:  2.97 MB
       Class:  2.01 MB
        Both:  4.98 MB

MaxMetaspaceSize: 17179869184.00 GB
CompressedClassSpaceSize: 1.00 GB
 - commit_granule_bytes: 65536.
 - commit_granule_words: 8192.
 - virtual_space_node_default_size: 1048576.
 - enlarge_chunks_in_place: 1.
 - new_chunks_are_fully_committed: 0.
 - uncommit_free_chunks: 1.
 - use_allocation_guard: 0.
 - handle_deallocations: 1.


Internal statistics:

num_allocs_failed_limit: 0.
num_arena_births: 174.
num_arena_deaths: 0.
num_vsnodes_births: 4.
num_vsnodes_deaths: 0.
num_space_committed: 291.
num_space_uncommitted: 0.
num_chunks_returned_to_freelist: 0.
num_chunks_taken_from_freelist: 509.
num_chunk_merges: 0.
num_chunk_splits: 378.
num_chunks_enlarged: 309.
num_purges: 0.

CodeHeap 'non-profiled nmethods': size=120028Kb used=724Kb max_used=724Kb free=119303Kb
 bounds [0x0000000122975000, 0x0000000122be5000, 0x0000000129eac000]
CodeHeap 'profiled nmethods': size=120028Kb used=2962Kb max_used=2962Kb free=117065Kb
 bounds [0x000000011b43e000, 0x000000011b72e000, 0x0000000122975000]
CodeHeap 'non-nmethods': size=5704Kb used=1549Kb max_used=1563Kb free=4154Kb
 bounds [0x000000011aeac000, 0x000000011b11c000, 0x000000011b43e000]
 total_blobs=2603 nmethods=1637 adapters=881
 compilation: enabled
              stopped_count=0, restarted_count=0
 full_count=0

Compilation events (20 events):
Event: 3.099 Thread 0x00007f85c981aa00 1626       1       java.awt.Component::getY (5 bytes)
Event: 3.099 Thread 0x00007f85c981aa00 nmethod 1626 0x0000000122a27e90 code [0x0000000122a28020, 0x0000000122a280f0]
Event: 3.110 Thread 0x00007f85c8814600 1627       4       java.lang.String::isLatin1 (19 bytes)
Event: 3.111 Thread 0x00007f85c8814600 nmethod 1627 0x0000000122a28190 code [0x0000000122a28300, 0x0000000122a28398]
Event: 3.112 Thread 0x00007f85c8814600 1628       4       java.nio.Buffer::<init> (105 bytes)
Event: 3.113 Thread 0x00007f85c8814600 nmethod 1628 0x0000000122a28490 code [0x0000000122a28620, 0x0000000122a28818]
Event: 3.113 Thread 0x00007f85c8814600 1629       4       org.bytedeco.javacv.Java2DFrameConverter::flipCopyWithGamma (608 bytes)
Event: 3.117 Thread 0x00007f85c981aa00 1630       3       sun.java2d.pipe.Region::dimAdd (20 bytes)
Event: 3.117 Thread 0x00007f85c981aa00 nmethod 1630 0x000000011b71d890 code [0x000000011b71da40, 0x000000011b71dbf0]
Event: 3.128 Thread 0x00007f85c8814600 nmethod 1629 0x0000000122a28910 code [0x0000000122a28b00, 0x0000000122a29578]
Event: 3.134 Thread 0x00007f85c981aa00 1631 %     3       java.util.Base64$Encoder::encodeBlock @ 23 (153 bytes)
Event: 3.134 Thread 0x00007f85c981aa00 nmethod 1631% 0x000000011b71dc90 code [0x000000011b71de60, 0x000000011b71e370]
Event: 3.134 Thread 0x00007f85c981aa00 1632       3       java.util.Base64$Encoder::encodeBlock (153 bytes)
Event: 3.135 Thread 0x00007f85c981aa00 nmethod 1632 0x000000011b71e610 code [0x000000011b71e7e0, 0x000000011b71ebb0]
Event: 3.140 Thread 0x00007f85c981aa00 1633       1       java.awt.Component::getWidth (5 bytes)
Event: 3.140 Thread 0x00007f85c981aa00 nmethod 1633 0x0000000122a29c10 code [0x0000000122a29da0, 0x0000000122a29e70]
Event: 3.147 Thread 0x00007f85c981aa00 1634       3       java.util.concurrent.locks.AbstractQueuedSynchronizer::signalNext (34 bytes)
Event: 3.148 Thread 0x00007f85c981aa00 nmethod 1634 0x000000011b71ee10 code [0x000000011b71efe0, 0x000000011b71f290]
Event: 3.149 Thread 0x00007f85c981aa00 1635       3       org.bytedeco.javacpp.tools.Logger::isDebugEnabled (4 bytes)
Event: 3.150 Thread 0x00007f85c981aa00 nmethod 1635 0x000000011b71f410 code [0x000000011b71f5a0, 0x000000011b71f6b0]

GC Heap History (4 events):
Event: 0.805 GC heap before
{Heap before GC invocations=0 (full 0):
 garbage-first heap   total 266240K, used 24520K [0x0000000700000000, 0x0000000800000000)
  region size 2048K, 11 young (22528K), 0 survivors (0K)
 Metaspace       used 4614K, committed 4800K, reserved 1056768K
  class space    used 418K, committed 512K, reserved 1048576K
}
Event: 0.812 GC heap after
{Heap after GC invocations=1 (full 0):
 garbage-first heap   total 266240K, used 4798K [0x0000000700000000, 0x0000000800000000)
  region size 2048K, 2 young (4096K), 2 survivors (4096K)
 Metaspace       used 4614K, committed 4800K, reserved 1056768K
  class space    used 418K, committed 512K, reserved 1048576K
}
Event: 2.805 GC heap before
{Heap before GC invocations=1 (full 0):
 garbage-first heap   total 266240K, used 45758K [0x0000000700000000, 0x0000000800000000)
  region size 2048K, 23 young (47104K), 2 survivors (4096K)
 Metaspace       used 18065K, committed 18368K, reserved 1064960K
  class space    used 1900K, committed 2048K, reserved 1048576K
}
Event: 2.816 GC heap after
{Heap after GC invocations=2 (full 0):
 garbage-first heap   total 266240K, used 8016K [0x0000000700000000, 0x0000000800000000)
  region size 2048K, 3 young (6144K), 3 survivors (6144K)
 Metaspace       used 18065K, committed 18368K, reserved 1064960K
  class space    used 1900K, committed 2048K, reserved 1048576K
}

Deoptimization events (20 events):
Event: 2.626 Thread 0x00007f85ca811c00 Uncommon trap: trap_request=0xffffff45 fr.pc=0x0000000122a032a4 relative=0x0000000000000464
Event: 2.626 Thread 0x00007f85ca811c00 Uncommon trap: reason=unstable_if action=reinterpret pc=0x0000000122a032a4 method=java.util.HashMap.hash(Ljava/lang/Object;)I @ 1 c2
Event: 2.626 Thread 0x00007f85ca811c00 DEOPT PACKING pc=0x0000000122a032a4 sp=0x000000030d244200
Event: 2.626 Thread 0x00007f85ca811c00 DEOPT UNPACKING pc=0x000000011aef941e sp=0x000000030d2440c8 mode 2
Event: 2.626 Thread 0x00007f85ca811c00 Uncommon trap: trap_request=0xffffff45 fr.pc=0x00000001229e02fc relative=0x000000000000043c
Event: 2.626 Thread 0x00007f85ca811c00 Uncommon trap: reason=unstable_if action=reinterpret pc=0x00000001229e02fc method=java.util.HashMap.hash(Ljava/lang/Object;)I @ 1 c2
Event: 2.626 Thread 0x00007f85ca811c00 DEOPT PACKING pc=0x00000001229e02fc sp=0x000000030d2441b0
Event: 2.626 Thread 0x00007f85ca811c00 DEOPT UNPACKING pc=0x000000011aef941e sp=0x000000030d2440e8 mode 2
Event: 2.626 Thread 0x00007f85ca811c00 Uncommon trap: trap_request=0xffffff45 fr.pc=0x000000012299603c relative=0x000000000000009c
Event: 2.626 Thread 0x00007f85ca811c00 Uncommon trap: reason=unstable_if action=reinterpret pc=0x000000012299603c method=java.util.HashMap.hash(Ljava/lang/Object;)I @ 1 c2
Event: 2.626 Thread 0x00007f85ca811c00 DEOPT PACKING pc=0x000000012299603c sp=0x000000030d2442c0
Event: 2.626 Thread 0x00007f85ca811c00 DEOPT UNPACKING pc=0x000000011aef941e sp=0x000000030d244278 mode 2
Event: 3.026 Thread 0x00007f85c8a52000 DEOPT PACKING pc=0x000000011b713bc9 sp=0x000000030fc936f0
Event: 3.026 Thread 0x00007f85c8a52000 DEOPT UNPACKING pc=0x000000011aef9b9b sp=0x000000030fc92c98 mode 0
Event: 3.113 Thread 0x00007f85c8a52000 DEOPT PACKING pc=0x000000011b71698f sp=0x000000030fc93780
Event: 3.113 Thread 0x00007f85c8a52000 DEOPT UNPACKING pc=0x000000011aef9b9b sp=0x000000030fc92c88 mode 0
Event: 3.140 Thread 0x00007f85c8a52000 Uncommon trap: trap_request=0xffffff45 fr.pc=0x0000000122a29514 relative=0x0000000000000a14
Event: 3.140 Thread 0x00007f85c8a52000 Uncommon trap: reason=unstable_if action=reinterpret pc=0x0000000122a29514 method=org.bytedeco.javacv.Java2DFrameConverter.flipCopyWithGamma(Ljava/nio/ByteBuffer;ILjava/nio/ByteBuffer;IZDZI)V @ 50 c2
Event: 3.140 Thread 0x00007f85c8a52000 DEOPT PACKING pc=0x0000000122a29514 sp=0x000000030fc937c0
Event: 3.140 Thread 0x00007f85c8a52000 DEOPT UNPACKING pc=0x000000011aef941e sp=0x000000030fc93788 mode 2

Classes unloaded (0 events):
No events

Classes redefined (0 events):
No events

Internal exceptions (20 events):
Event: 2.284 Thread 0x00007f85ca811c00 Exception <a 'java/io/FileNotFoundException'{0x000000070d62d0e0}> (0x000000070d62d0e0) 
thrown [./open/src/hotspot/share/prims/jni.cpp, line 579]
Event: 2.304 Thread 0x00007f85ca811c00 Exception <a 'java/lang/ClassNotFoundException'{0x000000070d65fb08}: sun/awt/resources/spi/awtosxProvider> (0x000000070d65fb08) 
thrown [./open/src/hotspot/share/classfile/systemDictionary.cpp, line 256]
Event: 2.562 Thread 0x00007f85ca811c00 Exception <a 'java/lang/NoSuchMethodError'{0x000000070d6a5930}: 'void java.lang.invoke.DirectMethodHandle$Holder.invokeStaticInit(java.lang.Object)'> (0x000000070d6a5930) 
thrown [./open/src/hotspot/share/interpreter/linkResolver.cpp, line 790]
Event: 2.571 Thread 0x00007f85ca811c00 Exception <a 'java/lang/NoSuchMethodError'{0x000000070d6c8568}: 'java.lang.Object java.lang.invoke.DirectMethodHandle$Holder.newInvokeSpecial(java.lang.Object, java.lang.Object, java.lang.Object, java.lang.Object, java.lang.Object)'> (0x000000070d6c8568) 
thrown [./open/src/hotspot/share/interpreter/linkResolver.cpp, line 790]
Event: 2.580 Thread 0x00007f85ca811c00 Exception <a 'java/lang/NoSuchMethodError'{0x000000070d7cef98}: 'java.lang.Object java.lang.invoke.DirectMethodHandle$Holder.invokeStatic(java.lang.Object, int, java.lang.Object, java.lang.Object, java.lang.Object, java.lang.Object)'> (0x000000070d7cef98) 
thrown [./open/src/hotspot/share/interpreter/linkResolver.cpp, line 790]
Event: 2.589 Thread 0x00007f85ca811c00 Exception <a 'java/lang/ClassNotFoundException'{0x000000070d426f58}: com/apple/laf/resources/spi/aquaProvider> (0x000000070d426f58) 
thrown [./open/src/hotspot/share/classfile/systemDictionary.cpp, line 256]
Event: 2.613 Thread 0x00007f85ca811c00 Exception <a 'java/lang/ClassNotFoundException'{0x000000070d496210}: com/sun/swing/internal/plaf/basic/resources/spi/basicProvider> (0x000000070d496210) 
thrown [./open/src/hotspot/share/classfile/systemDictionary.cpp, line 256]
Event: 2.621 Thread 0x00007f85ca811c00 Implicit null exception at 0x000000012299e85b to 0x000000012299f29c
Event: 2.626 Thread 0x00007f85ca811c00 Implicit null exception at 0x0000000122a02e8f to 0x0000000122a0328c
Event: 2.626 Thread 0x00007f85ca811c00 Implicit null exception at 0x00000001229dff0f to 0x00000001229e02dc
Event: 2.626 Thread 0x00007f85ca811c00 Implicit null exception at 0x0000000122995faf to 0x000000012299602d
Event: 2.646 Thread 0x00007f857aaba400 Exception <a 'java/lang/NoSuchMethodError'{0x000000070d4e5510}: 'java.lang.Object java.lang.invoke.DirectMethodHandle$Holder.newInvokeSpecial(java.lang.Object, java.lang.Object, java.lang.Object, int, java.lang.Object)'> (0x000000070d4e5510) 
thrown [./open/src/hotspot/share/interpreter/linkResolver.cpp, line 790]
Event: 2.647 Thread 0x00007f857aaba400 Exception <a 'java/lang/NoSuchMethodError'{0x000000070d4ed3e8}: 'java.lang.Object java.lang.invoke.Invokers$Holder.linkToTargetMethod(java.lang.Object, java.lang.Object, int, java.lang.Object, java.lang.Object)'> (0x000000070d4ed3e8) 
thrown [./open/src/hotspot/share/interpreter/linkResolver.cpp, line 790]
Event: 2.673 Thread 0x00007f857aaba400 Exception <a 'java/lang/NoSuchMethodError'{0x000000070d4ff250}: 'java.lang.Object java.lang.invoke.Invokers$Holder.linkToTargetMethod(int, int, int, int, java.lang.Object)'> (0x000000070d4ff250) 
thrown [./open/src/hotspot/share/interpreter/linkResolver.cpp, line 790]
Event: 2.675 Thread 0x00007f857aaba400 Exception <a 'java/lang/NoSuchMethodError'{0x000000070d5030c8}: 'void java.lang.invoke.DirectMethodHandle$Holder.invokeStatic(java.lang.Object, java.lang.Object, long)'> (0x000000070d5030c8) 
thrown [./open/src/hotspot/share/interpreter/linkResolver.cpp, line 790]
Event: 2.712 Thread 0x00007f857aaba400 Exception <a 'java/lang/NoSuchMethodError'{0x000000070d517a40}: 'void java.lang.invoke.DirectMethodHandle$Holder.invokeStatic(java.lang.Object, long)'> (0x000000070d517a40) 
thrown [./open/src/hotspot/share/interpreter/linkResolver.cpp, line 790]
Event: 2.714 Thread 0x00007f857aaba400 Exception <a 'java/lang/NoSuchMethodError'{0x000000070d5654f0}: 'void java.lang.invoke.DirectMethodHandle$Holder.invokeSpecial(java.lang.Object, java.lang.Object, long)'> (0x000000070d5654f0) 
thrown [./open/src/hotspot/share/interpreter/linkResolver.cpp, line 790]
Event: 2.714 Thread 0x00007f857aaba400 Exception <a 'java/lang/NoSuchMethodError'{0x000000070d56b8c0}: 'void java.lang.invoke.DirectMethodHandle$Holder.invokeStatic(java.lang.Object, long, long)'> (0x000000070d56b8c0) 
thrown [./open/src/hotspot/share/interpreter/linkResolver.cpp, line 790]
Event: 2.715 Thread 0x00007f857aaba400 Exception <a 'java/lang/NoSuchMethodError'{0x000000070d5713b8}: 'java.lang.Object java.lang.invoke.DirectMethodHandle$Holder.newInvokeSpecial(java.lang.Object, long)'> (0x000000070d5713b8) 
thrown [./open/src/hotspot/share/interpreter/linkResolver.cpp, line 790]
Event: 2.717 Thread 0x00007f857aaba400 Exception <a 'java/lang/NoSuchMethodError'{0x000000070d57ba20}: 'java.lang.Object java.lang.invoke.DirectMethodHandle$Holder.newInvokeSpecial(java.lang.Object, java.lang.Object, int)'> (0x000000070d57ba20) 
thrown [./open/src/hotspot/share/interpreter/linkResolver.cpp, line 790]

Events (20 events):
Event: 3.110 Protecting memory [0x000000030fd9a000,0x000000030fd9e000] with protection modes 3
Event: 3.110 Thread 0x00007f85c9f5b200 Thread exited: 0x00007f85c9f5b200
Event: 3.124 Protecting memory [0x000000030ffa0000,0x000000030ffa4000] with protection modes 3
Event: 3.124 Thread 0x00007f85c8a53c00 Thread exited: 0x00007f85c8a53c00
Event: 3.127 Thread 0x00007f85ca900600 Thread added: 0x00007f85ca900600
Event: 3.127 Protecting memory [0x000000030fd9a000,0x000000030fd9e000] with protection modes 0
Event: 3.127 Thread 0x00007f857a2e0200 Thread added: 0x00007f857a2e0200
Event: 3.127 Protecting memory [0x000000030fe9d000,0x000000030fea1000] with protection modes 0
Event: 3.127 Thread 0x00007f857a2de200 Thread added: 0x00007f857a2de200
Event: 3.127 Protecting memory [0x000000030ffa0000,0x000000030ffa4000] with protection modes 0
Event: 3.134 Protecting memory [0x000000030fe9d000,0x000000030fea1000] with protection modes 3
Event: 3.134 Thread 0x00007f857a2e0200 Thread exited: 0x00007f857a2e0200
Event: 3.136 Protecting memory [0x000000030fd9a000,0x000000030fd9e000] with protection modes 3
Event: 3.136 Thread 0x00007f85ca900600 Thread exited: 0x00007f85ca900600
Event: 3.148 Thread 0x00007f857aba2800 Thread added: 0x00007f857aba2800
Event: 3.148 Protecting memory [0x000000030fd9a000,0x000000030fd9e000] with protection modes 0
Event: 3.148 Thread 0x00007f85c9f7da00 Thread added: 0x00007f85c9f7da00
Event: 3.148 Protecting memory [0x000000030fe9d000,0x000000030fea1000] with protection modes 0
Event: 3.148 Thread 0x00007f85c9f5ca00 Thread added: 0x00007f85c9f5ca00
Event: 3.148 Protecting memory [0x00000003102a9000,0x00000003102ad000] with protection modes 0


Dynamic libraries:
0x00007ffdfff05000 	/Library/Apple/usr/libexec/oah/runtime
0x00007fff2a5d3000 	/usr/lib/libz.1.dylib
0x000000010ca0e000 	/Users/paulschlosser/Library/Java/JavaVirtualMachines/openjdk-16.0.1/Contents/Home/lib/libjli.dylib
0x00007fff3513a000 	/System/Library/Frameworks/Cocoa.framework/Versions/A/Cocoa
0x00007fff2210c000 	/System/Library/Frameworks/Security.framework/Versions/A/Security
0x00007fff33347000 	/System/Library/Frameworks/ApplicationServices.framework/Versions/A/ApplicationServices
0x00007fff2a69f000 	/usr/lib/libSystem.B.dylib
0x00007fff2a699000 	/usr/lib/system/libcache.dylib
0x00007fff2a655000 	/usr/lib/system/libcommonCrypto.dylib
0x00007fff2a67f000 	/usr/lib/system/libcompiler_rt.dylib
0x00007fff2a674000 	/usr/lib/system/libcopyfile.dylib
0x00007fff200de000 	/usr/lib/system/libcorecrypto.dylib
0x00007fff201a9000 	/usr/lib/system/libdispatch.dylib
0x00007fff2035c000 	/usr/lib/system/libdyld.dylib
0x00007fff2a690000 	/usr/lib/system/libkeymgr.dylib
0x00007fff2dbfb000 	/usr/lib/system/liblaunch.dylib
0x00007fff2a633000 	/usr/lib/system/libmacho.dylib
0x00007fff29e27000 	/usr/lib/system/libquarantine.dylib
0x00007fff2a68d000 	/usr/lib/system/libremovefile.dylib
0x00007fff24ae2000 	/usr/lib/system/libsystem_asl.dylib
0x00007fff2008e000 	/usr/lib/system/libsystem_blocks.dylib
0x00007fff2022b000 	/usr/lib/system/libsystem_c.dylib
0x00007fff2a687000 	/usr/lib/system/libsystem_collections.dylib
0x00007fff2921f000 	/usr/lib/system/libsystem_configuration.dylib
0x00007fff28503000 	/usr/lib/system/libsystem_containermanager.dylib
0x00007fff2a3d2000 	/usr/lib/system/libsystem_coreservices.dylib
0x00007fff226c1000 	/usr/lib/system/libsystem_darwin.dylib
0x00007fff2a691000 	/usr/lib/system/libsystem_dnssd.dylib
0x00007fff20228000 	/usr/lib/system/libsystem_featureflags.dylib
0x00007fff203a2000 	/usr/lib/system/libsystem_info.dylib
0x00007fff2a5e6000 	/usr/lib/system/libsystem_m.dylib
0x00007fff2017c000 	/usr/lib/system/libsystem_malloc.dylib
0x00007fff24a75000 	/usr/lib/system/libsystem_networkextension.dylib
0x00007fff22ae0000 	/usr/lib/system/libsystem_notify.dylib
0x00007fff3008a000 	/usr/lib/system/libsystem_product_info_filter.dylib
0x00007fff29223000 	/usr/lib/system/libsystem_sandbox.dylib
0x00007fff2a68a000 	/usr/lib/system/libsystem_secinit.dylib
0x00007fff20320000 	/usr/lib/system/libsystem_kernel.dylib
0x00007fff20398000 	/usr/lib/system/libsystem_platform.dylib
0x00007fff20350000 	/usr/lib/system/libsystem_pthread.dylib
0x00007fff261f1000 	/usr/lib/system/libsystem_symptoms.dylib
0x00007fff200c6000 	/usr/lib/system/libsystem_trace.dylib
0x00007fff2a661000 	/usr/lib/system/libunwind.dylib
0x00007fff20090000 	/usr/lib/system/libxpc.dylib
0x00007fff2030a000 	/usr/lib/libc++abi.dylib
0x00007fff201ee000 	/usr/lib/libobjc.A.dylib
0x00007fff2a66c000 	/usr/lib/liboah.dylib
0x00007fff202b4000 	/usr/lib/libc++.1.dylib
0x00007fff203ce000 	/System/Library/Frameworks/CoreFoundation.framework/Versions/A/CoreFoundation
0x00007fff210a5000 	/System/Library/Frameworks/Foundation.framework/Versions/C/Foundation
0x00007fff22b3a000 	/System/Library/Frameworks/AppKit.framework/Versions/C/AppKit
0x00007fff25a21000 	/System/Library/Frameworks/CoreData.framework/Versions/A/CoreData
0x00007fff23883000 	/System/Library/PrivateFrameworks/UIFoundation.framework/Versions/A/UIFoundation
0x00007fff2fe1d000 	/System/Library/PrivateFrameworks/RemoteViewServices.framework/Versions/A/RemoteViewServices
0x00007fff28bcd000 	/System/Library/PrivateFrameworks/XCTTargetBootstrap.framework/Versions/A/XCTTargetBootstrap
0x00007fff2b91f000 	/usr/lib/libspindump.dylib
0x00007fff23ad2000 	/System/Library/Frameworks/UniformTypeIdentifiers.framework/Versions/A/UniformTypeIdentifiers
0x00007fff273cd000 	/usr/lib/libapp_launch_measurement.dylib
0x00007fff273d0000 	/System/Library/PrivateFrameworks/CoreAutoLayout.framework/Versions/A/CoreAutoLayout
0x00007fff28530000 	/System/Library/Frameworks/Metal.framework/Versions/A/Metal
0x00007fff2922e000 	/usr/lib/liblangid.dylib
0x00007fff28bd1000 	/System/Library/PrivateFrameworks/CoreSVG.framework/Versions/A/CoreSVG
0x00007fff24b11000 	/System/Library/PrivateFrameworks/SkyLight.framework/Versions/A/SkyLight
0x00007fff24e76000 	/System/Library/Frameworks/CoreGraphics.framework/Versions/A/CoreGraphics
0x00007fff30344000 	/System/Library/Frameworks/Accelerate.framework/Versions/A/Accelerate
0x00007fff2b35d000 	/System/Library/PrivateFrameworks/IconServices.framework/Versions/A/IconServices
0x00007fff28514000 	/System/Library/Frameworks/IOSurface.framework/Versions/A/IOSurface
0x00007fff263b5000 	/usr/lib/libDiagnosticMessagesClient.dylib
0x00007fff28bb9000 	/System/Library/PrivateFrameworks/DFRFoundation.framework/Versions/A/DFRFoundation
0x00007fff22461000 	/usr/lib/libicucore.A.dylib
0x00007fff2ce64000 	/System/Library/Frameworks/AudioToolbox.framework/Versions/A/AudioToolbox
0x00007fff2c0ee000 	/System/Library/PrivateFrameworks/DataDetectorsCore.framework/Versions/A/DataDetectorsCore
0x00007fff24a85000 	/usr/lib/libMobileGestalt.dylib
0x00007fff288bd000 	/System/Library/Frameworks/Carbon.framework/Versions/A/Frameworks/HIToolbox.framework/Versions/A/HIToolbox
0x00007fff26e13000 	/System/Library/Frameworks/QuartzCore.framework/Versions/A/QuartzCore
0x00007fff2fe55000 	/System/Library/Frameworks/Carbon.framework/Versions/A/Frameworks/SpeechRecognition.framework/Versions/A/SpeechRecognition
0x00007fff27132000 	/System/Library/PrivateFrameworks/CoreUI.framework/Versions/A/CoreUI
0x00007fff21a7b000 	/System/Library/Frameworks/CoreAudio.framework/Versions/A/CoreAudio
0x00007fff264a0000 	/System/Library/Frameworks/DiskArbitration.framework/Versions/A/DiskArbitration
0x00007fff2bcec000 	/System/Library/PrivateFrameworks/MultitouchSupport.framework/Versions/A/MultitouchSupport
0x00007fff2c0e5000 	/System/Library/PrivateFrameworks/InternationalSupport.framework/Versions/A/InternationalSupport
0x00007fff24a84000 	/usr/lib/libenergytrace.dylib
0x00007fff22a31000 	/System/Library/Frameworks/IOKit.framework/Versions/A/IOKit
0x00007fff30188000 	/System/Library/Frameworks/CoreServices.framework/Versions/A/CoreServices
0x00007fff2735f000 	/System/Library/PrivateFrameworks/PerformanceAnalysis.framework/Versions/A/PerformanceAnalysis
0x00007fff6bc4a000 	/System/Library/Frameworks/OpenGL.framework/Versions/A/OpenGL
0x00007fff2c169000 	/System/Library/PrivateFrameworks/UserActivity.framework/Versions/A/UserActivity
0x00007fff25528000 	/System/Library/Frameworks/ColorSync.framework/Versions/A/ColorSync
0x00007fff28e3c000 	/System/Library/Frameworks/CoreImage.framework/Versions/A/CoreImage
0x00007fff21895000 	/System/Library/Frameworks/CoreText.framework/Versions/A/CoreText
0x00007fff28bfb000 	/System/Library/Frameworks/ImageIO.framework/Versions/A/ImageIO
0x00007fff2a6a5000 	/System/Library/PrivateFrameworks/SoftLinking.framework/Versions/A/SoftLinking
0x00007fff27418000 	/usr/lib/libxml2.2.dylib
0x00007fff2a912000 	/usr/lib/libcompression.dylib
0x00007fff2c017000 	/System/Library/PrivateFrameworks/TextureIO.framework/Versions/A/TextureIO
0x00007fff2b002000 	/usr/lib/libate.dylib
0x00007fff2ad2e000 	/usr/lib/liblzma.5.dylib
0x00007fff20db9000 	/System/Library/Frameworks/SystemConfiguration.framework/Versions/A/SystemConfiguration
0x00007fff2a6a1000 	/usr/lib/libfakelink.dylib
0x00007fff245d6000 	/System/Library/Frameworks/CFNetwork.framework/Versions/A/CFNetwork
0x00007fff2a7e1000 	/usr/lib/libarchive.2.dylib
0x00007fff20e37000 	/usr/lib/libCRFSuite.dylib
0x00007fff29e4e000 	/usr/lib/libbsm.0.dylib
0x00007fff23f4f000 	/usr/lib/libnetwork.dylib
0x00007fff2a6a6000 	/usr/lib/libpcap.A.dylib
0x00007fff261ea000 	/usr/lib/libdns_services.dylib
0x00007fff2ad47000 	/usr/lib/libcoretls_cfhelpers.dylib
0x00007fff2a8e0000 	/usr/lib/libapple_nghttp2.dylib
0x00007fff2a639000 	/usr/lib/system/libkxld.dylib
0x00007fff25e68000 	/usr/lib/libsqlite3.dylib
0x00007fff2a3b5000 	/System/Library/PrivateFrameworks/AppleFSCompression.framework/Versions/A/AppleFSCompression
0x00007fff29e36000 	/usr/lib/libcoretls.dylib
0x00007fff2a90d000 	/usr/lib/libpam.2.dylib
0x00007fff2ae45000 	/usr/lib/libxar.1.dylib
0x00007fff2922a000 	/System/Library/PrivateFrameworks/AppleSystemInfo.framework/Versions/A/AppleSystemInfo
0x00007fff29a78000 	/System/Library/PrivateFrameworks/IOMobileFramebuffer.framework/Versions/A/IOMobileFramebuffer
0x00007fff2a3c5000 	/usr/lib/libbz2.1.0.dylib
0x00007fff2a6de000 	/usr/lib/libiconv.2.dylib
0x00007fff2a632000 	/usr/lib/libcharset.1.dylib
0x00007fff2739b000 	/System/Library/Frameworks/CoreServices.framework/Versions/A/Frameworks/FSEvents.framework/Versions/A/FSEvents
0x00007fff226cb000 	/System/Library/Frameworks/CoreServices.framework/Versions/A/Frameworks/CarbonCore.framework/Versions/A/CarbonCore
0x00007fff26405000 	/System/Library/Frameworks/CoreServices.framework/Versions/A/Frameworks/Metadata.framework/Versions/A/Metadata
0x00007fff2a3d7000 	/System/Library/Frameworks/CoreServices.framework/Versions/A/Frameworks/OSServices.framework/Versions/A/OSServices
0x00007fff2a853000 	/System/Library/Frameworks/CoreServices.framework/Versions/A/Frameworks/SearchKit.framework/Versions/A/SearchKit
0x00007fff26175000 	/System/Library/Frameworks/CoreServices.framework/Versions/A/Frameworks/AE.framework/Versions/A/AE
0x00007fff2086c000 	/System/Library/Frameworks/CoreServices.framework/Versions/A/Frameworks/LaunchServices.framework/Versions/A/LaunchServices
0x00007fff2acde000 	/System/Library/Frameworks/CoreServices.framework/Versions/A/Frameworks/DictionaryServices.framework/Versions/A/DictionaryServices
0x00007fff273a8000 	/System/Library/Frameworks/CoreServices.framework/Versions/A/Frameworks/SharedFileList.framework/Versions/A/SharedFileList
0x00007fff29e2a000 	/usr/lib/libCheckFix.dylib
0x00007fff24af9000 	/System/Library/PrivateFrameworks/TCC.framework/Versions/A/TCC
0x00007fff29230000 	/System/Library/PrivateFrameworks/CoreNLP.framework/Versions/A/CoreNLP
0x00007fff263b8000 	/System/Library/PrivateFrameworks/MetadataUtilities.framework/Versions/A/MetadataUtilities
0x00007fff20e6c000 	/usr/lib/libmecabra.dylib
0x00007fff2a134000 	/System/Library/Frameworks/MLCompute.framework/Versions/A/MLCompute
0x00007fff29e5f000 	/usr/lib/libmecab.dylib
0x00007fff29ea9000 	/usr/lib/libgermantok.dylib
0x00007fff2a8bb000 	/usr/lib/libThaiTokenizer.dylib
0x00007fff2ae80000 	/usr/lib/libChineseTokenizer.dylib
0x00007fff2a90b000 	/System/Library/Frameworks/MetalPerformanceShaders.framework/Versions/A/MetalPerformanceShaders
0x00007fff264a7000 	/System/Library/Frameworks/Accelerate.framework/Versions/A/Frameworks/vImage.framework/Versions/A/vImage
0x00007fff30162000 	/System/Library/Frameworks/Accelerate.framework/Versions/A/Frameworks/vecLib.framework/Versions/A/vecLib
0x00007fff2ae8b000 	/System/Library/Frameworks/Accelerate.framework/Versions/A/Frameworks/vecLib.framework/Versions/A/libvMisc.dylib
0x00007fff298d8000 	/System/Library/Frameworks/Accelerate.framework/Versions/A/Frameworks/vecLib.framework/Versions/A/libvDSP.dylib
0x00007fff20b75000 	/System/Library/Frameworks/Accelerate.framework/Versions/A/Frameworks/vecLib.framework/Versions/A/libBLAS.dylib
0x00007fff2a939000 	/System/Library/Frameworks/Accelerate.framework/Versions/A/Frameworks/vecLib.framework/Versions/A/libLAPACK.dylib
0x00007fff29eaf000 	/System/Library/Frameworks/Accelerate.framework/Versions/A/Frameworks/vecLib.framework/Versions/A/libLinearAlgebra.dylib
0x00007fff2a8f8000 	/System/Library/Frameworks/Accelerate.framework/Versions/A/Frameworks/vecLib.framework/Versions/A/libSparseBLAS.dylib
0x00007fff2a933000 	/System/Library/Frameworks/Accelerate.framework/Versions/A/Frameworks/vecLib.framework/Versions/A/libQuadrature.dylib
0x00007fff292dc000 	/System/Library/Frameworks/Accelerate.framework/Versions/A/Frameworks/vecLib.framework/Versions/A/libBNNS.dylib
0x00007fff20d4a000 	/System/Library/Frameworks/Accelerate.framework/Versions/A/Frameworks/vecLib.framework/Versions/A/libSparse.dylib
0x00007fff291b8000 	/System/Library/Frameworks/MetalPerformanceShaders.framework/Versions/A/Frameworks/MPSCore.framework/Versions/A/MPSCore
0x00007fff2a324000 	/System/Library/Frameworks/MetalPerformanceShaders.framework/Versions/A/Frameworks/MPSImage.framework/Versions/A/MPSImage
0x00007fff29ec5000 	/System/Library/Frameworks/MetalPerformanceShaders.framework/Versions/A/Frameworks/MPSNeuralNetwork.framework/Versions/A/MPSNeuralNetwork
0x00007fff2a296000 	/System/Library/Frameworks/MetalPerformanceShaders.framework/Versions/A/Frameworks/MPSMatrix.framework/Versions/A/MPSMatrix
0x00007fff2a0e4000 	/System/Library/Frameworks/MetalPerformanceShaders.framework/Versions/A/Frameworks/MPSRayIntersector.framework/Versions/A/MPSRayIntersector
0x00007fff2a2cd000 	/System/Library/Frameworks/MetalPerformanceShaders.framework/Versions/A/Frameworks/MPSNDArray.framework/Versions/A/MPSNDArray
0x00007fff20aa1000 	/System/Library/PrivateFrameworks/MetalTools.framework/Versions/A/MetalTools
0x00007fff29228000 	/System/Library/PrivateFrameworks/AggregateDictionary.framework/Versions/A/AggregateDictionary
0x00007fff26385000 	/System/Library/PrivateFrameworks/CoreAnalytics.framework/Versions/A/CoreAnalytics
0x00007fff2a8bd000 	/System/Library/PrivateFrameworks/AppleSauce.framework/Versions/A/AppleSauce
0x00007fff28526000 	/System/Library/PrivateFrameworks/IOAccelerator.framework/Versions/A/IOAccelerator
0x00007fff6bc3e000 	/System/Library/Frameworks/OpenGL.framework/Versions/A/Libraries/libCoreFSCache.dylib
0x00007fff21404000 	/System/Library/PrivateFrameworks/LanguageModeling.framework/Versions/A/LanguageModeling
0x00007fff29a66000 	/System/Library/PrivateFrameworks/CoreEmoji.framework/Versions/A/CoreEmoji
0x00007fff292d5000 	/System/Library/PrivateFrameworks/LinguisticData.framework/Versions/A/LinguisticData
0x00007fff20cfc000 	/System/Library/PrivateFrameworks/Lexicon.framework/Versions/A/Lexicon
0x00007fff2a7cf000 	/usr/lib/libcmph.dylib
0x00007fff2737b000 	/System/Library/Frameworks/OpenDirectory.framework/Versions/A/Frameworks/CFOpenDirectory.framework/Versions/A/CFOpenDirectory
0x00007fff2736b000 	/System/Library/Frameworks/OpenDirectory.framework/Versions/A/OpenDirectory
0x00007fff2ad49000 	/System/Library/PrivateFrameworks/APFS.framework/Versions/A/APFS
0x00007fff29d8c000 	/System/Library/Frameworks/SecurityFoundation.framework/Versions/A/SecurityFoundation
0x00007fff2ae53000 	/usr/lib/libutil.dylib
0x00007fff229f6000 	/System/Library/PrivateFrameworks/CoreServicesStore.framework/Versions/A/CoreServicesStore
0x00007fff29e22000 	/System/Library/Frameworks/ServiceManagement.framework/Versions/A/ServiceManagement
0x00007fff2ae57000 	/usr/lib/libxslt.1.dylib
0x00007fff29e18000 	/System/Library/PrivateFrameworks/BackgroundTaskManagement.framework/Versions/A/BackgroundTaskManagement
0x00007fff2bf62000 	/System/Library/Frameworks/ImageIO.framework/Versions/A/Resources/libRadiance.dylib
0x00007fff2bf6b000 	/System/Library/Frameworks/ImageIO.framework/Versions/A/Resources/libJPEG.dylib
0x00007fff2beb6000 	/System/Library/Frameworks/ImageIO.framework/Versions/A/Resources/libPng.dylib
0x00007fff2bedd000 	/System/Library/Frameworks/ImageIO.framework/Versions/A/Resources/libTIFF.dylib
0x00007fff2bfc0000 	/System/Library/Frameworks/ImageIO.framework/Versions/A/Resources/libGIF.dylib
0x00007fff2bc09000 	/System/Library/Frameworks/ImageIO.framework/Versions/A/Resources/libJP2.dylib
0x00007fff2b325000 	/usr/lib/libexpat.1.dylib
0x00007fff2bbbf000 	/System/Library/PrivateFrameworks/AppleJPEG.framework/Versions/A/AppleJPEG
0x00007fff2875c000 	/System/Library/PrivateFrameworks/FontServices.framework/libFontParser.dylib
0x00007fff2612c000 	/System/Library/PrivateFrameworks/RunningBoardServices.framework/Versions/A/RunningBoardServices
0x00007fff2bce8000 	/System/Library/PrivateFrameworks/WatchdogClient.framework/Versions/A/WatchdogClient
0x00007fff214ed000 	/System/Library/Frameworks/CoreDisplay.framework/Versions/A/CoreDisplay
0x00007fff28671000 	/System/Library/Frameworks/CoreMedia.framework/Versions/A/CoreMedia
0x00007fff274fb000 	/System/Library/Frameworks/CoreVideo.framework/Versions/A/CoreVideo
0x00007fff2bd23000 	/System/Library/Frameworks/VideoToolbox.framework/Versions/A/VideoToolbox
0x00007fff260ac000 	/System/Library/PrivateFrameworks/BaseBoard.framework/Versions/A/BaseBoard
0x00007fff2b469000 	/System/Library/PrivateFrameworks/PersistentConnection.framework/Versions/A/PersistentConnection
0x00007fff25e52000 	/System/Library/PrivateFrameworks/ProtocolBuffer.framework/Versions/A/ProtocolBuffer
0x00007fff26094000 	/System/Library/PrivateFrameworks/CommonUtilities.framework/Versions/A/CommonUtilities
0x00007fff2bb82000 	/System/Library/PrivateFrameworks/Bom.framework/Versions/A/Bom
0x00007fff2bf5a000 	/System/Library/PrivateFrameworks/GPUWrangler.framework/Versions/A/GPUWrangler
0x00007fff2bf3d000 	/System/Library/PrivateFrameworks/IOPresentment.framework/Versions/A/IOPresentment
0x00007fff2bf65000 	/System/Library/PrivateFrameworks/DSExternalDisplay.framework/Versions/A/DSExternalDisplay
0x00007fff2bfc5000 	/System/Library/PrivateFrameworks/CMCaptureCore.framework/Versions/A/CMCaptureCore
0x00007fff2b905000 	/System/Library/PrivateFrameworks/AppServerSupport.framework/Versions/A/AppServerSupport
0x00007fff2d99e000 	/System/Library/PrivateFrameworks/perfdata.framework/Versions/A/perfdata
0x00007fff29d7b000 	/System/Library/PrivateFrameworks/AssertionServices.framework/Versions/A/AssertionServices
0x00007fff21624000 	/System/Library/PrivateFrameworks/AudioToolboxCore.framework/Versions/A/AudioToolboxCore
0x00007fff28654000 	/System/Library/PrivateFrameworks/caulk.framework/Versions/A/caulk
0x00007fff3cdd6000 	/System/Library/PrivateFrameworks/SystemPolicy.framework/Versions/A/SystemPolicy
0x00007fff2b134000 	/usr/lib/libIOReport.dylib
0x00007fff2d1da000 	/usr/lib/libSMC.dylib
0x00007fff2be82000 	/usr/lib/libAudioToolboxUtility.dylib
0x00007fff3d730000 	/usr/lib/libmis.dylib
0x00007fff6bc9a000 	/System/Library/Frameworks/OpenGL.framework/Versions/A/Libraries/libGLU.dylib
0x00007fff6bc5d000 	/System/Library/Frameworks/OpenGL.framework/Versions/A/Libraries/libGFXShared.dylib
0x00007fff6be6b000 	/System/Library/Frameworks/OpenGL.framework/Versions/A/Libraries/libGL.dylib
0x00007fff6bc66000 	/System/Library/Frameworks/OpenGL.framework/Versions/A/Libraries/libGLImage.dylib
0x00007fff6bc5a000 	/System/Library/Frameworks/OpenGL.framework/Versions/A/Libraries/libCVMSPluginSupport.dylib
0x00007fff6bc45000 	/System/Library/Frameworks/OpenGL.framework/Versions/A/Libraries/libCoreVMClient.dylib
0x00007fff6d2b5000 	/System/Library/Frameworks/OpenCL.framework/Versions/A/OpenCL
0x00007fff2b492000 	/System/Library/PrivateFrameworks/GraphVisualizer.framework/Versions/A/GraphVisualizer
0x00007fff2b4a1000 	/System/Library/PrivateFrameworks/FaceCore.framework/Versions/A/FaceCore
0x00007fff2b8bd000 	/System/Library/PrivateFrameworks/OTSVG.framework/Versions/A/OTSVG
0x00007fff270f0000 	/System/Library/Frameworks/ApplicationServices.framework/Versions/A/Frameworks/ATS.framework/Versions/A/Resources/libFontRegistry.dylib
0x00007fff2b90c000 	/System/Library/PrivateFrameworks/FontServices.framework/libhvf.dylib
0x00007fff2b2d1000 	/System/Library/PrivateFrameworks/AppleVA.framework/Versions/A/AppleVA
0x00007fff2d022000 	/System/Library/Frameworks/ApplicationServices.framework/Versions/A/Frameworks/ATS.framework/Versions/A/ATS
0x00007fff2d335000 	/System/Library/Frameworks/ApplicationServices.framework/Versions/A/Frameworks/ColorSyncLegacy.framework/Versions/A/ColorSyncLegacy
0x00007fff2561f000 	/System/Library/Frameworks/ApplicationServices.framework/Versions/A/Frameworks/HIServices.framework/Versions/A/HIServices
0x00007fff2d31a000 	/System/Library/Frameworks/ApplicationServices.framework/Versions/A/Frameworks/LangAnalysis.framework/Versions/A/LangAnalysis
0x00007fff2bfcf000 	/System/Library/Frameworks/ApplicationServices.framework/Versions/A/Frameworks/PrintCore.framework/Versions/A/PrintCore
0x00007fff2d33d000 	/System/Library/Frameworks/ApplicationServices.framework/Versions/A/Frameworks/QD.framework/Versions/A/QD
0x00007fff2d012000 	/System/Library/Frameworks/ApplicationServices.framework/Versions/A/Frameworks/SpeechSynthesis.framework/Versions/A/SpeechSynthesis
0x00007fff2bf90000 	/System/Library/Frameworks/ApplicationServices.framework/Versions/A/Frameworks/ATSUI.framework/Versions/A/ATSUI
0x00007fff2d2ba000 	/usr/lib/libcups.2.dylib
0x00007fff2d32a000 	/System/Library/PrivateFrameworks/NetAuth.framework/Versions/A/NetAuth
0x00007fff2d9b9000 	/System/Library/Frameworks/Kerberos.framework/Versions/A/Kerberos
0x00007fff2d9c9000 	/System/Library/Frameworks/GSS.framework/Versions/A/GSS
0x00007fff2d08f000 	/usr/lib/libresolv.9.dylib
0x00007fff2b922000 	/System/Library/PrivateFrameworks/Heimdal.framework/Versions/A/Heimdal
0x00007fff3365c000 	/System/Library/Frameworks/Kerberos.framework/Versions/A/Libraries/libHeimdalProxy.dylib
0x00007fff261f9000 	/System/Library/Frameworks/Network.framework/Versions/A/Network
0x00007fff2b33e000 	/usr/lib/libheimdal-asn1.dylib
0x00007fff2da1a000 	/System/Library/PrivateFrameworks/CommonAuth.framework/Versions/A/CommonAuth
0x00007fff27549000 	/System/Library/PrivateFrameworks/login.framework/Versions/A/Frameworks/loginsupport.framework/Versions/A/loginsupport
0x00007fff2cf99000 	/System/Library/PrivateFrameworks/AudioSession.framework/Versions/A/AudioSession
0x00007fff2cfff000 	/usr/lib/libAudioStatistics.dylib
0x00007fff2b3ca000 	/System/Library/PrivateFrameworks/MediaExperience.framework/Versions/A/MediaExperience
0x00007fff2ce32000 	/System/Library/PrivateFrameworks/AudioSession.framework/libSessionUtility.dylib
0x00007fff2d9aa000 	/usr/lib/libperfcheck.dylib
0x00007fff2d349000 	/System/Library/PrivateFrameworks/AudioResourceArbitration.framework/Versions/A/AudioResourceArbitration
0x00007fff2b348000 	/System/Library/PrivateFrameworks/IconFoundation.framework/Versions/A/IconFoundation
0x00007fff2fe45000 	/System/Library/PrivateFrameworks/SpeechRecognitionCore.framework/Versions/A/SpeechRecognitionCore
0x0000000111000000 	/Users/paulschlosser/Library/Java/JavaVirtualMachines/openjdk-16.0.1/Contents/Home/lib/server/libjvm.dylib
0x000000010cab5000 	/Users/paulschlosser/Library/Java/JavaVirtualMachines/openjdk-16.0.1/Contents/Home/lib/libjimage.dylib
0x000000010cad0000 	/Users/paulschlosser/Library/Java/JavaVirtualMachines/openjdk-16.0.1/Contents/Home/lib/libinstrument.dylib
0x000000010caf5000 	/Users/paulschlosser/Library/Java/JavaVirtualMachines/openjdk-16.0.1/Contents/Home/lib/libjava.dylib
0x000000010cf85000 	/Users/paulschlosser/Library/Java/JavaVirtualMachines/openjdk-16.0.1/Contents/Home/lib/libzip.dylib
0x000000010cfad000 	/Users/paulschlosser/Library/Java/JavaVirtualMachines/openjdk-16.0.1/Contents/Home/lib/libnio.dylib
0x000000013572c000 	/Users/paulschlosser/Library/Java/JavaVirtualMachines/openjdk-16.0.1/Contents/Home/lib/libnet.dylib
0x000000010ceb6000 	/Users/paulschlosser/Library/Java/JavaVirtualMachines/openjdk-16.0.1/Contents/Home/lib/libextnet.dylib
0x0000000137f25000 	/Users/paulschlosser/.javacpp/cache/opencv-3.4.0-1.4-macosx-x86_64.jar/org/bytedeco/javacpp/macosx-x86_64/libopencv_core.3.4.dylib
0x000000013866b000 	/Users/paulschlosser/.javacpp/cache/opencv-3.4.0-1.4-macosx-x86_64.jar/org/bytedeco/javacpp/macosx-x86_64/libopencv_imgproc.3.4.dylib
0x0000000138e70000 	/Users/paulschlosser/.javacpp/cache/opencv-3.4.0-1.4-macosx-x86_64.jar/org/bytedeco/javacpp/macosx-x86_64/libjniopencv_core.dylib
0x00007fff6ebfe000 	/System/Library/Frameworks/JavaVM.framework/Versions/A/JavaVM
0x00000001396c7000 	/Users/paulschlosser/.javacpp/cache/opencv-3.4.0-1.4-macosx-x86_64.jar/org/bytedeco/javacpp/macosx-x86_64/libjniopencv_imgproc.dylib
0x00000001399fc000 	/Users/paulschlosser/.javacpp/cache/opencv-3.4.0-1.4-macosx-x86_64.jar/org/bytedeco/javacpp/macosx-x86_64/libopencv_objdetect.3.4.dylib
0x0000000139ad9000 	/Users/paulschlosser/.javacpp/cache/opencv-3.4.0-1.4-macosx-x86_64.jar/org/bytedeco/javacpp/macosx-x86_64/libjniopencv_objdetect.dylib
0x0000000139c8c000 	/Users/paulschlosser/.javacpp/cache/opencv-3.4.0-1.4-macosx-x86_64.jar/org/bytedeco/javacpp/macosx-x86_64/libopencv_imgcodecs.3.4.dylib
0x000000013a23a000 	/Users/paulschlosser/.javacpp/cache/opencv-3.4.0-1.4-macosx-x86_64.jar/org/bytedeco/javacpp/macosx-x86_64/libjniopencv_imgcodecs.dylib
0x000000013a2d3000 	/Users/paulschlosser/.javacpp/cache/opencv-3.4.0-1.4-macosx-x86_64.jar/org/bytedeco/javacpp/macosx-x86_64/libopencv_videoio.3.4.dylib
0x00007fff3cc1c000 	/System/Library/Frameworks/AVFoundation.framework/Versions/A/AVFoundation
0x00007fff6e3bf000 	/System/Library/Frameworks/AVFAudio.framework/Versions/A/AVFAudio
0x00007fff317a7000 	/System/Library/PrivateFrameworks/AVFCore.framework/Versions/A/AVFCore
0x00007fff3783b000 	/System/Library/PrivateFrameworks/AVFCapture.framework/Versions/A/AVFCapture
0x00007fff2e529000 	/System/Library/Frameworks/IOBluetooth.framework/Versions/A/IOBluetooth
0x00007fff29a83000 	/System/Library/Frameworks/CoreWLAN.framework/Versions/A/CoreWLAN
0x00007fff3370f000 	/System/Library/Frameworks/AudioUnit.framework/Versions/A/AudioUnit
0x00007fff30b86000 	/System/Library/Frameworks/CoreBluetooth.framework/Versions/A/CoreBluetooth
0x00007fff32cc2000 	/System/Library/PrivateFrameworks/CoreWiFi.framework/Versions/A/CoreWiFi
0x00007fff29b56000 	/System/Library/PrivateFrameworks/CoreUtils.framework/Versions/A/CoreUtils
0x00007fff29d58000 	/System/Library/PrivateFrameworks/MobileKeyBag.framework/Versions/A/MobileKeyBag
0x00007fff3be74000 	/System/Library/PrivateFrameworks/AirPlaySync.framework/Versions/A/AirPlaySync
0x00007fff2c1c7000 	/System/Library/Frameworks/MediaToolbox.framework/Versions/A/MediaToolbox
0x00007fff2d175000 	/System/Library/Frameworks/CoreMediaIO.framework/Versions/A/CoreMediaIO
0x00007fff3119e000 	/System/Library/PrivateFrameworks/CoreAVCHD.framework/Versions/A/CoreAVCHD
0x00007fff30385000 	/System/Library/Frameworks/MediaAccessibility.framework/Versions/A/MediaAccessibility
0x00007fff3119a000 	/System/Library/PrivateFrameworks/Mangrove.framework/Versions/A/Mangrove
0x00007fff30391000 	/System/Library/PrivateFrameworks/AlgosScoreFramework.framework/Versions/A/AlgosScoreFramework
0x00007fff31b88000 	/System/Library/PrivateFrameworks/AppleVPA.framework/Versions/A/AppleVPA
0x00007fff30ddf000 	/System/Library/PrivateFrameworks/CoreAUC.framework/Versions/A/CoreAUC
0x00007fff3794e000 	/System/Library/PrivateFrameworks/Quagga.framework/Versions/A/Quagga
0x00007fff379e2000 	/System/Library/PrivateFrameworks/CMCapture.framework/Versions/A/CMCapture
0x00007fff33822000 	/System/Library/PrivateFrameworks/Espresso.framework/Versions/A/Espresso
0x00007fff34fa2000 	/System/Library/PrivateFrameworks/AppleNeuralEngine.framework/Versions/A/AppleNeuralEngine
0x00007fff34024000 	/System/Library/PrivateFrameworks/ANEServices.framework/Versions/A/ANEServices
0x00007fff22aec000 	/usr/lib/libsandbox.1.dylib
0x00007fff2b23d000 	/usr/lib/libMatch.1.dylib
0x00007fff6fa24000 	/System/Library/PrivateFrameworks/CMImaging.framework/Versions/A/CMImaging
0x00007fff32e14000 	/System/Library/PrivateFrameworks/BackBoardServices.framework/Versions/A/BackBoardServices
0x00007fff3193c000 	/System/Library/PrivateFrameworks/FrontBoardServices.framework/Versions/A/FrontBoardServices
0x00007fff319ac000 	/System/Library/PrivateFrameworks/BoardServices.framework/Versions/A/BoardServices
0x000000013a325000 	/Users/paulschlosser/.javacpp/cache/opencv-3.4.0-1.4-macosx-x86_64.jar/org/bytedeco/javacpp/macosx-x86_64/libjniopencv_videoio.dylib
0x000000013a3a2000 	/System/Library/Components/AudioCodecs.component/Contents/MacOS/AudioCodecs
0x00007fff30bf6000 	/System/Library/PrivateFrameworks/PowerLog.framework/Versions/A/PowerLog
0x00007fff229b7000 	/System/Library/PrivateFrameworks/CoreServicesInternal.framework/Versions/A/CoreServicesInternal
0x000000013b266000 	/System/Library/Extensions/AGXMetal13_3.bundle/Contents/MacOS/AGXMetal13_3
0x00007fff38760000 	/System/Library/PrivateFrameworks/IOGPU.framework/Versions/A/IOGPU
0x000000013eb08000 	/Users/paulschlosser/.javacpp/cache/leptonica-1.73-1.3-macosx-x86_64.jar/org/bytedeco/javacpp/macosx-x86_64/liblept.5.dylib
0x000000013f3f2000 	/Users/paulschlosser/.javacpp/cache/leptonica-1.73-1.3-macosx-x86_64.jar/org/bytedeco/javacpp/macosx-x86_64/libjnilept.dylib
0x0000000140800000 	/Users/paulschlosser/.javacpp/cache/tesseract-3.04.01-1.3-macosx-x86_64.jar/org/bytedeco/javacpp/macosx-x86_64/libtesseract.3.dylib
0x000000013fc67000 	/Users/paulschlosser/.javacpp/cache/tesseract-3.04.01-1.3-macosx-x86_64.jar/org/bytedeco/javacpp/macosx-x86_64/libjnitesseract.dylib
0x000000013fe4c000 	/Users/paulschlosser/Library/Java/JavaVirtualMachines/openjdk-16.0.1/Contents/Home/lib/libmanagement.dylib
0x000000013fe60000 	/Users/paulschlosser/Library/Java/JavaVirtualMachines/openjdk-16.0.1/Contents/Home/lib/libmanagement_ext.dylib
0x0000000141094000 	/Users/paulschlosser/Library/Java/JavaVirtualMachines/openjdk-16.0.1/Contents/Home/lib/libawt.dylib
0x000000014120d000 	/Users/paulschlosser/Library/Java/JavaVirtualMachines/openjdk-16.0.1/Contents/Home/lib/libmlib_image.dylib
0x00007fff6ebea000 	/System/Library/Frameworks/JavaNativeFoundation.framework/Versions/A/JavaNativeFoundation
0x00007fff6ebf6000 	/System/Library/Frameworks/JavaRuntimeSupport.framework/Versions/A/JavaRuntimeSupport
0x00007fff3cb20000 	/System/Library/Frameworks/Carbon.framework/Versions/A/Carbon
0x00007fff31cb6000 	/System/Library/PrivateFrameworks/CoreSymbolication.framework/Versions/A/CoreSymbolication
0x00007fff365d7000 	/System/Library/Frameworks/Carbon.framework/Versions/A/Frameworks/CommonPanels.framework/Versions/A/CommonPanels
0x00007fff330f1000 	/System/Library/Frameworks/Carbon.framework/Versions/A/Frameworks/Help.framework/Versions/A/Help
0x00007fff365db000 	/System/Library/Frameworks/Carbon.framework/Versions/A/Frameworks/ImageCapture.framework/Versions/A/ImageCapture
0x00007fff365ab000 	/System/Library/Frameworks/Carbon.framework/Versions/A/Frameworks/OpenScripting.framework/Versions/A/OpenScripting
0x00007fff365d3000 	/System/Library/Frameworks/Carbon.framework/Versions/A/Frameworks/Ink.framework/Versions/A/Ink
0x00007fff3cb1c000 	/System/Library/Frameworks/Carbon.framework/Versions/A/Frameworks/Print.framework/Versions/A/Print
0x00007fff365cf000 	/System/Library/Frameworks/Carbon.framework/Versions/A/Frameworks/SecurityHI.framework/Versions/A/SecurityHI
0x00007fff31c7a000 	/System/Library/PrivateFrameworks/DebugSymbols.framework/Versions/A/DebugSymbols
0x000000014135f000 	/Users/paulschlosser/Library/Java/JavaVirtualMachines/openjdk-16.0.1/Contents/Home/lib/libawt_lwawt.dylib
0x000000013ff1b000 	/Users/paulschlosser/Library/Java/JavaVirtualMachines/openjdk-16.0.1/Contents/Home/lib/libosxapp.dylib
0x00007fff3c13b000 	/System/Library/Frameworks/ExceptionHandling.framework/Versions/A/ExceptionHandling
0x000000013ff60000 	/Users/paulschlosser/Library/Java/JavaVirtualMachines/openjdk-16.0.1/Contents/Home/lib/libfontmanager.dylib
0x00000001414e1000 	/Users/paulschlosser/Library/Java/JavaVirtualMachines/openjdk-16.0.1/Contents/Home/lib/libharfbuzz.dylib
0x0000000141877000 	/Users/paulschlosser/Library/Java/JavaVirtualMachines/openjdk-16.0.1/Contents/Home/lib/libfreetype.dylib
0x00007fff311cc000 	/System/Library/Frameworks/FileProvider.framework/Versions/A/FileProvider
0x00007fff26017000 	/System/Library/Frameworks/Accounts.framework/Versions/A/Accounts
0x00007fff3131c000 	/System/Library/PrivateFrameworks/GenerationalStorage.framework/Versions/A/GenerationalStorage
0x00007fff30bec000 	/System/Library/PrivateFrameworks/SymptomDiagnosticReporter.framework/Versions/A/SymptomDiagnosticReporter
0x00007fff23ae5000 	/System/Library/PrivateFrameworks/DesktopServicesPriv.framework/Versions/A/DesktopServicesPriv
0x00007fff27574000 	/System/Library/PrivateFrameworks/UserManagement.framework/Versions/A/UserManagement
0x00007fff346de000 	/System/Library/PrivateFrameworks/ChunkingLibrary.framework/Versions/A/ChunkingLibrary
0x00007fff2e3dd000 	/System/Library/PrivateFrameworks/Sharing.framework/Versions/A/Sharing
0x00007fff32c5e000 	/System/Library/PrivateFrameworks/Apple80211.framework/Versions/A/Apple80211
0x00007fff2a405000 	/System/Library/PrivateFrameworks/AuthKit.framework/Versions/A/AuthKit
0x00007fff2daa0000 	/System/Library/PrivateFrameworks/CorePhoneNumbers.framework/Versions/A/CorePhoneNumbers
0x00007fff30cf3000 	/System/Library/PrivateFrameworks/DiskManagement.framework/Versions/A/DiskManagement
0x00007fff30c09000 	/System/Library/PrivateFrameworks/AppleIDAuthSupport.framework/Versions/A/AppleIDAuthSupport
0x00007fff2da80000 	/System/Library/PrivateFrameworks/KeychainCircle.framework/Versions/A/KeychainCircle
0x00007fff30cbf000 	/System/Library/PrivateFrameworks/MediaKit.framework/Versions/A/MediaKit
0x00007fff30c16000 	/System/Library/Frameworks/DiscRecording.framework/Versions/A/DiscRecording
0x00007fff2b245000 	/usr/lib/libCoreStorage.dylib
0x00007fff330fd000 	/usr/lib/libcsfde.dylib
0x00007fff2e664000 	/System/Library/PrivateFrameworks/ProtectedCloudStorage.framework/Versions/A/ProtectedCloudStorage
0x00007fff330f5000 	/System/Library/PrivateFrameworks/EFILogin.framework/Versions/A/EFILogin
0x00007fff4399a000 	/System/Library/CoreServices/RawCamera.bundle/Contents/MacOS/RawCamera
0x00007fff2da2b000 	/System/Library/PrivateFrameworks/MobileAsset.framework/Versions/A/MobileAsset
0x00007fff33733000 	/System/Library/PrivateFrameworks/StreamingZip.framework/Versions/A/StreamingZip
0x00007fff413f2000 	/System/Library/Frameworks/Accelerate.framework/Versions/A/Frameworks/vImage.framework/Versions/A/Libraries/libCGInterfaces.dylib
0x0000000143bd5000 	/usr/lib/libobjc-trampolines.dylib
0x00007fff27273000 	/System/Library/PrivateFrameworks/ViewBridge.framework/Versions/A/ViewBridge
0x00007fff77ab3000 	/usr/lib/libRosetta.dylib
0x00007fff6be76000 	/System/Library/Frameworks/OpenGL.framework/Versions/A/Resources/GLEngine.bundle/GLEngine
0x00007fff6bcd7000 	/System/Library/Frameworks/OpenGL.framework/Versions/A/Libraries/libGLProgrammability.dylib
0x0000000146345000 	/System/Library/Extensions/AppleMetalOpenGLRenderer.bundle/Contents/MacOS/AppleMetalOpenGLRenderer
0x00007fff6bff4000 	/System/Library/Frameworks/OpenGL.framework/Versions/A/Resources/GLRendererFloat.bundle/GLRendererFloat
0x00007fff697f3000 	/System/Library/PrivateFrameworks/GPUCompiler.framework/Versions/31001/Libraries/libmetal_timestamp.dylib
0x00007fff2b9e3000 	/System/Library/PrivateFrameworks/login.framework/Versions/A/login
0x00000001465c5000 	/Users/paulschlosser/Library/Java/JavaVirtualMachines/openjdk-16.0.1/Contents/Home/lib/libosxui.dylib


VM Arguments:
jvm_args: -javaagent:/Applications/IntelliJ IDEA CE.app/Contents/lib/idea_rt.jar=57187:/Applications/IntelliJ IDEA CE.app/Contents/bin -Dfile.encoding=UTF-8 
java_command: screencapture.controllers.MainController
java_class_path (initial): /Users/paulschlosser/Development/rbwhserver/target/classes:/Users/paulschlosser/.m2/repository/org/bytedeco/javacv-platform/1.4/javacv-platform-1.4.jar:/Users/paulschlosser/.m2/repository/org/bytedeco/javacv/1.4/javacv-1.4.jar:/Users/paulschlosser/.m2/repository/org/bytedeco/javacpp/1.4/javacpp-1.4.jar:/Users/paulschlosser/.m2/repository/org/bytedeco/javacpp-presets/opencv/3.4.0-1.4/opencv-3.4.0-1.4.jar:/Users/paulschlosser/.m2/repository/org/bytedeco/javacpp-presets/ffmpeg/3.4.1-1.4/ffmpeg-3.4.1-1.4.jar:/Users/paulschlosser/.m2/repository/org/bytedeco/javacpp-presets/flycapture/2.11.3.121-1.4/flycapture-2.11.3.121-1.4.jar:/Users/paulschlosser/.m2/repository/org/bytedeco/javacpp-presets/libdc1394/2.2.5-1.4/libdc1394-2.2.5-1.4.jar:/Users/paulschlosser/.m2/repository/org/bytedeco/javacpp-presets/libfreenect/0.5.3-1.4/libfreenect-0.5.3-1.4.jar:/Users/paulschlosser/.m2/repository/org/bytedeco/javacpp-presets/libfreenect2/0.2.0-1.4/libfreenect2-0.2.0-1.4.jar:/Users/paulschlosser/.m2/repository/org/bytedeco/javacpp-presets/librealsense/1.12.1-1.4/librealsense-1.12.1-1.4.jar:/Users/paulschlosser/.m2/repository/org/bytedeco/javacpp-presets/videoinput/0.200-1.4/videoinput-0.200-1.4.jar:/Users/paulschlosser/.m2/repository/org/bytedeco/javacpp-presets/artoolkitplus/2.3.1-1.4/artoolkitplus-2.3.1-1.4.jar:/Users/paulschlosser/.m2/repository/org/bytedeco/javacpp-presets/flandmark/1.07-1.4/flandmark-1.07-1.4.jar:/Users/paulschlosser/.m2/repository/org/bytedeco/javacpp-presets/opencv-platform/3.4.0-1.4/opencv-platform-3.4.0-1.4.jar:/Users/paulschlosser/.m2/repository/org/bytedeco/javacpp-presets/opencv/3.4.0-1.4/opencv-3.4.0-1.4-android-arm.jar:/Users/paulschlosser/.m2/repository/org/bytedeco/javacpp-presets/opencv/3.4.0-1.4/opencv-3.4.0-1.4-android-x86.jar:/Users/paulschlosser/.m2/repository/org/bytedeco/javacpp-presets/opencv/3.4.0-1.4/opencv-3.4.0-1.4-linux-x86.jar:/Users/paulschlosser/.m2/repository/org/bytedeco/javacpp-presets/opencv/3.4.0-1.4/openc
Launcher Type: SUN_STANDARD

[Global flags]
     intx CICompilerCount                          = 4                                         {product} {ergonomic}
     uint ConcGCThreads                            = 2                                         {product} {ergonomic}
     uint G1ConcRefinementThreads                  = 8                                         {product} {ergonomic}
   size_t G1HeapRegionSize                         = 2097152                                   {product} {ergonomic}
    uintx GCDrainStackTargetSize                   = 64                                        {product} {ergonomic}
   size_t InitialHeapSize                          = 268435456                                 {product} {ergonomic}
   size_t MarkStackSize                            = 4194304                                   {product} {ergonomic}
   size_t MaxHeapSize                              = 4294967296                                {product} {ergonomic}
   size_t MaxNewSize                               = 2575302656                                {product} {ergonomic}
   size_t MinHeapDeltaBytes                        = 2097152                                   {product} {ergonomic}
   size_t MinHeapSize                              = 8388608                                   {product} {ergonomic}
    uintx NonNMethodCodeHeapSize                   = 5839372                                {pd product} {ergonomic}
    uintx NonProfiledCodeHeapSize                  = 122909434                              {pd product} {ergonomic}
    uintx ProfiledCodeHeapSize                     = 122909434                              {pd product} {ergonomic}
    uintx ReservedCodeCacheSize                    = 251658240                              {pd product} {ergonomic}
     bool SegmentedCodeCache                       = true                                      {product} {ergonomic}
   size_t SoftMaxHeapSize                          = 4294967296                             {manageable} {ergonomic}
     bool UseCompressedClassPointers               = true                           {product lp64_product} {ergonomic}
     bool UseCompressedOops                        = true                           {product lp64_product} {ergonomic}
     bool UseG1GC                                  = true                                      {product} {ergonomic}
     bool UseNUMA                                  = false                                     {product} {ergonomic}
     bool UseNUMAInterleaving                      = false                                     {product} {ergonomic}

Logging:
Log output configuration:
 #0: stdout all=warning uptime,level,tags
 #1: stderr all=off uptime,level,tags

Environment Variables:
PATH=/opt/homebrew/sbin:/opt/homebrew/bin:/usr/local/bin:/usr/bin:/bin:/usr/sbin:/sbin:/Library/Apple/usr/bin:/usr/local/share/dotnet:~/.dotnet/tools:/Library/Frameworks/Mono.framework/Versions/Current/Commands:/Users/paulschlosser/.local/bin
SHELL=/opt/homebrew/bin/fish
LC_CTYPE=en_US.UTF-8

Signal Handlers:
SIGSEGV: [libjvm.dylib+0xa7da90], sa_mask[0]=11100110100111111111111111111111, sa_flags=SA_ONSTACK|SA_RESTART|SA_SIGINFO
SIGBUS: [libjvm.dylib+0xa7da90], sa_mask[0]=11100110100111111111111111111111, sa_flags=SA_RESTART|SA_SIGINFO
SIGFPE: [libjvm.dylib+0xa7da90], sa_mask[0]=11100110100111111111111111111111, sa_flags=SA_RESTART|SA_SIGINFO
SIGPIPE: [libjvm.dylib+0x947540], sa_mask[0]=11100110100111111111111111111111, sa_flags=SA_RESTART|SA_SIGINFO
SIGXFSZ: [libjvm.dylib+0x947540], sa_mask[0]=11100110100111111111111111111111, sa_flags=SA_RESTART|SA_SIGINFO
SIGILL: [libjvm.dylib+0xa7da90], sa_mask[0]=11100110100111111111111111111111, sa_flags=SA_RESTART|SA_SIGINFO
SIGUSR2: [libjvm.dylib+0x947ff0], sa_mask[0]=00100000000000000000000000000000, sa_flags=SA_RESTART|SA_SIGINFO
SIGHUP: [libjvm.dylib+0x9465b0], sa_mask[0]=11100110100111111111111111111111, sa_flags=SA_RESTART|SA_SIGINFO
SIGINT: [libjvm.dylib+0x9465b0], sa_mask[0]=11100110100111111111111111111111, sa_flags=SA_RESTART|SA_SIGINFO
SIGTERM: [libjvm.dylib+0x9465b0], sa_mask[0]=11100110100111111111111111111111, sa_flags=SA_RESTART|SA_SIGINFO
SIGQUIT: [libjvm.dylib+0x9465b0], sa_mask[0]=11100110100111111111111111111111, sa_flags=SA_RESTART|SA_SIGINFO
SIGTRAP: [libjvm.dylib+0xa7da90], sa_mask[0]=11100110100111111111111111111111, sa_flags=SA_RESTART|SA_SIGINFO


---------------  S Y S T E M  ---------------

OS:uname: Darwin 20.5.0 Darwin Kernel Version 20.5.0: Sat May  8 05:10:31 PDT 2021; root:xnu-7195.121.3~9/RELEASE_ARM64_T8101 x86_64
OS uptime: 41 days 17:41 hours
rlimit (soft/hard): STACK 8176k/65520k , CORE 0k/infinity , NPROC 2666/4000 , NOFILE 10240/infinity , AS infinity/infinity , CPU infinity/infinity , DATA infinity/infinity , FSIZE infinity/infinity , MEMLOCK infinity/infinity , RSS infinity/infinity
load average: 31.58 25.21 13.42

CPU: total 8 (initial active 8) (1 cores per cpu, 1 threads per core) family 6 model 44 stepping 0 microcode 0x0, cx8, cmov, fxsr, mmx, sse, sse2, sse3, ssse3, sse4.1, sse4.2, popcnt, tsc, tscinvbit, aes, clmul, clflush

Memory: 4k page, physical 16777216k(38872k free), swap 10485760k(1270016k free)

vm_info: OpenJDK 64-Bit Server VM (16.0.1+9-24) for bsd-amd64 JRE (16.0.1+9-24), built on Mar 26 2021 18:17:32 by "mach5one" with clang 4.2.1 Compatible Apple LLVM 11.0.0 (clang-1100.0.33.17)

END.
